#
# There is insufficient memory for the Java Runtime Environment to continue.
# Native memory allocation (malloc) failed to allocate 32744 bytes for ChunkPool::allocate
# Possible reasons:
#   The system is out of physical RAM or swap space
#   The process is running with CompressedOops enabled, and the Java Heap may be blocking the growth of the native heap
# Possible solutions:
#   Reduce memory load on the system
#   Increase physical memory or swap space
#   Check if swap backing store is full
#   Decrease Java heap size (-Xmx/-Xms)
#   Decrease number of Java threads
#   Decrease Java thread stack sizes (-Xss)
#   Set larger code cache with -XX:ReservedCodeCacheSize=
#   JVM is running with Unscaled Compressed Oops mode in which the Java heap is
#     placed in the first 4GB address space. The Java Heap base address is the
#     maximum limit for the native heap growth. Please use -XX:HeapBaseMinAddress
#     to set the Java Heap base and to place the Java Heap above 4GB virtual address.
# This output file may be truncated or incomplete.
#
#  Out of Memory Error (t:/workspace/open/src/hotspot/share/memory/arena.cpp:81), pid=8948, tid=10664
#
# JRE version: Java(TM) SE Runtime Environment (11.0.2+9) (build 11.0.2+9-LTS)
# Java VM: Java HotSpot(TM) 64-Bit Server VM (11.0.2+9-LTS, mixed mode, tiered, compressed oops, g1 gc, windows-amd64)
# No core dump will be written. Minidumps are not enabled by default on client versions of Windows
#

---------------  S U M M A R Y ------------

Command Line: -XX:MaxMetaspaceSize=512m --add-opens=java.base/java.util=ALL-UNNAMED --add-opens=java.base/java.lang=ALL-UNNAMED --add-opens=java.base/java.lang.invoke=ALL-UNNAMED --add-opens=java.base/java.util=ALL-UNNAMED --add-opens=java.prefs/java.util.prefs=ALL-UNNAMED --add-opens=java.prefs/java.util.prefs=ALL-UNNAMED --add-opens=java.base/java.nio.charset=ALL-UNNAMED --add-opens=java.base/java.net=ALL-UNNAMED --add-opens=java.base/java.util.concurrent.atomic=ALL-UNNAMED -Xmx2048m -Dfile.encoding=windows-1252 -Duser.country=IN -Duser.language=en -Duser.variant org.gradle.launcher.daemon.bootstrap.GradleDaemon 7.5.1

Host: Intel(R) Core(TM) i5-3330 CPU @ 3.00GHz, 4 cores, 7G,  Windows 10 , 64 bit Build 19041 (10.0.19041.2546)
Time: Wed Apr 12 23:53:28 2023 India Standard Time elapsed time: 41 seconds (0d 0h 0m 41s)

---------------  T H R E A D  ---------------

Current thread (0x000002ea47ff0800):  JavaThread "C2 CompilerThread0" daemon [_thread_in_native, id=10664, stack(0x000000f208000000,0x000000f208100000)]


Current CompileTask:
C2:  41807 9219   !   4       com.sun.beans.TypeResolver::resolve (261 bytes)

Stack: [0x000000f208000000,0x000000f208100000]
Native frames: (J=compiled Java code, j=interpreted, Vv=VM code, C=native code)
V  [jvm.dll+0x63574a]
V  [jvm.dll+0x77326f]
V  [jvm.dll+0x77491a]
V  [jvm.dll+0x774fd3]
V  [jvm.dll+0x25e418]
V  [jvm.dll+0xc237b]
V  [jvm.dll+0xc26dc]
V  [jvm.dll+0x37274d]
V  [jvm.dll+0x36d7ef]
V  [jvm.dll+0x33a8b3]
V  [jvm.dll+0x339c8a]
V  [jvm.dll+0x218245]
V  [jvm.dll+0x2173ea]
V  [jvm.dll+0x194200]
V  [jvm.dll+0x2263af]
V  [jvm.dll+0x2249b8]
V  [jvm.dll+0x738a9d]
V  [jvm.dll+0x6347f2]
C  [ucrtbase.dll+0x21bb2]
C  [KERNEL32.DLL+0x17614]
C  [ntdll.dll+0x526a1]


---------------  P R O C E S S  ---------------

Threads class SMR info:
_java_thread_list=0x000002ea517172e0, length=88, elements={
0x000002ea29290000, 0x000002ea47681000, 0x000002ea4768c800, 0x000002ea476e2000,
0x000002ea476e3000, 0x000002ea47ff0800, 0x000002ea47ff6000, 0x000002ea47ff7000,
0x000002ea48154000, 0x000002ea48156000, 0x000002ea48c82800, 0x000002ea4a250800,
0x000002ea49bb5800, 0x000002ea49160800, 0x000002ea49e3c800, 0x000002ea49e3d000,
0x000002ea49abf800, 0x000002ea48c99800, 0x000002ea48c9a800, 0x000002ea48c26800,
0x000002ea48b55800, 0x000002ea48b51800, 0x000002ea48b58000, 0x000002ea48b56000,
0x000002ea48b54800, 0x000002ea48b57000, 0x000002ea48b52000, 0x000002ea48b53000,
0x000002ea48b53800, 0x000002ea4a359000, 0x000002ea4a357000, 0x000002ea4a358800,
0x000002ea4a35c800, 0x000002ea4a35b000, 0x000002ea4a35f000, 0x000002ea4a35a000,
0x000002ea4a361800, 0x000002ea4a35b800, 0x000002ea4a35f800, 0x000002ea4a360800,
0x000002ea4a35e000, 0x000002ea4a363000, 0x000002ea4a362000, 0x000002ea4a35d800,
0x000002ea4a364000, 0x000002ea4a364800, 0x000002ea4a365800, 0x000002ea4dfd3000,
0x000002ea4dfd4000, 0x000002ea4dfce000, 0x000002ea4dfcf000, 0x000002ea4dfcf800,
0x000002ea4dfd4800, 0x000002ea4dfd1800, 0x000002ea4dfd0800, 0x000002ea4dfd5800,
0x000002ea4dfd6000, 0x000002ea4dfd7000, 0x000002ea4dfd8000, 0x000002ea4dfd2000,
0x000002ea4dfd8800, 0x000002ea4dfdd000, 0x000002ea4dfd9800, 0x000002ea4dfda800,
0x000002ea4dfdb000, 0x000002ea4dfdc000, 0x000002ea4a05f000, 0x000002ea4a061000,
0x000002ea4a05d800, 0x000002ea4a060000, 0x000002ea4a061800, 0x000002ea4a062800,
0x000002ea4a063000, 0x000002ea4a05e800, 0x000002ea4a067800, 0x000002ea4a06a000,
0x000002ea4a065800, 0x000002ea4a066800, 0x000002ea4a064000, 0x000002ea4a068000,
0x000002ea4a069000, 0x000002ea4a06a800, 0x000002ea4a065000, 0x000002ea4a06b800,
0x000002ea4a06c000, 0x000002ea4c488800, 0x000002ea4c489800, 0x000002ea4f119000
}

Java Threads: ( => current thread )
  0x000002ea29290000 JavaThread "main" [_thread_blocked, id=7472, stack(0x000000f207500000,0x000000f207600000)]
  0x000002ea47681000 JavaThread "Reference Handler" daemon [_thread_blocked, id=6520, stack(0x000000f207c00000,0x000000f207d00000)]
  0x000002ea4768c800 JavaThread "Finalizer" daemon [_thread_blocked, id=12848, stack(0x000000f207d00000,0x000000f207e00000)]
  0x000002ea476e2000 JavaThread "Signal Dispatcher" daemon [_thread_blocked, id=4628, stack(0x000000f207e00000,0x000000f207f00000)]
  0x000002ea476e3000 JavaThread "Attach Listener" daemon [_thread_blocked, id=6768, stack(0x000000f207f00000,0x000000f208000000)]
=>0x000002ea47ff0800 JavaThread "C2 CompilerThread0" daemon [_thread_in_native, id=10664, stack(0x000000f208000000,0x000000f208100000)]
  0x000002ea47ff6000 JavaThread "C1 CompilerThread0" daemon [_thread_in_native, id=11604, stack(0x000000f208100000,0x000000f208200000)]
  0x000002ea47ff7000 JavaThread "Sweeper thread" daemon [_thread_blocked, id=11036, stack(0x000000f208200000,0x000000f208300000)]
  0x000002ea48154000 JavaThread "Common-Cleaner" daemon [_thread_blocked, id=1472, stack(0x000000f208300000,0x000000f208400000)]
  0x000002ea48156000 JavaThread "Service Thread" daemon [_thread_blocked, id=4360, stack(0x000000f208400000,0x000000f208500000)]
  0x000002ea48c82800 JavaThread "Daemon health stats" [_thread_blocked, id=8284, stack(0x000000f208900000,0x000000f208a00000)]
  0x000002ea4a250800 JavaThread "Incoming local TCP Connector on port 57831" [_thread_in_native, id=6268, stack(0x000000f208800000,0x000000f208900000)]
  0x000002ea49bb5800 JavaThread "Daemon periodic checks" [_thread_blocked, id=2344, stack(0x000000f208a00000,0x000000f208b00000)]
  0x000002ea49160800 JavaThread "Daemon" [_thread_blocked, id=9032, stack(0x000000f208b00000,0x000000f208c00000)]
  0x000002ea49e3c800 JavaThread "Handler for socket connection from /127.0.0.1:57831 to /127.0.0.1:57832" [_thread_in_native, id=9900, stack(0x000000f208c00000,0x000000f208d00000)]
  0x000002ea49e3d000 JavaThread "Cancel handler" [_thread_blocked, id=1124, stack(0x000000f208d00000,0x000000f208e00000)]
  0x000002ea49abf800 JavaThread "Daemon worker" [_thread_in_vm, id=11736, stack(0x000000f208e00000,0x000000f208f00000)]
  0x000002ea48c99800 JavaThread "Asynchronous log dispatcher for DefaultDaemonConnection: socket connection from /127.0.0.1:57831 to /127.0.0.1:57832" [_thread_blocked, id=4824, stack(0x000000f208f00000,0x000000f209000000)]
  0x000002ea48c9a800 JavaThread "Stdin handler" [_thread_blocked, id=3432, stack(0x000000f209000000,0x000000f209100000)]
  0x000002ea48c26800 JavaThread "Daemon client event forwarder" [_thread_blocked, id=5400, stack(0x000000f209100000,0x000000f209200000)]
  0x000002ea48b55800 JavaThread "Cache worker for journal cache (C:\Users\Desktop\.gradle\caches\journal-1)" [_thread_blocked, id=9392, stack(0x000000f209200000,0x000000f209300000)]
  0x000002ea48b51800 JavaThread "File lock request listener" [_thread_in_native, id=776, stack(0x000000f209300000,0x000000f209400000)]
  0x000002ea48b58000 JavaThread "Cache worker for file hash cache (C:\Users\Desktop\.gradle\caches\7.5.1\fileHashes)" [_thread_blocked, id=3884, stack(0x000000f209500000,0x000000f209600000)]
  0x000002ea48b56000 JavaThread "File watcher server" daemon [_thread_in_native, id=288, stack(0x000000f209700000,0x000000f209800000)]
  0x000002ea48b54800 JavaThread "File watcher consumer" daemon [_thread_blocked, id=8484, stack(0x000000f209800000,0x000000f209900000)]
  0x000002ea48b57000 JavaThread "Cache worker for checksums cache (H:\React Native\EcommerceApp\ecomApp\android\.gradle\7.5.1\checksums)" [_thread_blocked, id=7592, stack(0x000000f209600000,0x000000f209700000)]
  0x000002ea48b52000 JavaThread "Cache worker for cache directory md-rule (C:\Users\Desktop\.gradle\caches\7.5.1\md-rule)" [_thread_blocked, id=11632, stack(0x000000f209900000,0x000000f209a00000)]
  0x000002ea48b53000 JavaThread "Cache worker for file content cache (C:\Users\Desktop\.gradle\caches\7.5.1\fileContent)" [_thread_blocked, id=564, stack(0x000000f209a00000,0x000000f209b00000)]
  0x000002ea48b53800 JavaThread "Cache worker for file hash cache (H:\React Native\EcommerceApp\ecomApp\android\.gradle\7.5.1\fileHashes)" [_thread_blocked, id=11032, stack(0x000000f209c00000,0x000000f209d00000)]
  0x000002ea4a359000 JavaThread "Cache worker for cache directory md-supplier (C:\Users\Desktop\.gradle\caches\7.5.1\md-supplier)" [_thread_blocked, id=1220, stack(0x000000f209d00000,0x000000f209e00000)]
  0x000002ea4a357000 JavaThread "File lock release action executor" [_thread_blocked, id=3664, stack(0x000000f209e00000,0x000000f209f00000)]
  0x000002ea4a358800 JavaThread "Cache worker for execution history cache (C:\Users\Desktop\.gradle\caches\7.5.1\executionHistory)" [_thread_blocked, id=1480, stack(0x000000f209b00000,0x000000f209c00000)]
  0x000002ea4a35c800 JavaThread "jar transforms" [_thread_blocked, id=3492, stack(0x000000f20a000000,0x000000f20a100000)]
  0x000002ea4a35b000 JavaThread "jar transforms Thread 2" [_thread_blocked, id=11500, stack(0x000000f20a100000,0x000000f20a200000)]
  0x000002ea4a35f000 JavaThread "jar transforms Thread 3" [_thread_blocked, id=12992, stack(0x000000f209f00000,0x000000f20a000000)]
  0x000002ea4a35a000 JavaThread "jar transforms Thread 4" [_thread_blocked, id=4872, stack(0x000000f20a200000,0x000000f20a300000)]
  0x000002ea4a361800 JavaThread "Cache worker for kotlin-dsl (C:\Users\Desktop\.gradle\caches\7.5.1\kotlin-dsl)" [_thread_blocked, id=11848, stack(0x000000f20a400000,0x000000f20a500000)]
  0x000002ea4a35b800 JavaThread "Cache worker for dependencies-accessors (H:\React Native\EcommerceApp\ecomApp\android\.gradle\7.5.1\dependencies-accessors)" [_thread_blocked, id=11972, stack(0x000000f20a500000,0x000000f20a600000)]
  0x000002ea4a35f800 JavaThread "Cache worker for Build Output Cleanup Cache (H:\React Native\EcommerceApp\ecomApp\node_modules\react-native-gradle-plugin\.gradle\buildOutputCleanup)" [_thread_blocked, id=256, stack(0x000000f20a300000,0x000000f20a400000)]
  0x000002ea4a360800 JavaThread "Unconstrained build operations" [_thread_blocked, id=12384, stack(0x000000f20a700000,0x000000f20a800000)]
  0x000002ea4a35e000 JavaThread "Unconstrained build operations Thread 2" [_thread_blocked, id=2076, stack(0x000000f20a800000,0x000000f20a900000)]
  0x000002ea4a363000 JavaThread "Unconstrained build operations Thread 3" [_thread_blocked, id=5964, stack(0x000000f20a900000,0x000000f20aa00000)]
  0x000002ea4a362000 JavaThread "Unconstrained build operations Thread 4" [_thread_blocked, id=1736, stack(0x000000f20aa00000,0x000000f20ab00000)]
  0x000002ea4a35d800 JavaThread "Unconstrained build operations Thread 5" [_thread_blocked, id=2656, stack(0x000000f20ab00000,0x000000f20ac00000)]
  0x000002ea4a364000 JavaThread "Unconstrained build operations Thread 6" [_thread_blocked, id=13188, stack(0x000000f20ac00000,0x000000f20ad00000)]
  0x000002ea4a364800 JavaThread "Unconstrained build operations Thread 7" [_thread_blocked, id=11892, stack(0x000000f20ad00000,0x000000f20ae00000)]
  0x000002ea4a365800 JavaThread "Unconstrained build operations Thread 8" [_thread_blocked, id=7396, stack(0x000000f20ae00000,0x000000f20af00000)]
  0x000002ea4dfd3000 JavaThread "Unconstrained build operations Thread 9" [_thread_blocked, id=3976, stack(0x000000f20af00000,0x000000f20b000000)]
  0x000002ea4dfd4000 JavaThread "Unconstrained build operations Thread 10" [_thread_blocked, id=10168, stack(0x000000f20b000000,0x000000f20b100000)]
  0x000002ea4dfce000 JavaThread "Unconstrained build operations Thread 11" [_thread_blocked, id=9148, stack(0x000000f20b100000,0x000000f20b200000)]
  0x000002ea4dfcf000 JavaThread "Unconstrained build operations Thread 12" [_thread_blocked, id=4468, stack(0x000000f20b200000,0x000000f20b300000)]
  0x000002ea4dfcf800 JavaThread "Unconstrained build operations Thread 13" [_thread_blocked, id=4692, stack(0x000000f20b300000,0x000000f20b400000)]
  0x000002ea4dfd4800 JavaThread "Unconstrained build operations Thread 14" [_thread_blocked, id=6356, stack(0x000000f20b400000,0x000000f20b500000)]
  0x000002ea4dfd1800 JavaThread "Unconstrained build operations Thread 15" [_thread_blocked, id=13032, stack(0x000000f20b500000,0x000000f20b600000)]
  0x000002ea4dfd0800 JavaThread "Unconstrained build operations Thread 16" [_thread_blocked, id=3936, stack(0x000000f20b600000,0x000000f20b700000)]
  0x000002ea4dfd5800 JavaThread "Unconstrained build operations Thread 17" [_thread_blocked, id=13156, stack(0x000000f20b700000,0x000000f20b800000)]
  0x000002ea4dfd6000 JavaThread "Unconstrained build operations Thread 18" [_thread_blocked, id=12424, stack(0x000000f20b800000,0x000000f20b900000)]
  0x000002ea4dfd7000 JavaThread "Unconstrained build operations Thread 19" [_thread_blocked, id=10912, stack(0x000000f20b900000,0x000000f20ba00000)]
  0x000002ea4dfd8000 JavaThread "Unconstrained build operations Thread 20" [_thread_blocked, id=6796, stack(0x000000f20ba00000,0x000000f20bb00000)]
  0x000002ea4dfd2000 JavaThread "Unconstrained build operations Thread 21" [_thread_blocked, id=2908, stack(0x000000f20bb00000,0x000000f20bc00000)]
  0x000002ea4dfd8800 JavaThread "Unconstrained build operations Thread 22" [_thread_blocked, id=5200, stack(0x000000f20bc00000,0x000000f20bd00000)]
  0x000002ea4dfdd000 JavaThread "Unconstrained build operations Thread 23" [_thread_blocked, id=13244, stack(0x000000f20bd00000,0x000000f20be00000)]
  0x000002ea4dfd9800 JavaThread "Unconstrained build operations Thread 24" [_thread_blocked, id=4180, stack(0x000000f20be00000,0x000000f20bf00000)]
  0x000002ea4dfda800 JavaThread "Unconstrained build operations Thread 25" [_thread_blocked, id=11052, stack(0x000000f20bf00000,0x000000f20c000000)]
  0x000002ea4dfdb000 JavaThread "Unconstrained build operations Thread 26" [_thread_blocked, id=8716, stack(0x000000f20c000000,0x000000f20c100000)]
  0x000002ea4dfdc000 JavaThread "Unconstrained build operations Thread 27" [_thread_blocked, id=2024, stack(0x000000f20c100000,0x000000f20c200000)]
  0x000002ea4a05f000 JavaThread "Unconstrained build operations Thread 28" [_thread_blocked, id=5532, stack(0x000000f20c200000,0x000000f20c300000)]
  0x000002ea4a061000 JavaThread "Unconstrained build operations Thread 29" [_thread_blocked, id=9080, stack(0x000000f20c300000,0x000000f20c400000)]
  0x000002ea4a05d800 JavaThread "Unconstrained build operations Thread 30" [_thread_blocked, id=12684, stack(0x000000f20c400000,0x000000f20c500000)]
  0x000002ea4a060000 JavaThread "Unconstrained build operations Thread 31" [_thread_blocked, id=8480, stack(0x000000f20c500000,0x000000f20c600000)]
  0x000002ea4a061800 JavaThread "Unconstrained build operations Thread 32" [_thread_blocked, id=12608, stack(0x000000f20c600000,0x000000f20c700000)]
  0x000002ea4a062800 JavaThread "Unconstrained build operations Thread 33" [_thread_blocked, id=1844, stack(0x000000f20c700000,0x000000f20c800000)]
  0x000002ea4a063000 JavaThread "build event listener" [_thread_blocked, id=12816, stack(0x000000f20c800000,0x000000f20c900000)]
  0x000002ea4a05e800 JavaThread "Memory manager" [_thread_blocked, id=6000, stack(0x000000f20c900000,0x000000f20ca00000)]
  0x000002ea4a067800 JavaThread "Cache worker for Build Output Cleanup Cache (H:\React Native\EcommerceApp\ecomApp\android\.gradle\buildOutputCleanup)" [_thread_blocked, id=4976, stack(0x000000f20a600000,0x000000f20a700000)]
  0x000002ea4a06a000 JavaThread "included builds" [_thread_blocked, id=6916, stack(0x000000f20cb00000,0x000000f20cc00000)]
  0x000002ea4a065800 JavaThread "Execution worker" [_thread_blocked, id=11868, stack(0x000000f20cc00000,0x000000f20cd00000)]
  0x000002ea4a066800 JavaThread "Execution worker Thread 2" [_thread_blocked, id=11488, stack(0x000000f20cd00000,0x000000f20ce00000)]
  0x000002ea4a064000 JavaThread "Execution worker Thread 3" [_thread_blocked, id=9468, stack(0x000000f20ce00000,0x000000f20cf00000)]
  0x000002ea4a068000 JavaThread "Cache worker for execution history cache (H:\React Native\EcommerceApp\ecomApp\node_modules\react-native-gradle-plugin\.gradle\7.5.1\executionHistory)" [_thread_blocked, id=4712, stack(0x000000f20cf00000,0x000000f20d000000)]
  0x000002ea4a069000 JavaThread "Unconstrained build operations Thread 34" [_thread_blocked, id=1724, stack(0x000000f20d000000,0x000000f20d100000)]
  0x000002ea4a06a800 JavaThread "Unconstrained build operations Thread 35" [_thread_blocked, id=10720, stack(0x000000f20d100000,0x000000f20d200000)]
  0x000002ea4a065000 JavaThread "Unconstrained build operations Thread 36" [_thread_blocked, id=3216, stack(0x000000f20d200000,0x000000f20d300000)]
  0x000002ea4a06b800 JavaThread "Unconstrained build operations Thread 37" [_thread_blocked, id=4492, stack(0x000000f20d300000,0x000000f20d400000)]
  0x000002ea4a06c000 JavaThread "Unconstrained build operations Thread 38" [_thread_blocked, id=6548, stack(0x000000f20ca00000,0x000000f20cb00000)]
  0x000002ea4c488800 JavaThread "Unconstrained build operations Thread 39" [_thread_blocked, id=12028, stack(0x000000f20d400000,0x000000f20d500000)]
  0x000002ea4c489800 JavaThread "Unconstrained build operations Thread 40" [_thread_blocked, id=9716, stack(0x000000f20d500000,0x000000f20d600000)]
  0x000002ea4f119000 JavaThread "C2 CompilerThread1" daemon [_thread_in_native, id=3708, stack(0x000000f20d800000,0x000000f20d900000)]

Other Threads:
  0x000002ea4767c000 VMThread "VM Thread" [stack: 0x000000f207b00000,0x000000f207c00000] [id=8952]
  0x000002ea48193000 WatcherThread [stack: 0x000000f208500000,0x000000f208600000] [id=4488]
  0x000002ea292a5000 GCTaskThread "GC Thread#0" [stack: 0x000000f207600000,0x000000f207700000] [id=11644]
  0x000002ea48433000 GCTaskThread "GC Thread#1" [stack: 0x000000f208600000,0x000000f208700000] [id=4604]
  0x000002ea48478000 GCTaskThread "GC Thread#2" [stack: 0x000000f208700000,0x000000f208800000] [id=10380]
  0x000002ea48353800 GCTaskThread "GC Thread#3" [stack: 0x000000f209400000,0x000000f209500000] [id=12592]
  0x000002ea292d7800 ConcurrentGCThread "G1 Main Marker" [stack: 0x000000f207700000,0x000000f207800000] [id=5748]
  0x000002ea292d8800 ConcurrentGCThread "G1 Conc#0" [stack: 0x000000f207800000,0x000000f207900000] [id=8600]
  0x000002ea29365800 ConcurrentGCThread "G1 Refine#0" [stack: 0x000000f207900000,0x000000f207a00000] [id=3688]
  0x000002ea29366800 ConcurrentGCThread "G1 Young RemSet Sampling" [stack: 0x000000f207a00000,0x000000f207b00000] [id=12888]

Threads with active compile tasks:
C2 CompilerThread09219   !   4       com.sun.beans.TypeResolver::resolve (261 bytes)
C2 CompilerThread19215       4       java.beans.Introspector::addMethod (196 bytes)

VM state:not at safepoint (normal execution)

VM Mutex/Monitor currently owned by a thread: None

Heap address: 0x0000000080000000, size: 2048 MB, Compressed Oops mode: 32-bit
Narrow klass base: 0x0000000000000000, Narrow klass shift: 3
Compressed class space size: 528482304 Address: 0x0000000100000000

Heap:
 garbage-first heap   total 129024K, used 96847K [0x0000000080000000, 0x0000000100000000)
  region size 1024K, 30 young (30720K), 3 survivors (3072K)
 Metaspace       used 84751K, capacity 86911K, committed 87204K, reserved 591872K
  class space    used 11021K, capacity 11913K, committed 12032K, reserved 516096K
Heap Regions: E=young(eden), S=young(survivor), O=old, HS=humongous(starts), HC=humongous(continues), CS=collection set, F=free, A=archive, TAMS=top-at-mark-start (previous, next)
|   0|0x0000000080000000, 0x0000000080100000, 0x0000000080100000|100%|HS|  |TAMS 0x0000000080100000, 0x0000000080000000| Complete 
|   1|0x0000000080100000, 0x0000000080200000, 0x0000000080200000|100%|HC|  |TAMS 0x0000000080200000, 0x0000000080100000| Complete 
|   2|0x0000000080200000, 0x0000000080300000, 0x0000000080300000|100%|HC|  |TAMS 0x0000000080300000, 0x0000000080200000| Complete 
|   3|0x0000000080300000, 0x0000000080400000, 0x0000000080400000|100%| O|  |TAMS 0x0000000080400000, 0x0000000080300000| Untracked 
|   4|0x0000000080400000, 0x0000000080500000, 0x0000000080500000|100%| O|  |TAMS 0x0000000080500000, 0x0000000080400000| Untracked 
|   5|0x0000000080500000, 0x0000000080600000, 0x0000000080600000|100%| O|  |TAMS 0x0000000080600000, 0x0000000080500000| Untracked 
|   6|0x0000000080600000, 0x0000000080700000, 0x0000000080700000|100%| O|  |TAMS 0x0000000080700000, 0x0000000080600000| Untracked 
|   7|0x0000000080700000, 0x0000000080800000, 0x0000000080800000|100%| O|  |TAMS 0x0000000080800000, 0x0000000080700000| Untracked 
|   8|0x0000000080800000, 0x0000000080900000, 0x0000000080900000|100%| O|  |TAMS 0x0000000080900000, 0x0000000080800000| Untracked 
|   9|0x0000000080900000, 0x0000000080a00000, 0x0000000080a00000|100%| O|  |TAMS 0x0000000080a00000, 0x0000000080900000| Untracked 
|  10|0x0000000080a00000, 0x0000000080b00000, 0x0000000080b00000|100%| O|  |TAMS 0x0000000080b00000, 0x0000000080a00000| Untracked 
|  11|0x0000000080b00000, 0x0000000080c00000, 0x0000000080c00000|100%| O|  |TAMS 0x0000000080c00000, 0x0000000080b00000| Untracked 
|  12|0x0000000080c00000, 0x0000000080d00000, 0x0000000080d00000|100%| O|  |TAMS 0x0000000080d00000, 0x0000000080c00000| Untracked 
|  13|0x0000000080d00000, 0x0000000080e00000, 0x0000000080e00000|100%| O|  |TAMS 0x0000000080e00000, 0x0000000080d00000| Untracked 
|  14|0x0000000080e00000, 0x0000000080f00000, 0x0000000080f00000|100%| O|  |TAMS 0x0000000080f00000, 0x0000000080e00000| Untracked 
|  15|0x0000000080f00000, 0x0000000081000000, 0x0000000081000000|100%| O|  |TAMS 0x0000000081000000, 0x0000000080f00000| Untracked 
|  16|0x0000000081000000, 0x0000000081100000, 0x0000000081100000|100%| O|  |TAMS 0x0000000081100000, 0x0000000081000000| Untracked 
|  17|0x0000000081100000, 0x0000000081200000, 0x0000000081200000|100%|HS|  |TAMS 0x0000000081200000, 0x0000000081100000| Complete 
|  18|0x0000000081200000, 0x0000000081300000, 0x0000000081300000|100%| O|  |TAMS 0x0000000081300000, 0x0000000081200000| Untracked 
|  19|0x0000000081300000, 0x0000000081400000, 0x0000000081400000|100%| O|  |TAMS 0x0000000081400000, 0x0000000081300000| Untracked 
|  20|0x0000000081400000, 0x0000000081500000, 0x0000000081500000|100%| O|  |TAMS 0x0000000081500000, 0x0000000081400000| Untracked 
|  21|0x0000000081500000, 0x0000000081600000, 0x0000000081600000|100%| O|  |TAMS 0x0000000081600000, 0x0000000081500000| Untracked 
|  22|0x0000000081600000, 0x0000000081700000, 0x0000000081700000|100%| O|  |TAMS 0x0000000081700000, 0x0000000081600000| Untracked 
|  23|0x0000000081700000, 0x0000000081800000, 0x0000000081800000|100%| O|  |TAMS 0x0000000081800000, 0x0000000081700000| Untracked 
|  24|0x0000000081800000, 0x0000000081900000, 0x0000000081900000|100%| O|  |TAMS 0x0000000081900000, 0x0000000081800000| Untracked 
|  25|0x0000000081900000, 0x0000000081a00000, 0x0000000081a00000|100%| O|  |TAMS 0x0000000081a00000, 0x0000000081900000| Untracked 
|  26|0x0000000081a00000, 0x0000000081b00000, 0x0000000081b00000|100%| O|  |TAMS 0x0000000081b00000, 0x0000000081a00000| Untracked 
|  27|0x0000000081b00000, 0x0000000081c00000, 0x0000000081c00000|100%| O|  |TAMS 0x0000000081c00000, 0x0000000081b00000| Untracked 
|  28|0x0000000081c00000, 0x0000000081d00000, 0x0000000081d00000|100%|HS|  |TAMS 0x0000000081d00000, 0x0000000081c00000| Complete 
|  29|0x0000000081d00000, 0x0000000081e00000, 0x0000000081e00000|100%|HC|  |TAMS 0x0000000081e00000, 0x0000000081d00000| Complete 
|  30|0x0000000081e00000, 0x0000000081f00000, 0x0000000081f00000|100%|HC|  |TAMS 0x0000000081f00000, 0x0000000081e00000| Complete 
|  31|0x0000000081f00000, 0x0000000082000000, 0x0000000082000000|100%| O|  |TAMS 0x0000000082000000, 0x0000000081f00000| Untracked 
|  32|0x0000000082000000, 0x0000000082100000, 0x0000000082100000|100%| O|  |TAMS 0x0000000082100000, 0x0000000082000000| Untracked 
|  33|0x0000000082100000, 0x0000000082200000, 0x0000000082200000|100%| O|  |TAMS 0x0000000082200000, 0x0000000082100000| Untracked 
|  34|0x0000000082200000, 0x0000000082300000, 0x0000000082300000|100%| O|  |TAMS 0x0000000082300000, 0x0000000082200000| Untracked 
|  35|0x0000000082300000, 0x0000000082400000, 0x0000000082400000|100%| O|  |TAMS 0x0000000082400000, 0x0000000082300000| Untracked 
|  36|0x0000000082400000, 0x0000000082500000, 0x0000000082500000|100%| O|  |TAMS 0x0000000082500000, 0x0000000082400000| Untracked 
|  37|0x0000000082500000, 0x0000000082600000, 0x0000000082600000|100%| O|  |TAMS 0x0000000082600000, 0x0000000082500000| Untracked 
|  38|0x0000000082600000, 0x0000000082700000, 0x0000000082700000|100%| O|  |TAMS 0x0000000082700000, 0x0000000082600000| Untracked 
|  39|0x0000000082700000, 0x0000000082800000, 0x0000000082800000|100%| O|  |TAMS 0x0000000082800000, 0x0000000082700000| Untracked 
|  40|0x0000000082800000, 0x0000000082900000, 0x0000000082900000|100%| O|  |TAMS 0x0000000082900000, 0x0000000082800000| Untracked 
|  41|0x0000000082900000, 0x0000000082a00000, 0x0000000082a00000|100%| O|  |TAMS 0x0000000082a00000, 0x0000000082900000| Untracked 
|  42|0x0000000082a00000, 0x0000000082b00000, 0x0000000082b00000|100%| O|  |TAMS 0x0000000082b00000, 0x0000000082a00000| Untracked 
|  43|0x0000000082b00000, 0x0000000082c00000, 0x0000000082c00000|100%|HS|  |TAMS 0x0000000082c00000, 0x0000000082b00000| Complete 
|  44|0x0000000082c00000, 0x0000000082d00000, 0x0000000082d00000|100%|HS|  |TAMS 0x0000000082d00000, 0x0000000082c00000| Complete 
|  45|0x0000000082d00000, 0x0000000082e00000, 0x0000000082e00000|100%| O|  |TAMS 0x0000000082e00000, 0x0000000082d00000| Untracked 
|  46|0x0000000082e00000, 0x0000000082f00000, 0x0000000082f00000|100%| O|  |TAMS 0x0000000082f00000, 0x0000000082e00000| Untracked 
|  47|0x0000000082f00000, 0x0000000083000000, 0x0000000083000000|100%| O|  |TAMS 0x0000000083000000, 0x0000000082f00000| Untracked 
|  48|0x0000000083000000, 0x0000000083100000, 0x0000000083100000|100%| O|  |TAMS 0x0000000083100000, 0x0000000083000000| Untracked 
|  49|0x0000000083100000, 0x0000000083200000, 0x0000000083200000|100%| O|  |TAMS 0x0000000083200000, 0x0000000083100000| Untracked 
|  50|0x0000000083200000, 0x0000000083300000, 0x0000000083300000|100%| O|  |TAMS 0x0000000083300000, 0x0000000083200000| Untracked 
|  51|0x0000000083300000, 0x0000000083400000, 0x0000000083400000|100%| O|  |TAMS 0x0000000083400000, 0x0000000083300000| Untracked 
|  52|0x0000000083400000, 0x0000000083500000, 0x0000000083500000|100%| O|  |TAMS 0x0000000083500000, 0x0000000083400000| Untracked 
|  53|0x0000000083500000, 0x0000000083600000, 0x0000000083600000|100%|HS|  |TAMS 0x0000000083600000, 0x0000000083500000| Complete 
|  54|0x0000000083600000, 0x0000000083700000, 0x0000000083700000|100%|HC|  |TAMS 0x0000000083700000, 0x0000000083600000| Complete 
|  55|0x0000000083700000, 0x0000000083800000, 0x0000000083800000|100%| O|  |TAMS 0x0000000083800000, 0x0000000083700000| Untracked 
|  56|0x0000000083800000, 0x0000000083900000, 0x0000000083900000|100%| O|  |TAMS 0x0000000083900000, 0x0000000083800000| Untracked 
|  57|0x0000000083900000, 0x0000000083a00000, 0x0000000083a00000|100%| O|  |TAMS 0x0000000083a00000, 0x0000000083900000| Untracked 
|  58|0x0000000083a00000, 0x0000000083b00000, 0x0000000083b00000|100%| O|  |TAMS 0x0000000083b00000, 0x0000000083a00000| Untracked 
|  59|0x0000000083b00000, 0x0000000083c00000, 0x0000000083c00000|100%| O|  |TAMS 0x0000000083c00000, 0x0000000083b00000| Untracked 
|  60|0x0000000083c00000, 0x0000000083d00000, 0x0000000083d00000|100%| O|  |TAMS 0x0000000083d00000, 0x0000000083c00000| Untracked 
|  61|0x0000000083d00000, 0x0000000083e00000, 0x0000000083e00000|100%| O|  |TAMS 0x0000000083e00000, 0x0000000083d00000| Untracked 
|  62|0x0000000083e00000, 0x0000000083f00000, 0x0000000083f00000|100%| O|  |TAMS 0x0000000083f00000, 0x0000000083e00000| Untracked 
|  63|0x0000000083f00000, 0x0000000084000000, 0x0000000084000000|100%|HS|  |TAMS 0x0000000083f00000, 0x0000000083f00000| Complete 
|  64|0x0000000084000000, 0x0000000084000000, 0x0000000084100000|  0%| F|  |TAMS 0x0000000084000000, 0x0000000084000000| Untracked 
|  65|0x0000000084100000, 0x0000000084100000, 0x0000000084200000|  0%| F|  |TAMS 0x0000000084100000, 0x0000000084100000| Untracked 
|  66|0x0000000084200000, 0x0000000084200000, 0x0000000084300000|  0%| F|  |TAMS 0x0000000084200000, 0x0000000084200000| Untracked 
|  67|0x0000000084300000, 0x0000000084300000, 0x0000000084400000|  0%| F|  |TAMS 0x0000000084300000, 0x0000000084300000| Untracked 
|  68|0x0000000084400000, 0x0000000084500000, 0x0000000084500000|100%| O|  |TAMS 0x0000000084500000, 0x0000000084400000| Untracked 
|  69|0x0000000084500000, 0x00000000845fb000, 0x0000000084600000| 98%| O|  |TAMS 0x00000000845fb000, 0x0000000084500000| Untracked 
|  70|0x0000000084600000, 0x0000000084600000, 0x0000000084700000|  0%| F|  |TAMS 0x0000000084600000, 0x0000000084600000| Untracked 
|  71|0x0000000084700000, 0x0000000084700000, 0x0000000084800000|  0%| F|  |TAMS 0x0000000084700000, 0x0000000084700000| Untracked 
|  72|0x0000000084800000, 0x0000000084800000, 0x0000000084900000|  0%| F|  |TAMS 0x0000000084800000, 0x0000000084800000| Untracked 
|  73|0x0000000084900000, 0x0000000084900000, 0x0000000084a00000|  0%| F|  |TAMS 0x0000000084900000, 0x0000000084900000| Untracked 
|  74|0x0000000084a00000, 0x0000000084a00000, 0x0000000084b00000|  0%| F|  |TAMS 0x0000000084a00000, 0x0000000084a00000| Untracked 
|  75|0x0000000084b00000, 0x0000000084b00000, 0x0000000084c00000|  0%| F|  |TAMS 0x0000000084b00000, 0x0000000084b00000| Untracked 
|  76|0x0000000084c00000, 0x0000000084c00000, 0x0000000084d00000|  0%| F|  |TAMS 0x0000000084c00000, 0x0000000084c00000| Untracked 
|  77|0x0000000084d00000, 0x0000000084d00000, 0x0000000084e00000|  0%| F|  |TAMS 0x0000000084d00000, 0x0000000084d00000| Untracked 
|  78|0x0000000084e00000, 0x0000000084e00000, 0x0000000084f00000|  0%| F|  |TAMS 0x0000000084e00000, 0x0000000084e00000| Untracked 
|  79|0x0000000084f00000, 0x0000000084f00000, 0x0000000085000000|  0%| F|  |TAMS 0x0000000084f00000, 0x0000000084f00000| Untracked 
|  80|0x0000000085000000, 0x0000000085000000, 0x0000000085100000|  0%| F|  |TAMS 0x0000000085000000, 0x0000000085000000| Untracked 
|  81|0x0000000085100000, 0x0000000085100000, 0x0000000085200000|  0%| F|  |TAMS 0x0000000085100000, 0x0000000085100000| Untracked 
|  82|0x0000000085200000, 0x0000000085200000, 0x0000000085300000|  0%| F|  |TAMS 0x0000000085200000, 0x0000000085200000| Untracked 
|  83|0x0000000085300000, 0x0000000085300000, 0x0000000085400000|  0%| F|  |TAMS 0x0000000085300000, 0x0000000085300000| Untracked 
|  84|0x0000000085400000, 0x0000000085400000, 0x0000000085500000|  0%| F|  |TAMS 0x0000000085400000, 0x0000000085400000| Untracked 
|  85|0x0000000085500000, 0x0000000085500000, 0x0000000085600000|  0%| F|  |TAMS 0x0000000085500000, 0x0000000085500000| Untracked 
|  86|0x0000000085600000, 0x0000000085600000, 0x0000000085700000|  0%| F|  |TAMS 0x0000000085600000, 0x0000000085600000| Untracked 
|  87|0x0000000085700000, 0x0000000085700000, 0x0000000085800000|  0%| F|  |TAMS 0x0000000085700000, 0x0000000085700000| Untracked 
|  88|0x0000000085800000, 0x0000000085800000, 0x0000000085900000|  0%| F|  |TAMS 0x0000000085800000, 0x0000000085800000| Untracked 
|  89|0x0000000085900000, 0x0000000085900000, 0x0000000085a00000|  0%| F|  |TAMS 0x0000000085900000, 0x0000000085900000| Untracked 
|  90|0x0000000085a00000, 0x0000000085a00000, 0x0000000085b00000|  0%| F|  |TAMS 0x0000000085a00000, 0x0000000085a00000| Untracked 
|  91|0x0000000085b00000, 0x0000000085b00000, 0x0000000085c00000|  0%| F|  |TAMS 0x0000000085b00000, 0x0000000085b00000| Untracked 
|  92|0x0000000085c00000, 0x0000000085c00000, 0x0000000085d00000|  0%| F|  |TAMS 0x0000000085c00000, 0x0000000085c00000| Untracked 
|  93|0x0000000085d00000, 0x0000000085d00000, 0x0000000085e00000|  0%| F|  |TAMS 0x0000000085d00000, 0x0000000085d00000| Untracked 
|  94|0x0000000085e00000, 0x0000000085e00000, 0x0000000085f00000|  0%| F|  |TAMS 0x0000000085e00000, 0x0000000085e00000| Untracked 
|  95|0x0000000085f00000, 0x0000000085f00000, 0x0000000086000000|  0%| F|  |TAMS 0x0000000085f00000, 0x0000000085f00000| Untracked 
|  96|0x0000000086000000, 0x00000000860f22e8, 0x0000000086100000| 94%| E|  |TAMS 0x0000000086000000, 0x0000000086000000| Complete 
|  97|0x0000000086100000, 0x0000000086200000, 0x0000000086200000|100%| E|CS|TAMS 0x0000000086100000, 0x0000000086100000| Complete 
|  98|0x0000000086200000, 0x0000000086300000, 0x0000000086300000|100%| E|CS|TAMS 0x0000000086200000, 0x0000000086200000| Complete 
|  99|0x0000000086300000, 0x0000000086400000, 0x0000000086400000|100%| E|CS|TAMS 0x0000000086300000, 0x0000000086300000| Complete 
| 100|0x0000000086400000, 0x0000000086500000, 0x0000000086500000|100%| E|CS|TAMS 0x0000000086400000, 0x0000000086400000| Complete 
| 101|0x0000000086500000, 0x0000000086600000, 0x0000000086600000|100%| E|CS|TAMS 0x0000000086500000, 0x0000000086500000| Complete 
| 102|0x0000000086600000, 0x0000000086700000, 0x0000000086700000|100%| E|CS|TAMS 0x0000000086600000, 0x0000000086600000| Complete 
| 103|0x0000000086700000, 0x0000000086800000, 0x0000000086800000|100%| E|CS|TAMS 0x0000000086700000, 0x0000000086700000| Complete 
| 104|0x0000000086800000, 0x0000000086900000, 0x0000000086900000|100%| E|CS|TAMS 0x0000000086800000, 0x0000000086800000| Complete 
| 105|0x0000000086900000, 0x0000000086a00000, 0x0000000086a00000|100%| E|CS|TAMS 0x0000000086900000, 0x0000000086900000| Complete 
| 106|0x0000000086a00000, 0x0000000086b00000, 0x0000000086b00000|100%| E|CS|TAMS 0x0000000086a00000, 0x0000000086a00000| Complete 
| 107|0x0000000086b00000, 0x0000000086c00000, 0x0000000086c00000|100%| E|CS|TAMS 0x0000000086b00000, 0x0000000086b00000| Complete 
| 108|0x0000000086c00000, 0x0000000086d00000, 0x0000000086d00000|100%| E|CS|TAMS 0x0000000086c00000, 0x0000000086c00000| Complete 
| 109|0x0000000086d00000, 0x0000000086e00000, 0x0000000086e00000|100%| E|CS|TAMS 0x0000000086d00000, 0x0000000086d00000| Complete 
| 110|0x0000000086e00000, 0x0000000086e98d00, 0x0000000086f00000| 59%| S|CS|TAMS 0x0000000086e00000, 0x0000000086e00000| Complete 
| 111|0x0000000086f00000, 0x0000000087000000, 0x0000000087000000|100%| S|CS|TAMS 0x0000000086f00000, 0x0000000086f00000| Complete 
| 112|0x0000000087000000, 0x0000000087100000, 0x0000000087100000|100%| S|CS|TAMS 0x0000000087000000, 0x0000000087000000| Complete 
| 113|0x0000000087100000, 0x0000000087200000, 0x0000000087200000|100%| E|CS|TAMS 0x0000000087100000, 0x0000000087100000| Complete 
| 114|0x0000000087200000, 0x0000000087300000, 0x0000000087300000|100%| E|CS|TAMS 0x0000000087200000, 0x0000000087200000| Complete 
| 115|0x0000000087300000, 0x0000000087400000, 0x0000000087400000|100%| E|CS|TAMS 0x0000000087300000, 0x0000000087300000| Complete 
| 116|0x0000000087400000, 0x0000000087500000, 0x0000000087500000|100%| E|CS|TAMS 0x0000000087400000, 0x0000000087400000| Complete 
| 117|0x0000000087500000, 0x0000000087600000, 0x0000000087600000|100%| E|CS|TAMS 0x0000000087500000, 0x0000000087500000| Complete 
| 118|0x0000000087600000, 0x0000000087700000, 0x0000000087700000|100%| E|  |TAMS 0x0000000087600000, 0x0000000087600000| Untracked 
| 119|0x0000000087700000, 0x0000000087700000, 0x0000000087800000|  0%| F|  |TAMS 0x0000000087700000, 0x0000000087700000| Untracked 
| 120|0x0000000087800000, 0x0000000087800000, 0x0000000087900000|  0%| F|  |TAMS 0x0000000087800000, 0x0000000087800000| Untracked 
| 121|0x0000000087900000, 0x0000000087900000, 0x0000000087a00000|  0%| F|  |TAMS 0x0000000087900000, 0x0000000087900000| Untracked 
| 122|0x0000000087a00000, 0x0000000087a00000, 0x0000000087b00000|  0%| F|  |TAMS 0x0000000087a00000, 0x0000000087a00000| Untracked 
| 123|0x0000000087b00000, 0x0000000087b00000, 0x0000000087c00000|  0%| F|  |TAMS 0x0000000087b00000, 0x0000000087b00000| Untracked 
| 124|0x0000000087c00000, 0x0000000087c00000, 0x0000000087d00000|  0%| F|  |TAMS 0x0000000087c00000, 0x0000000087c00000| Untracked 
| 125|0x0000000087d00000, 0x0000000087d80130, 0x0000000087e00000| 50%| E|  |TAMS 0x0000000087d00000, 0x0000000087d00000| Complete 

Card table byte_map: [0x000002ea409c0000,0x000002ea40dc0000] _byte_map_base: 0x000002ea405c0000

Marking Bits (Prev, Next): (CMBitMap*) 0x000002ea292ceb48, (CMBitMap*) 0x000002ea292ceb80
 Prev Bits: [0x000002ea411c0000, 0x000002ea431c0000)
 Next Bits: [0x000002ea431c0000, 0x000002ea451c0000)

Polling page: 0x000002ea27130000

Metaspace:

Usage:
  Non-class:     73.31 MB capacity,    72.03 MB ( 98%) used,     1.05 MB (  1%) free+waste,   246.31 KB ( <1%) overhead. 
      Class:     11.64 MB capacity,    10.77 MB ( 93%) used,   776.85 KB (  7%) free+waste,   115.94 KB ( <1%) overhead. 
       Both:     84.96 MB capacity,    82.80 MB ( 97%) used,     1.81 MB (  2%) free+waste,   362.25 KB ( <1%) overhead. 

Virtual space:
  Non-class space:       74.00 MB reserved,      73.41 MB (>99%) committed 
      Class space:      504.00 MB reserved,      11.75 MB (  2%) committed 
             Both:      578.00 MB reserved,      85.16 MB ( 15%) committed 

Chunk freelists:
   Non-Class:  4.25 KB
       Class:  1.88 KB
        Both:  6.13 KB

CodeHeap 'non-profiled nmethods': size=120064Kb used=5732Kb max_used=5732Kb free=114331Kb
 bounds [0x000002ea39080000, 0x000002ea39620000, 0x000002ea405c0000]
CodeHeap 'profiled nmethods': size=120000Kb used=20341Kb max_used=20341Kb free=99658Kb
 bounds [0x000002ea31b50000, 0x000002ea32f40000, 0x000002ea39080000]
CodeHeap 'non-nmethods': size=5696Kb used=2297Kb max_used=2351Kb free=3398Kb
 bounds [0x000002ea315c0000, 0x000002ea31830000, 0x000002ea31b50000]
 total_blobs=12323 nmethods=8957 adapters=814
 compilation: enabled
              stopped_count=0, restarted_count=0
 full_count=0

Compilation events (10 events):
Event: 41.666 Thread 0x000002ea47ff6000 9223       3       java.util.LinkedList$ListItr::set (28 bytes)
Event: 41.666 Thread 0x000002ea47ff6000 nmethod 9223 0x000002ea32f28e90 code [0x000002ea32f29080, 0x000002ea32f294e0]
Event: 41.782 Thread 0x000002ea47ff6000 9224       3       java.lang.String::<init> (10 bytes)
Event: 41.782 Thread 0x000002ea47ff6000 nmethod 9224 0x000002ea32f29690 code [0x000002ea32f29860, 0x000002ea32f29a10]
Event: 41.782 Thread 0x000002ea47ff6000 9227       3       org.apache.groovy.util.BeanUtils::decapitalize (68 bytes)
Event: 41.784 Thread 0x000002ea47ff6000 nmethod 9227 0x000002ea32f29b10 code [0x000002ea32f29f20, 0x000002ea32f2bb10]
Event: 41.784 Thread 0x000002ea47ff6000 9225       3       java.lang.Character::isLowerCase (5 bytes)
Event: 41.784 Thread 0x000002ea47ff6000 nmethod 9225 0x000002ea32f2c490 code [0x000002ea32f2c6a0, 0x000002ea32f2cb20]
Event: 41.784 Thread 0x000002ea47ff6000 9226       3       java.lang.Character::isLowerCase (25 bytes)
Event: 41.785 Thread 0x000002ea47ff6000 nmethod 9226 0x000002ea32f2cc90 code [0x000002ea32f2ce80, 0x000002ea32f2d2a0]

GC Heap History (10 events):
Event: 39.152 GC heap before
{Heap before GC invocations=18 (full 0):
 garbage-first heap   total 129024K, used 105070K [0x0000000080000000, 0x0000000100000000)
  region size 1024K, 49 young (50176K), 7 survivors (7168K)
 Metaspace       used 79544K, capacity 81676K, committed 81828K, reserved 587776K
  class space    used 10316K, capacity 11205K, committed 11264K, reserved 516096K
}
Event: 39.157 GC heap after
{Heap after GC invocations=19 (full 0):
 garbage-first heap   total 129024K, used 64350K [0x0000000080000000, 0x0000000100000000)
  region size 1024K, 4 young (4096K), 4 survivors (4096K)
 Metaspace       used 79544K, capacity 81676K, committed 81828K, reserved 587776K
  class space    used 10316K, capacity 11205K, committed 11264K, reserved 516096K
}
Event: 39.407 GC heap before
{Heap before GC invocations=19 (full 0):
 garbage-first heap   total 129024K, used 66398K [0x0000000080000000, 0x0000000100000000)
  region size 1024K, 7 young (7168K), 4 survivors (4096K)
 Metaspace       used 80095K, capacity 82252K, committed 82468K, reserved 587776K
  class space    used 10377K, capacity 11269K, committed 11392K, reserved 516096K
}
Event: 39.410 GC heap after
{Heap after GC invocations=20 (full 0):
 garbage-first heap   total 129024K, used 65454K [0x0000000080000000, 0x0000000100000000)
  region size 1024K, 2 young (2048K), 2 survivors (2048K)
 Metaspace       used 80095K, capacity 82252K, committed 82468K, reserved 587776K
  class space    used 10377K, capacity 11269K, committed 11392K, reserved 516096K
}
Event: 39.698 GC heap before
{Heap before GC invocations=21 (full 0):
 garbage-first heap   total 129024K, used 83886K [0x0000000080000000, 0x0000000100000000)
  region size 1024K, 16 young (16384K), 2 survivors (2048K)
 Metaspace       used 80092K, capacity 82246K, committed 82468K, reserved 587776K
  class space    used 10376K, capacity 11266K, committed 11392K, reserved 516096K
}
Event: 39.703 GC heap after
{Heap after GC invocations=22 (full 0):
 garbage-first heap   total 129024K, used 71708K [0x0000000080000000, 0x0000000100000000)
  region size 1024K, 5 young (5120K), 5 survivors (5120K)
 Metaspace       used 80092K, capacity 82246K, committed 82468K, reserved 587776K
  class space    used 10376K, capacity 11266K, committed 11392K, reserved 516096K
}
Event: 40.533 GC heap before
{Heap before GC invocations=23 (full 0):
 garbage-first heap   total 129024K, used 102428K [0x0000000080000000, 0x0000000100000000)
  region size 1024K, 33 young (33792K), 5 survivors (5120K)
 Metaspace       used 82433K, capacity 84555K, committed 84772K, reserved 589824K
  class space    used 10672K, capacity 11561K, committed 11648K, reserved 516096K
}
Event: 40.537 GC heap after
{Heap after GC invocations=24 (full 0):
 garbage-first heap   total 129024K, used 68322K [0x0000000080000000, 0x0000000100000000)
  region size 1024K, 2 young (2048K), 2 survivors (2048K)
 Metaspace       used 82433K, capacity 84555K, committed 84772K, reserved 589824K
  class space    used 10672K, capacity 11561K, committed 11648K, reserved 516096K
}
Event: 40.875 GC heap before
{Heap before GC invocations=24 (full 0):
 garbage-first heap   total 129024K, used 80610K [0x0000000080000000, 0x0000000100000000)
  region size 1024K, 15 young (15360K), 2 survivors (2048K)
 Metaspace       used 83521K, capacity 85749K, committed 85924K, reserved 591872K
  class space    used 10825K, capacity 11723K, committed 11776K, reserved 516096K
}
Event: 40.880 GC heap after
{Heap after GC invocations=25 (full 0):
 garbage-first heap   total 129024K, used 69199K [0x0000000080000000, 0x0000000100000000)
  region size 1024K, 3 young (3072K), 3 survivors (3072K)
 Metaspace       used 83521K, capacity 85749K, committed 85924K, reserved 591872K
  class space    used 10825K, capacity 11723K, committed 11776K, reserved 516096K
}

Deoptimization events (10 events):
Event: 40.774 Thread 0x000002ea49abf800 Uncommon trap: reason=unstable_if action=reinterpret pc=0x000002ea39367e74 method=org.objectweb.asm.Label.resolve([BI)Z @ 80 c2
Event: 40.814 Thread 0x000002ea49abf800 Uncommon trap: reason=unstable_if action=reinterpret pc=0x000002ea395cba00 method=org.objectweb.asm.MethodWriter.<init>(Lorg/objectweb/asm/SymbolTable;ILjava/lang/String;Ljava/lang/String;Ljava/lang/String;[Ljava/lang/String;I)V @ 94 c2
Event: 40.814 Thread 0x000002ea49abf800 Uncommon trap: reason=unstable_if action=reinterpret pc=0x000002ea395dedec method=org.objectweb.asm.MethodWriter.computeMethodInfoSize()I @ 342 c2
Event: 40.814 Thread 0x000002ea49abf800 Uncommon trap: reason=unstable_if action=reinterpret pc=0x000002ea395e1be0 method=org.objectweb.asm.MethodWriter.putMethodInfo(Lorg/objectweb/asm/ByteVector;)V @ 108 c2
Event: 41.128 Thread 0x000002ea49abf800 Uncommon trap: reason=unstable_if action=reinterpret pc=0x000002ea39145dd0 method=java.lang.AbstractStringBuilder.appendChars(Ljava/lang/CharSequence;II)V @ 43 c2
Event: 41.128 Thread 0x000002ea49abf800 Uncommon trap: reason=unstable_if action=reinterpret pc=0x000002ea390aaa38 method=java.lang.AbstractStringBuilder.isLatin1()Z @ 10 c2
Event: 41.326 Thread 0x000002ea49abf800 Uncommon trap: reason=unstable_if action=reinterpret pc=0x000002ea3936fdc0 method=jdk.internal.org.objectweb.asm.Type.getType([CI)Ljdk/internal/org/objectweb/asm/Type; @ 3 c2
Event: 41.427 Thread 0x000002ea49abf800 Uncommon trap: reason=class_check action=maybe_recompile pc=0x000002ea39608378 method=groovy.lang.MetaMethod.isStatic()Z @ 1 c2
Event: 41.427 Thread 0x000002ea49abf800 Uncommon trap: reason=class_check action=maybe_recompile pc=0x000002ea39608378 method=groovy.lang.MetaMethod.isStatic()Z @ 1 c2
Event: 41.638 Thread 0x000002ea49abf800 Uncommon trap: reason=unstable_if action=reinterpret pc=0x000002ea3920d7e8 method=java.util.StringJoiner.add(Ljava/lang/CharSequence;)Ljava/util/StringJoiner; @ 33 c2

Classes redefined (0 events):
No events

Internal exceptions (10 events):
Event: 41.631 Thread 0x000002ea49abf800 Exception <a 'java/lang/ClassNotFoundException'{0x00000000865c0308}: com/android/build/gradle/AppExtensionBeanInfo> (0x00000000865c0308) thrown at [t:/workspace/open/src/hotspot/share/classfile/systemDictionary.cpp, line 231]
Event: 41.632 Thread 0x000002ea49abf800 Exception <a 'java/lang/ClassNotFoundException'{0x00000000865d8f88}: com/android/build/gradle/AbstractAppExtensionBeanInfo> (0x00000000865d8f88) thrown at [t:/workspace/open/src/hotspot/share/classfile/systemDictionary.cpp, line 231]
Event: 41.632 Thread 0x000002ea49abf800 Exception <a 'java/lang/ClassNotFoundException'{0x00000000865f0af0}: com/android/build/gradle/TestedExtensionBeanInfo> (0x00000000865f0af0) thrown at [t:/workspace/open/src/hotspot/share/classfile/systemDictionary.cpp, line 231]
Event: 41.633 Thread 0x000002ea49abf800 Exception <a 'java/lang/ClassNotFoundException'{0x0000000086408c58}: com/android/build/gradle/BaseExtensionBeanInfo> (0x0000000086408c58) thrown at [t:/workspace/open/src/hotspot/share/classfile/systemDictionary.cpp, line 231]
Event: 41.637 Thread 0x000002ea49abf800 Exception <a 'java/lang/ClassNotFoundException'{0x0000000086420788}: com/android/build/gradle/BaseExtensionCustomizer> (0x0000000086420788) thrown at [t:/workspace/open/src/hotspot/share/classfile/systemDictionary.cpp, line 231]
Event: 41.641 Thread 0x000002ea49abf800 Exception <a 'java/lang/ClassNotFoundException'{0x00000000864918c0}: com/android/build/gradle/TestedExtensionCustomizer> (0x00000000864918c0) thrown at [t:/workspace/open/src/hotspot/share/classfile/systemDictionary.cpp, line 231]
Event: 41.642 Thread 0x000002ea49abf800 Exception <a 'java/lang/ClassNotFoundException'{0x00000000864c4898}: com/android/build/gradle/AbstractAppExtensionCustomizer> (0x00000000864c4898) thrown at [t:/workspace/open/src/hotspot/share/classfile/systemDictionary.cpp, line 231]
Event: 41.643 Thread 0x000002ea49abf800 Exception <a 'java/lang/ClassNotFoundException'{0x00000000864f2a68}: com/android/build/gradle/AppExtensionCustomizer> (0x00000000864f2a68) thrown at [t:/workspace/open/src/hotspot/share/classfile/systemDictionary.cpp, line 231]
Event: 41.644 Thread 0x000002ea49abf800 Exception <a 'java/lang/ClassNotFoundException'{0x00000000863233a0}: com/android/build/gradle/internal/dsl/BaseAppModuleExtensionCustomizer> (0x00000000863233a0) thrown at [t:/workspace/open/src/hotspot/share/classfile/systemDictionary.cpp, line 231]
Event: 41.650 Thread 0x000002ea49abf800 Exception <a 'java/lang/ClassNotFoundException'{0x0000000086213de8}: com/android/build/gradle/internal/dsl/BaseAppModuleExtension_DecoratedCustomizer> (0x0000000086213de8) thrown at [t:/workspace/open/src/hotspot/share/classfile/systemDictionary.cpp, line

Events (10 events):
Event: 41.649 loading class com/android/build/gradle/internal/dsl/BaseAppModuleExtension_DecoratedCustomizer
Event: 41.649 loading class com/android/build/gradle/internal/dsl/BaseAppModuleExtension_DecoratedCustomizer done
Event: 41.650 loading class com/android/build/gradle/internal/dsl/BaseAppModuleExtension_DecoratedCustomizer
Event: 41.650 loading class com/android/build/gradle/internal/dsl/BaseAppModuleExtension_DecoratedCustomizer done
Event: 41.783 loading class com/google/gms/googleservices/GoogleServicesPlugin$_setupPlugin_closure5
Event: 41.783 loading class com/google/gms/googleservices/GoogleServicesPlugin$_setupPlugin_closure5 done
Event: 41.785 loading class groovy/runtime/metaclass/com/google/gms/googleservices/GoogleServicesPlugin$_setupPlugin_closure5MetaClass
Event: 41.785 loading class groovy/runtime/metaclass/com/google/gms/googleservices/GoogleServicesPlugin$_setupPlugin_closure5MetaClass done
Event: 41.786 loading class groovy/runtime/metaclass/org/gradle/api/internal/DefaultDomainObjectSet_DecoratedMetaClass
Event: 41.786 loading class groovy/runtime/metaclass/org/gradle/api/internal/DefaultDomainObjectSet_DecoratedMetaClass done


Dynamic libraries:
0x00007ff65f250000 - 0x00007ff65f297000 	C:\Program Files\Java\jdk-11.0.2\bin\java.exe
0x00007ffc06050000 - 0x00007ffc06248000 	C:\Windows\SYSTEM32\ntdll.dll
0x00007ffc04370000 - 0x00007ffc0442f000 	C:\Windows\System32\KERNEL32.DLL
0x00007ffc03cd0000 - 0x00007ffc03fa2000 	C:\Windows\System32\KERNELBASE.dll
0x00007ffc055e0000 - 0x00007ffc0568e000 	C:\Windows\System32\ADVAPI32.dll
0x00007ffc05f10000 - 0x00007ffc05fae000 	C:\Windows\System32\msvcrt.dll
0x00007ffc050b0000 - 0x00007ffc0514c000 	C:\Windows\System32\sechost.dll
0x00007ffc054b0000 - 0x00007ffc055d4000 	C:\Windows\System32\RPCRT4.dll
0x00007ffc04cf0000 - 0x00007ffc04e91000 	C:\Windows\System32\USER32.dll
0x00007ffc04070000 - 0x00007ffc04092000 	C:\Windows\System32\win32u.dll
0x00007ffc052f0000 - 0x00007ffc0531b000 	C:\Windows\System32\GDI32.dll
0x00007ffc038b0000 - 0x00007ffc039bf000 	C:\Windows\System32\gdi32full.dll
0x00007ffc039c0000 - 0x00007ffc03a5d000 	C:\Windows\System32\msvcp_win.dll
0x00007ffc03ab0000 - 0x00007ffc03bb0000 	C:\Windows\System32\ucrtbase.dll
0x00007ffbf3170000 - 0x00007ffbf340a000 	C:\Windows\WinSxS\amd64_microsoft.windows.common-controls_6595b64144ccf1df_6.0.19041.1110_none_60b5254171f9507e\COMCTL32.dll
0x00007ffbfa530000 - 0x00007ffbfa53a000 	C:\Windows\SYSTEM32\VERSION.dll
0x00007ffc05480000 - 0x00007ffc054b0000 	C:\Windows\System32\IMM32.DLL
0x00007ffbfe8b0000 - 0x00007ffbfe8c6000 	C:\Program Files\Java\jdk-11.0.2\bin\vcruntime140.dll
0x00007ffbedbb0000 - 0x00007ffbedc5a000 	C:\Program Files\Java\jdk-11.0.2\bin\msvcp140.dll
0x00007ffbd6750000 - 0x00007ffbd7277000 	C:\Program Files\Java\jdk-11.0.2\bin\server\jvm.dll
0x00007ffc041e0000 - 0x00007ffc041e8000 	C:\Windows\System32\PSAPI.DLL
0x00007ffba0ff0000 - 0x00007ffba0ff9000 	C:\Windows\SYSTEM32\WSOCK32.dll
0x00007ffbe75c0000 - 0x00007ffbe75e7000 	C:\Windows\SYSTEM32\WINMM.dll
0x00007ffc05320000 - 0x00007ffc0538b000 	C:\Windows\System32\WS2_32.dll
0x00007ffc015f0000 - 0x00007ffc01602000 	C:\Windows\SYSTEM32\kernel.appcore.dll
0x00007ffbf77d0000 - 0x00007ffbf77e1000 	C:\Program Files\Java\jdk-11.0.2\bin\verify.dll
0x00007ffbfc1e0000 - 0x00007ffbfc3c4000 	C:\Windows\SYSTEM32\DBGHELP.DLL
0x00007ffbfc4e0000 - 0x00007ffbfc515000 	C:\Windows\SYSTEM32\dbgcore.DLL
0x00007ffc03fe0000 - 0x00007ffc04062000 	C:\Windows\System32\bcryptPrimitives.dll
0x00007ffbf7790000 - 0x00007ffbf77b9000 	C:\Program Files\Java\jdk-11.0.2\bin\java.dll
0x00007ffbf7770000 - 0x00007ffbf7786000 	C:\Program Files\Java\jdk-11.0.2\bin\zip.dll
0x00007ffbfe8a0000 - 0x00007ffbfe8aa000 	C:\Program Files\Java\jdk-11.0.2\bin\jimage.dll
0x00007ffc05690000 - 0x00007ffc05dd5000 	C:\Windows\System32\SHELL32.dll
0x00007ffc017f0000 - 0x00007ffc01f82000 	C:\Windows\SYSTEM32\windows.storage.dll
0x00007ffc04930000 - 0x00007ffc04c85000 	C:\Windows\System32\combase.dll
0x00007ffc02ff0000 - 0x00007ffc03020000 	C:\Windows\SYSTEM32\Wldp.dll
0x00007ffc041f0000 - 0x00007ffc0429d000 	C:\Windows\System32\SHCORE.dll
0x00007ffc05de0000 - 0x00007ffc05e35000 	C:\Windows\System32\shlwapi.dll
0x00007ffc03690000 - 0x00007ffc036af000 	C:\Windows\SYSTEM32\profapi.dll
0x00007ffbf7750000 - 0x00007ffbf7769000 	C:\Program Files\Java\jdk-11.0.2\bin\net.dll
0x00007ffbfd480000 - 0x00007ffbfd58a000 	C:\Windows\SYSTEM32\WINHTTP.dll
0x00007ffbf7d30000 - 0x00007ffbf7f1c000 	C:\Windows\SYSTEM32\urlmon.dll
0x00007ffbf5650000 - 0x00007ffbf5901000 	C:\Windows\SYSTEM32\iertutil.dll
0x00007ffbfd3f0000 - 0x00007ffbfd418000 	C:\Windows\SYSTEM32\srvcli.dll
0x00007ffc02bf0000 - 0x00007ffc02bfc000 	C:\Windows\SYSTEM32\netutils.dll
0x00007ffc02dd0000 - 0x00007ffc02e3a000 	C:\Windows\system32\mswsock.dll
0x00007ffbf7660000 - 0x00007ffbf7673000 	C:\Program Files\Java\jdk-11.0.2\bin\nio.dll
0x00007ffbf3960000 - 0x00007ffbf3987000 	C:\Users\Desktop\.gradle\native\e1d6ef7f7dcc3fd88c89a11ec53ec762bb8ba0a96d01ffa2cd45eb1d1d8dd5c5\windows-amd64\native-platform.dll
0x00007ffbeae50000 - 0x00007ffbeaf94000 	C:\Users\Desktop\.gradle\native\0d407fdbe67a94daf76414ababcb853783967236a71b16ec16e742cd7a986fd3\windows-amd64\native-platform-file-events.dll
0x00007ffbfc760000 - 0x00007ffbfc769000 	C:\Program Files\Java\jdk-11.0.2\bin\management.dll
0x00007ffbfc730000 - 0x00007ffbfc73c000 	C:\Program Files\Java\jdk-11.0.2\bin\management_ext.dll
0x00007ffc03030000 - 0x00007ffc03048000 	C:\Windows\SYSTEM32\CRYPTSP.dll
0x00007ffc02710000 - 0x00007ffc02744000 	C:\Windows\system32\rsaenh.dll
0x00007ffc03fb0000 - 0x00007ffc03fd7000 	C:\Windows\System32\bcrypt.dll
0x00007ffc03650000 - 0x00007ffc0367e000 	C:\Windows\SYSTEM32\USERENV.dll
0x00007ffc02f60000 - 0x00007ffc02f6c000 	C:\Windows\SYSTEM32\CRYPTBASE.dll
0x00007ffc02ae0000 - 0x00007ffc02b1b000 	C:\Windows\SYSTEM32\IPHLPAPI.DLL
0x00007ffc05470000 - 0x00007ffc05478000 	C:\Windows\System32\NSI.dll
0x00007ffbfddf0000 - 0x00007ffbfde07000 	C:\Windows\SYSTEM32\dhcpcsvc6.DLL
0x00007ffbfe1e0000 - 0x00007ffbfe1fd000 	C:\Windows\SYSTEM32\dhcpcsvc.DLL
0x00007ffc02b20000 - 0x00007ffc02beb000 	C:\Windows\SYSTEM32\DNSAPI.dll

dbghelp: loaded successfully - version: 4.0.5 - missing functions: none
symbol engine: initialized successfully - sym options: 0x614 - pdb path: .;C:\Program Files\Java\jdk-11.0.2\bin;C:\Windows\SYSTEM32;C:\Windows\WinSxS\amd64_microsoft.windows.common-controls_6595b64144ccf1df_6.0.19041.1110_none_60b5254171f9507e;C:\Program Files\Java\jdk-11.0.2\bin\server;C:\Users\Desktop\.gradle\native\e1d6ef7f7dcc3fd88c89a11ec53ec762bb8ba0a96d01ffa2cd45eb1d1d8dd5c5\windows-amd64;C:\Users\Desktop\.gradle\native\0d407fdbe67a94daf76414ababcb853783967236a71b16ec16e742cd7a986fd3\windows-amd64

VM Arguments:
jvm_args: -XX:MaxMetaspaceSize=512m --add-opens=java.base/java.util=ALL-UNNAMED --add-opens=java.base/java.lang=ALL-UNNAMED --add-opens=java.base/java.lang.invoke=ALL-UNNAMED --add-opens=java.base/java.util=ALL-UNNAMED --add-opens=java.prefs/java.util.prefs=ALL-UNNAMED --add-opens=java.prefs/java.util.prefs=ALL-UNNAMED --add-opens=java.base/java.nio.charset=ALL-UNNAMED --add-opens=java.base/java.net=ALL-UNNAMED --add-opens=java.base/java.util.concurrent.atomic=ALL-UNNAMED -Xmx2048m -Dfile.encoding=windows-1252 -Duser.country=IN -Duser.language=en -Duser.variant 
java_command: org.gradle.launcher.daemon.bootstrap.GradleDaemon 7.5.1
java_class_path (initial): C:\Users\Desktop\.gradle\wrapper\dists\gradle-7.5.1-all\1ehga6e77gqps5uk2kc5kf1vc\gradle-7.5.1\lib\gradle-launcher-7.5.1.jar
Launcher Type: SUN_STANDARD

[Global flags]
     intx CICompilerCount                          = 3                                         {product} {ergonomic}
   size_t CompressedClassSpaceSize                 = 528482304                                 {product} {ergonomic}
     uint ConcGCThreads                            = 1                                         {product} {ergonomic}
     uint G1ConcRefinementThreads                  = 4                                         {product} {ergonomic}
   size_t G1HeapRegionSize                         = 1048576                                   {product} {ergonomic}
    uintx GCDrainStackTargetSize                   = 64                                        {product} {ergonomic}
   size_t InitialHeapSize                          = 132120576                                 {product} {ergonomic}
   size_t MarkStackSize                            = 4194304                                   {product} {ergonomic}
   size_t MaxHeapSize                              = 2147483648                                {product} {command line}
   size_t MaxMetaspaceSize                         = 536870912                                 {product} {command line}
   size_t MaxNewSize                               = 1287651328                                {product} {ergonomic}
   size_t MinHeapDeltaBytes                        = 1048576                                   {product} {ergonomic}
    uintx NonNMethodCodeHeapSize                   = 5830092                                {pd product} {ergonomic}
    uintx NonProfiledCodeHeapSize                  = 122914074                              {pd product} {ergonomic}
    uintx ProfiledCodeHeapSize                     = 122914074                              {pd product} {ergonomic}
    uintx ReservedCodeCacheSize                    = 251658240                              {pd product} {ergonomic}
     bool SegmentedCodeCache                       = true                                      {product} {ergonomic}
     bool UseCompressedClassPointers               = true                                 {lp64_product} {ergonomic}
     bool UseCompressedOops                        = true                                 {lp64_product} {ergonomic}
     bool UseG1GC                                  = true                                      {product} {ergonomic}
     bool UseLargePagesIndividualAllocation        = false                                  {pd product} {ergonomic}

Logging:
Log output configuration:
 #0: stdout all=warning uptime,level,tags
 #1: stderr all=off uptime,level,tags

Environment Variables:
JAVA_HOME=C:\Program Files\Java\jdk-11.0.2
CLASSPATH=H:\React Native\EcommerceApp\ecomApp\android\\gradle\wrapper\gradle-wrapper.jar
PATH=H:\React Native\EcommerceApp\ecomApp\android\node_modules\.bin;H:\React Native\EcommerceApp\ecomApp\node_modules\.bin;H:\React Native\EcommerceApp\node_modules\.bin;H:\React Native\node_modules\.bin;H:\node_modules\.bin;C:\Program Files\nodejs;H:\React Native\EcommerceApp\ecomApp\node_modules\.bin;H:\React Native\EcommerceApp\node_modules\.bin;H:\React Native\node_modules\.bin;H:\node_modules\.bin;C:\Program Files\nodejs\node_modules\npm\node_modules\@npmcli\run-script\lib\node-gyp-bin;H:\React Native\EcommerceApp\ecomApp\node_modules\.bin;H:\React Native\EcommerceApp\ecomApp\node_modules\.bin;H:\React Native\EcommerceApp\node_modules\.bin;H:\React Native\node_modules\.bin;H:\node_modules\.bin;C:\Program Files\nodejs;H:\React Native\EcommerceApp\ecomApp\node_modules\react-native\scripts\node_modules\.bin;H:\React Native\EcommerceApp\ecomApp\node_modules\react-native\node_modules\.bin;H:\React Native\EcommerceApp\ecomApp\node_modules\node_modules\.bin;H:\React Native\EcommerceApp\ecomApp\node_modules\.bin;H:\React Native\EcommerceApp\node_modules\.bin;H:\React Native\node_modules\.bin;H:\node_modules\.bin;C:\Program Files\nodejs;H:\React Native\EcommerceApp\ecomApp\node_modules\.bin;H:\React Native\EcommerceApp\node_modules\.bin;H:\React Native\node_modules\.bin;H:\node_modules\.bin;C:\Program Files\nodejs\node_modules\npm\node_modules\@npmcli\run-script\lib\node-gyp-bin;C:\Users\Desktop\bin;C:\Program Files\Git\mingw64\bin;C:\Program Files\Git\usr\local\bin;C:\Program Files\Git\usr\bin;C:\Program Files\Git\usr\bin;C:\Program Files\Git\mingw64\bin;C:\Program Files\Git\usr\bin;C:\Users\Desktop\bin;C:\Windows\system32;C:\Windows;C:\Windows\System32\Wbem;C:\Windows\System32\WindowsPowerShell\v1.0;C:\Windows\System32\OpenSSH;C:\Windows\system32\config\systemprofile\AppData\Roaming\npm;C:\Program Files\nodejs;C:\Program Files\Git\cmd;C:\Users\Desktop\AppData\Local\Android\Sdk\platform-tools;C:\Users\Desktop\AppData\Local\Microsoft\WindowsApps;C:\Users\Desktop\AppData\Lo
USERNAME=Desktop
SHELL=C:\Program Files\Git\usr\bin\bash.exe
DISPLAY=needs-to-be-defined
OS=Windows_NT
PROCESSOR_IDENTIFIER=Intel64 Family 6 Model 58 Stepping 9, GenuineIntel



---------------  S Y S T E M  ---------------

OS: Windows 10 , 64 bit Build 19041 (10.0.19041.2546)

CPU:total 4 (initial active 4) (4 cores per cpu, 1 threads per core) family 6 model 58 stepping 9, cmov, cx8, fxsr, mmx, sse, sse2, sse3, ssse3, sse4.1, sse4.2, popcnt, avx, aes, clmul, erms, tsc, tscinvbit, tscinv

Memory: 4k page, system-wide physical 8028M (681M free)
TotalPageFile size 10076M (AvailPageFile size 5M)
current process WorkingSet (physical memory assigned to process): 364M, peak: 364M
current process commit charge ("private bytes"): 403M, peak: 403M

vm_info: Java HotSpot(TM) 64-Bit Server VM (11.0.2+9-LTS) for windows-amd64 JRE (11.0.2+9-LTS), built on Jan 18 2019 05:24:10 by "mach5one" with MS VC++ 15.5 (VS2017)

END.
