#
# There is insufficient memory for the Java Runtime Environment to continue.
# Native memory allocation (malloc) failed to allocate 432976 bytes for Chunk::new
# Possible reasons:
#   The system is out of physical RAM or swap space
#   The process is running with CompressedOops enabled, and the Java Heap may be blocking the growth of the native heap
# Possible solutions:
#   Reduce memory load on the system
#   Increase physical memory or swap space
#   Check if swap backing store is full
#   Decrease Java heap size (-Xmx/-Xms)
#   Decrease number of Java threads
#   Decrease Java thread stack sizes (-Xss)
#   Set larger code cache with -XX:ReservedCodeCacheSize=
#   JVM is running with Unscaled Compressed Oops mode in which the Java heap is
#     placed in the first 4GB address space. The Java Heap base address is the
#     maximum limit for the native heap growth. Please use -XX:HeapBaseMinAddress
#     to set the Java Heap base and to place the Java Heap above 4GB virtual address.
# This output file may be truncated or incomplete.
#
#  Out of Memory Error (t:/workspace/open/src/hotspot/share/memory/arena.cpp:197), pid=8676, tid=7712
#
# JRE version: Java(TM) SE Runtime Environment (11.0.2+9) (build 11.0.2+9-LTS)
# Java VM: Java HotSpot(TM) 64-Bit Server VM (11.0.2+9-LTS, mixed mode, tiered, compressed oops, g1 gc, windows-amd64)
# No core dump will be written. Minidumps are not enabled by default on client versions of Windows
#

---------------  S U M M A R Y ------------

Command Line: org.jetbrains.kotlin.cli.jvm.K2JVMCompiler @H:\React Native\EcommerceApp\ecomApp\node_modules\react-native-safe-area-context\android\build\20230411_14895966370643210014.compiler.options

Host: Intel(R) Core(TM) i5-3330 CPU @ 3.00GHz, 4 cores, 7G,  Windows 10 , 64 bit Build 19041 (10.0.19041.2546)
Time: Tue Apr 11 23:56:33 2023 India Standard Time elapsed time: 11 seconds (0d 0h 0m 11s)

---------------  T H R E A D  ---------------

Current thread (0x000001e1d0428000):  JavaThread "C2 CompilerThread1" daemon [_thread_in_native, id=7712, stack(0x00000088f1e00000,0x00000088f1f00000)]


Current CompileTask:
C2:  11979 12166       4       org.jetbrains.kotlin.ir.util.TypeTranslator::enterScope (37 bytes)

Stack: [0x00000088f1e00000,0x00000088f1f00000]
Native frames: (J=compiled Java code, j=interpreted, Vv=VM code, C=native code)
V  [jvm.dll+0x63574a]
V  [jvm.dll+0x77326f]
V  [jvm.dll+0x77491a]
V  [jvm.dll+0x774fd3]
V  [jvm.dll+0x25e418]
V  [jvm.dll+0xc2141]
V  [jvm.dll+0xc26dc]
V  [jvm.dll+0x36d7b7]
V  [jvm.dll+0x1a9651]
V  [jvm.dll+0x218352]
V  [jvm.dll+0x2173ea]
V  [jvm.dll+0x194200]
V  [jvm.dll+0x2263af]
V  [jvm.dll+0x2249b8]
V  [jvm.dll+0x738a9d]
V  [jvm.dll+0x6347f2]
C  [ucrtbase.dll+0x21bb2]
C  [KERNEL32.DLL+0x17614]
C  [ntdll.dll+0x526a1]


---------------  P R O C E S S  ---------------

Threads class SMR info:
_java_thread_list=0x000001e1d095b5b0, length=11, elements={
0x000001e1adb90000, 0x000001e1cdda7000, 0x000001e1cddb1000, 0x000001e1ce639800,
0x000001e1ce63b000, 0x000001e1ce63d000, 0x000001e1ce5ea800, 0x000001e1ce5ee800,
0x000001e1ce7a9000, 0x000001e1ce7d0000, 0x000001e1d0428000
}

Java Threads: ( => current thread )
  0x000001e1adb90000 JavaThread "main" [_thread_in_Java, id=2144, stack(0x00000088f0b00000,0x00000088f0c00000)]
  0x000001e1cdda7000 JavaThread "Reference Handler" daemon [_thread_blocked, id=5920, stack(0x00000088f1200000,0x00000088f1300000)]
  0x000001e1cddb1000 JavaThread "Finalizer" daemon [_thread_blocked, id=4884, stack(0x00000088f1300000,0x00000088f1400000)]
  0x000001e1ce639800 JavaThread "Signal Dispatcher" daemon [_thread_blocked, id=9064, stack(0x00000088f1400000,0x00000088f1500000)]
  0x000001e1ce63b000 JavaThread "Attach Listener" daemon [_thread_blocked, id=9716, stack(0x00000088f1500000,0x00000088f1600000)]
  0x000001e1ce63d000 JavaThread "C2 CompilerThread0" daemon [_thread_in_native, id=12196, stack(0x00000088f1600000,0x00000088f1700000)]
  0x000001e1ce5ea800 JavaThread "C1 CompilerThread0" daemon [_thread_in_vm, id=11092, stack(0x00000088f1700000,0x00000088f1800000)]
  0x000001e1ce5ee800 JavaThread "Sweeper thread" daemon [_thread_blocked, id=3364, stack(0x00000088f1800000,0x00000088f1900000)]
  0x000001e1ce7a9000 JavaThread "Service Thread" daemon [_thread_blocked, id=1216, stack(0x00000088f1900000,0x00000088f1a00000)]
  0x000001e1ce7d0000 JavaThread "Common-Cleaner" daemon [_thread_blocked, id=1964, stack(0x00000088f1b00000,0x00000088f1c00000)]
=>0x000001e1d0428000 JavaThread "C2 CompilerThread1" daemon [_thread_in_native, id=7712, stack(0x00000088f1e00000,0x00000088f1f00000)]

Other Threads:
  0x000001e1cdda2000 VMThread "VM Thread" [stack: 0x00000088f1100000,0x00000088f1200000] [id=9320]
  0x000001e1ce7cf000 WatcherThread [stack: 0x00000088f1a00000,0x00000088f1b00000] [id=5320]
  0x000001e1adba5000 GCTaskThread "GC Thread#0" [stack: 0x00000088f0c00000,0x00000088f0d00000] [id=4084]
  0x000001e1cec68000 GCTaskThread "GC Thread#1" [stack: 0x00000088f1c00000,0x00000088f1d00000] [id=8580]
  0x000001e1ceced800 GCTaskThread "GC Thread#2" [stack: 0x00000088f1d00000,0x00000088f1e00000] [id=652]
  0x000001e1d6632000 GCTaskThread "GC Thread#3" [stack: 0x00000088f2100000,0x00000088f2200000] [id=4452]
  0x000001e1adbd4000 ConcurrentGCThread "G1 Main Marker" [stack: 0x00000088f0d00000,0x00000088f0e00000] [id=4292]
  0x000001e1adbd6000 ConcurrentGCThread "G1 Conc#0" [stack: 0x00000088f0e00000,0x00000088f0f00000] [id=3508]
  0x000001e1cdc02800 ConcurrentGCThread "G1 Refine#0" [stack: 0x00000088f0f00000,0x00000088f1000000] [id=5732]
  0x000001e1d08e8000 ConcurrentGCThread "G1 Refine#1" [stack: 0x00000088f1f00000,0x00000088f2000000] [id=10472]
  0x000001e1d08e9000 ConcurrentGCThread "G1 Refine#2" [stack: 0x00000088f2000000,0x00000088f2100000] [id=10344]
  0x000001e1cdc03000 ConcurrentGCThread "G1 Young RemSet Sampling" [stack: 0x00000088f1000000,0x00000088f1100000] [id=7664]

Threads with active compile tasks:
C2 CompilerThread012277       4       org.jetbrains.kotlin.types.checker.ClassicTypeSystemContext$DefaultImpls::typeDepth (273 bytes)
C1 CompilerThread012308       3       org.jetbrains.kotlin.backend.jvm.mapping.MethodSignatureMapper::mapSignature (557 bytes)
C2 CompilerThread112166       4       org.jetbrains.kotlin.ir.util.TypeTranslator::enterScope (37 bytes)

VM state:not at safepoint (normal execution)

VM Mutex/Monitor currently owned by a thread: None

Heap address: 0x0000000082800000, size: 2008 MB, Compressed Oops mode: 32-bit
Narrow klass base: 0x0000000000000000, Narrow klass shift: 3
Compressed class space size: 1073741824 Address: 0x0000000100000000

Heap:
 garbage-first heap   total 187392K, used 115712K [0x0000000082800000, 0x0000000100000000)
  region size 1024K, 51 young (52224K), 2 survivors (2048K)
 Metaspace       used 82367K, capacity 83245K, committed 83444K, reserved 1124352K
  class space    used 9096K, capacity 9469K, committed 9472K, reserved 1048576K
Heap Regions: E=young(eden), S=young(survivor), O=old, HS=humongous(starts), HC=humongous(continues), CS=collection set, F=free, A=archive, TAMS=top-at-mark-start (previous, next)
|   0|0x0000000082800000, 0x0000000082900000, 0x0000000082900000|100%|HS|  |TAMS 0x0000000082900000, 0x0000000082800000| Complete 
|   1|0x0000000082900000, 0x0000000082a00000, 0x0000000082a00000|100%|HC|  |TAMS 0x0000000082a00000, 0x0000000082900000| Complete 
|   2|0x0000000082a00000, 0x0000000082b00000, 0x0000000082b00000|100%|HC|  |TAMS 0x0000000082b00000, 0x0000000082a00000| Complete 
|   3|0x0000000082b00000, 0x0000000082c00000, 0x0000000082c00000|100%| O|  |TAMS 0x0000000082c00000, 0x0000000082b00000| Untracked 
|   4|0x0000000082c00000, 0x0000000082d00000, 0x0000000082d00000|100%| O|  |TAMS 0x0000000082d00000, 0x0000000082c00000| Untracked 
|   5|0x0000000082d00000, 0x0000000082e00000, 0x0000000082e00000|100%|HS|  |TAMS 0x0000000082e00000, 0x0000000082d00000| Complete 
|   6|0x0000000082e00000, 0x0000000082f00000, 0x0000000082f00000|100%|HC|  |TAMS 0x0000000082f00000, 0x0000000082e00000| Complete 
|   7|0x0000000082f00000, 0x0000000083000000, 0x0000000083000000|100%|HC|  |TAMS 0x0000000083000000, 0x0000000082f00000| Complete 
|   8|0x0000000083000000, 0x0000000083100000, 0x0000000083100000|100%|HS|  |TAMS 0x0000000083100000, 0x0000000083000000| Complete 
|   9|0x0000000083100000, 0x0000000083200000, 0x0000000083200000|100%|HC|  |TAMS 0x0000000083200000, 0x0000000083100000| Complete 
|  10|0x0000000083200000, 0x0000000083300000, 0x0000000083300000|100%| O|  |TAMS 0x0000000083300000, 0x0000000083200000| Untracked 
|  11|0x0000000083300000, 0x0000000083400000, 0x0000000083400000|100%| O|  |TAMS 0x0000000083400000, 0x0000000083300000| Untracked 
|  12|0x0000000083400000, 0x0000000083500000, 0x0000000083500000|100%| O|  |TAMS 0x0000000083500000, 0x0000000083400000| Untracked 
|  13|0x0000000083500000, 0x0000000083600000, 0x0000000083600000|100%| O|  |TAMS 0x0000000083600000, 0x0000000083500000| Untracked 
|  14|0x0000000083600000, 0x0000000083700000, 0x0000000083700000|100%| O|  |TAMS 0x0000000083700000, 0x0000000083600000| Untracked 
|  15|0x0000000083700000, 0x0000000083800000, 0x0000000083800000|100%| O|  |TAMS 0x0000000083800000, 0x0000000083700000| Untracked 
|  16|0x0000000083800000, 0x0000000083900000, 0x0000000083900000|100%| O|  |TAMS 0x0000000083900000, 0x0000000083800000| Untracked 
|  17|0x0000000083900000, 0x0000000083a00000, 0x0000000083a00000|100%| O|  |TAMS 0x0000000083a00000, 0x0000000083900000| Untracked 
|  18|0x0000000083a00000, 0x0000000083b00000, 0x0000000083b00000|100%| O|  |TAMS 0x0000000083b00000, 0x0000000083a00000| Untracked 
|  19|0x0000000083b00000, 0x0000000083c00000, 0x0000000083c00000|100%| O|  |TAMS 0x0000000083c00000, 0x0000000083b00000| Untracked 
|  20|0x0000000083c00000, 0x0000000083d00000, 0x0000000083d00000|100%| O|  |TAMS 0x0000000083d00000, 0x0000000083c00000| Untracked 
|  21|0x0000000083d00000, 0x0000000083e00000, 0x0000000083e00000|100%| O|  |TAMS 0x0000000083e00000, 0x0000000083d00000| Untracked 
|  22|0x0000000083e00000, 0x0000000083f00000, 0x0000000083f00000|100%| O|  |TAMS 0x0000000083f00000, 0x0000000083e00000| Untracked 
|  23|0x0000000083f00000, 0x0000000084000000, 0x0000000084000000|100%| O|  |TAMS 0x0000000084000000, 0x0000000083f00000| Untracked 
|  24|0x0000000084000000, 0x0000000084100000, 0x0000000084100000|100%| O|  |TAMS 0x0000000084100000, 0x0000000084000000| Untracked 
|  25|0x0000000084100000, 0x0000000084200000, 0x0000000084200000|100%| O|  |TAMS 0x0000000084200000, 0x0000000084100000| Untracked 
|  26|0x0000000084200000, 0x0000000084300000, 0x0000000084300000|100%| O|  |TAMS 0x0000000084300000, 0x0000000084200000| Untracked 
|  27|0x0000000084300000, 0x0000000084400000, 0x0000000084400000|100%| O|  |TAMS 0x0000000084400000, 0x0000000084300000| Untracked 
|  28|0x0000000084400000, 0x0000000084500000, 0x0000000084500000|100%| O|  |TAMS 0x0000000084500000, 0x0000000084400000| Untracked 
|  29|0x0000000084500000, 0x0000000084600000, 0x0000000084600000|100%| O|  |TAMS 0x0000000084600000, 0x0000000084500000| Untracked 
|  30|0x0000000084600000, 0x0000000084700000, 0x0000000084700000|100%| O|  |TAMS 0x0000000084700000, 0x0000000084600000| Untracked 
|  31|0x0000000084700000, 0x0000000084800000, 0x0000000084800000|100%| O|  |TAMS 0x0000000084800000, 0x0000000084700000| Untracked 
|  32|0x0000000084800000, 0x0000000084900000, 0x0000000084900000|100%| O|  |TAMS 0x0000000084900000, 0x0000000084800000| Untracked 
|  33|0x0000000084900000, 0x0000000084a00000, 0x0000000084a00000|100%| O|  |TAMS 0x0000000084a00000, 0x0000000084900000| Untracked 
|  34|0x0000000084a00000, 0x0000000084b00000, 0x0000000084b00000|100%| O|  |TAMS 0x0000000084b00000, 0x0000000084a00000| Untracked 
|  35|0x0000000084b00000, 0x0000000084c00000, 0x0000000084c00000|100%| O|  |TAMS 0x0000000084c00000, 0x0000000084b00000| Untracked 
|  36|0x0000000084c00000, 0x0000000084d00000, 0x0000000084d00000|100%| O|  |TAMS 0x0000000084d00000, 0x0000000084c00000| Untracked 
|  37|0x0000000084d00000, 0x0000000084e00000, 0x0000000084e00000|100%| O|  |TAMS 0x0000000084e00000, 0x0000000084d00000| Untracked 
|  38|0x0000000084e00000, 0x0000000084f00000, 0x0000000084f00000|100%| O|  |TAMS 0x0000000084f00000, 0x0000000084e00000| Untracked 
|  39|0x0000000084f00000, 0x0000000085000000, 0x0000000085000000|100%| O|  |TAMS 0x0000000085000000, 0x0000000084f00000| Untracked 
|  40|0x0000000085000000, 0x0000000085100000, 0x0000000085100000|100%| O|  |TAMS 0x0000000085100000, 0x0000000085000000| Untracked 
|  41|0x0000000085100000, 0x0000000085200000, 0x0000000085200000|100%| O|  |TAMS 0x0000000085200000, 0x0000000085100000| Untracked 
|  42|0x0000000085200000, 0x0000000085300000, 0x0000000085300000|100%| O|  |TAMS 0x0000000085300000, 0x0000000085200000| Untracked 
|  43|0x0000000085300000, 0x0000000085400000, 0x0000000085400000|100%| O|  |TAMS 0x0000000085400000, 0x0000000085300000| Untracked 
|  44|0x0000000085400000, 0x0000000085500000, 0x0000000085500000|100%| O|  |TAMS 0x0000000085500000, 0x0000000085400000| Untracked 
|  45|0x0000000085500000, 0x0000000085600000, 0x0000000085600000|100%| O|  |TAMS 0x0000000085600000, 0x0000000085500000| Untracked 
|  46|0x0000000085600000, 0x0000000085700000, 0x0000000085700000|100%| O|  |TAMS 0x0000000085700000, 0x0000000085600000| Untracked 
|  47|0x0000000085700000, 0x0000000085800000, 0x0000000085800000|100%| O|  |TAMS 0x0000000085800000, 0x0000000085700000| Untracked 
|  48|0x0000000085800000, 0x0000000085900000, 0x0000000085900000|100%| O|  |TAMS 0x0000000085900000, 0x0000000085800000| Untracked 
|  49|0x0000000085900000, 0x0000000085a00000, 0x0000000085a00000|100%| O|  |TAMS 0x0000000085a00000, 0x0000000085900000| Untracked 
|  50|0x0000000085a00000, 0x0000000085b00000, 0x0000000085b00000|100%| O|  |TAMS 0x0000000085b00000, 0x0000000085a00000| Untracked 
|  51|0x0000000085b00000, 0x0000000085c00000, 0x0000000085c00000|100%| O|  |TAMS 0x0000000085c00000, 0x0000000085b00000| Untracked 
|  52|0x0000000085c00000, 0x0000000085d00000, 0x0000000085d00000|100%| O|  |TAMS 0x0000000085d00000, 0x0000000085c00000| Untracked 
|  53|0x0000000085d00000, 0x0000000085e00000, 0x0000000085e00000|100%| O|  |TAMS 0x0000000085e00000, 0x0000000085d00000| Untracked 
|  54|0x0000000085e00000, 0x0000000085f00000, 0x0000000085f00000|100%| O|  |TAMS 0x0000000085f00000, 0x0000000085e00000| Untracked 
|  55|0x0000000085f00000, 0x0000000086000000, 0x0000000086000000|100%| O|  |TAMS 0x0000000086000000, 0x0000000085f00000| Untracked 
|  56|0x0000000086000000, 0x0000000086100000, 0x0000000086100000|100%| O|  |TAMS 0x0000000086100000, 0x0000000086000000| Untracked 
|  57|0x0000000086100000, 0x0000000086200000, 0x0000000086200000|100%| O|  |TAMS 0x0000000086200000, 0x0000000086100000| Untracked 
|  58|0x0000000086200000, 0x0000000086300000, 0x0000000086300000|100%| O|  |TAMS 0x0000000086300000, 0x0000000086200000| Untracked 
|  59|0x0000000086300000, 0x0000000086400000, 0x0000000086400000|100%| O|  |TAMS 0x0000000086400000, 0x0000000086300000| Untracked 
|  60|0x0000000086400000, 0x0000000086500000, 0x0000000086500000|100%| O|  |TAMS 0x0000000086500000, 0x0000000086400000| Untracked 
|  61|0x0000000086500000, 0x0000000086600000, 0x0000000086600000|100%| O|  |TAMS 0x0000000086600000, 0x0000000086500000| Untracked 
|  62|0x0000000086600000, 0x0000000086700000, 0x0000000086700000|100%| O|  |TAMS 0x0000000086700000, 0x0000000086600000| Untracked 
|  63|0x0000000086700000, 0x0000000086700000, 0x0000000086800000|  0%| F|  |TAMS 0x0000000086700000, 0x0000000086700000| Untracked 
|  64|0x0000000086800000, 0x0000000086800000, 0x0000000086900000|  0%| F|  |TAMS 0x0000000086800000, 0x0000000086800000| Untracked 
|  65|0x0000000086900000, 0x0000000086900000, 0x0000000086a00000|  0%| F|  |TAMS 0x0000000086900000, 0x0000000086900000| Untracked 
|  66|0x0000000086a00000, 0x0000000086a00000, 0x0000000086b00000|  0%| F|  |TAMS 0x0000000086a00000, 0x0000000086a00000| Untracked 
|  67|0x0000000086b00000, 0x0000000086b00000, 0x0000000086c00000|  0%| F|  |TAMS 0x0000000086b00000, 0x0000000086b00000| Untracked 
|  68|0x0000000086c00000, 0x0000000086c00000, 0x0000000086d00000|  0%| F|  |TAMS 0x0000000086c00000, 0x0000000086c00000| Untracked 
|  69|0x0000000086d00000, 0x0000000086d00000, 0x0000000086e00000|  0%| F|  |TAMS 0x0000000086d00000, 0x0000000086d00000| Untracked 
|  70|0x0000000086e00000, 0x0000000086e00000, 0x0000000086f00000|  0%| F|  |TAMS 0x0000000086e00000, 0x0000000086e00000| Untracked 
|  71|0x0000000086f00000, 0x0000000086f00000, 0x0000000087000000|  0%| F|  |TAMS 0x0000000086f00000, 0x0000000086f00000| Untracked 
|  72|0x0000000087000000, 0x0000000087000000, 0x0000000087100000|  0%| F|  |TAMS 0x0000000087000000, 0x0000000087000000| Untracked 
|  73|0x0000000087100000, 0x0000000087100000, 0x0000000087200000|  0%| F|  |TAMS 0x0000000087100000, 0x0000000087100000| Untracked 
|  74|0x0000000087200000, 0x0000000087200000, 0x0000000087300000|  0%| F|  |TAMS 0x0000000087200000, 0x0000000087200000| Untracked 
|  75|0x0000000087300000, 0x0000000087300000, 0x0000000087400000|  0%| F|  |TAMS 0x0000000087300000, 0x0000000087300000| Untracked 
|  76|0x0000000087400000, 0x0000000087400000, 0x0000000087500000|  0%| F|  |TAMS 0x0000000087400000, 0x0000000087400000| Untracked 
|  77|0x0000000087500000, 0x0000000087500000, 0x0000000087600000|  0%| F|  |TAMS 0x0000000087500000, 0x0000000087500000| Untracked 
|  78|0x0000000087600000, 0x0000000087600000, 0x0000000087700000|  0%| F|  |TAMS 0x0000000087600000, 0x0000000087600000| Untracked 
|  79|0x0000000087700000, 0x0000000087700000, 0x0000000087800000|  0%| F|  |TAMS 0x0000000087700000, 0x0000000087700000| Untracked 
|  80|0x0000000087800000, 0x0000000087800000, 0x0000000087900000|  0%| F|  |TAMS 0x0000000087800000, 0x0000000087800000| Untracked 
|  81|0x0000000087900000, 0x0000000087900000, 0x0000000087a00000|  0%| F|  |TAMS 0x0000000087900000, 0x0000000087900000| Untracked 
|  82|0x0000000087a00000, 0x0000000087a00000, 0x0000000087b00000|  0%| F|  |TAMS 0x0000000087a00000, 0x0000000087a00000| Untracked 
|  83|0x0000000087b00000, 0x0000000087b00000, 0x0000000087c00000|  0%| F|  |TAMS 0x0000000087b00000, 0x0000000087b00000| Untracked 
|  84|0x0000000087c00000, 0x0000000087c00000, 0x0000000087d00000|  0%| F|  |TAMS 0x0000000087c00000, 0x0000000087c00000| Untracked 
|  85|0x0000000087d00000, 0x0000000087d00000, 0x0000000087e00000|  0%| F|  |TAMS 0x0000000087d00000, 0x0000000087d00000| Untracked 
|  86|0x0000000087e00000, 0x0000000087e00000, 0x0000000087f00000|  0%| F|  |TAMS 0x0000000087e00000, 0x0000000087e00000| Untracked 
|  87|0x0000000087f00000, 0x0000000087f00000, 0x0000000088000000|  0%| F|  |TAMS 0x0000000087f00000, 0x0000000087f00000| Untracked 
|  88|0x0000000088000000, 0x0000000088000000, 0x0000000088100000|  0%| F|  |TAMS 0x0000000088000000, 0x0000000088000000| Untracked 
|  89|0x0000000088100000, 0x0000000088100000, 0x0000000088200000|  0%| F|  |TAMS 0x0000000088100000, 0x0000000088100000| Untracked 
|  90|0x0000000088200000, 0x0000000088200000, 0x0000000088300000|  0%| F|  |TAMS 0x0000000088200000, 0x0000000088200000| Untracked 
|  91|0x0000000088300000, 0x0000000088300000, 0x0000000088400000|  0%| F|  |TAMS 0x0000000088300000, 0x0000000088300000| Untracked 
|  92|0x0000000088400000, 0x0000000088400000, 0x0000000088500000|  0%| F|  |TAMS 0x0000000088400000, 0x0000000088400000| Untracked 
|  93|0x0000000088500000, 0x0000000088500000, 0x0000000088600000|  0%| F|  |TAMS 0x0000000088500000, 0x0000000088500000| Untracked 
|  94|0x0000000088600000, 0x0000000088600000, 0x0000000088700000|  0%| F|  |TAMS 0x0000000088600000, 0x0000000088600000| Untracked 
|  95|0x0000000088700000, 0x0000000088700000, 0x0000000088800000|  0%| F|  |TAMS 0x0000000088700000, 0x0000000088700000| Untracked 
|  96|0x0000000088800000, 0x0000000088800000, 0x0000000088900000|  0%| F|  |TAMS 0x0000000088800000, 0x0000000088800000| Untracked 
|  97|0x0000000088900000, 0x0000000088900000, 0x0000000088a00000|  0%| F|  |TAMS 0x0000000088900000, 0x0000000088900000| Untracked 
|  98|0x0000000088a00000, 0x0000000088a00000, 0x0000000088b00000|  0%| F|  |TAMS 0x0000000088a00000, 0x0000000088a00000| Untracked 
|  99|0x0000000088b00000, 0x0000000088b00000, 0x0000000088c00000|  0%| F|  |TAMS 0x0000000088b00000, 0x0000000088b00000| Untracked 
| 100|0x0000000088c00000, 0x0000000088c00000, 0x0000000088d00000|  0%| F|  |TAMS 0x0000000088c00000, 0x0000000088c00000| Untracked 
| 101|0x0000000088d00000, 0x0000000088d00000, 0x0000000088e00000|  0%| F|  |TAMS 0x0000000088d00000, 0x0000000088d00000| Untracked 
| 102|0x0000000088e00000, 0x0000000088e00000, 0x0000000088f00000|  0%| F|  |TAMS 0x0000000088e00000, 0x0000000088e00000| Untracked 
| 103|0x0000000088f00000, 0x0000000088f00000, 0x0000000089000000|  0%| F|  |TAMS 0x0000000088f00000, 0x0000000088f00000| Untracked 
| 104|0x0000000089000000, 0x0000000089000000, 0x0000000089100000|  0%| F|  |TAMS 0x0000000089000000, 0x0000000089000000| Untracked 
| 105|0x0000000089100000, 0x0000000089100000, 0x0000000089200000|  0%| F|  |TAMS 0x0000000089100000, 0x0000000089100000| Untracked 
| 106|0x0000000089200000, 0x0000000089200000, 0x0000000089300000|  0%| F|  |TAMS 0x0000000089200000, 0x0000000089200000| Untracked 
| 107|0x0000000089300000, 0x0000000089300000, 0x0000000089400000|  0%| F|  |TAMS 0x0000000089300000, 0x0000000089300000| Untracked 
| 108|0x0000000089400000, 0x0000000089400000, 0x0000000089500000|  0%| F|  |TAMS 0x0000000089400000, 0x0000000089400000| Untracked 
| 109|0x0000000089500000, 0x0000000089500000, 0x0000000089600000|  0%| F|  |TAMS 0x0000000089500000, 0x0000000089500000| Untracked 
| 110|0x0000000089600000, 0x0000000089600000, 0x0000000089700000|  0%| F|  |TAMS 0x0000000089600000, 0x0000000089600000| Untracked 
| 111|0x0000000089700000, 0x0000000089700000, 0x0000000089800000|  0%| F|  |TAMS 0x0000000089700000, 0x0000000089700000| Untracked 
| 112|0x0000000089800000, 0x0000000089800000, 0x0000000089900000|  0%| F|  |TAMS 0x0000000089800000, 0x0000000089800000| Untracked 
| 113|0x0000000089900000, 0x0000000089900000, 0x0000000089a00000|  0%| F|  |TAMS 0x0000000089900000, 0x0000000089900000| Untracked 
| 114|0x0000000089a00000, 0x0000000089a00000, 0x0000000089b00000|  0%| F|  |TAMS 0x0000000089a00000, 0x0000000089a00000| Untracked 
| 115|0x0000000089b00000, 0x0000000089b00000, 0x0000000089c00000|  0%| F|  |TAMS 0x0000000089b00000, 0x0000000089b00000| Untracked 
| 116|0x0000000089c00000, 0x0000000089c00000, 0x0000000089d00000|  0%| F|  |TAMS 0x0000000089c00000, 0x0000000089c00000| Untracked 
| 117|0x0000000089d00000, 0x0000000089d00000, 0x0000000089e00000|  0%| F|  |TAMS 0x0000000089d00000, 0x0000000089d00000| Untracked 
| 118|0x0000000089e00000, 0x0000000089e00000, 0x0000000089f00000|  0%| F|  |TAMS 0x0000000089e00000, 0x0000000089e00000| Untracked 
| 119|0x0000000089f00000, 0x0000000089f00000, 0x000000008a000000|  0%| F|  |TAMS 0x0000000089f00000, 0x0000000089f00000| Untracked 
| 120|0x000000008a000000, 0x000000008a000000, 0x000000008a100000|  0%| F|  |TAMS 0x000000008a000000, 0x000000008a000000| Untracked 
| 121|0x000000008a100000, 0x000000008a100000, 0x000000008a200000|  0%| F|  |TAMS 0x000000008a100000, 0x000000008a100000| Untracked 
| 122|0x000000008a200000, 0x000000008a200000, 0x000000008a300000|  0%| F|  |TAMS 0x000000008a200000, 0x000000008a200000| Untracked 
| 123|0x000000008a300000, 0x000000008a300000, 0x000000008a400000|  0%| F|  |TAMS 0x000000008a300000, 0x000000008a300000| Untracked 
| 124|0x000000008a400000, 0x000000008a400000, 0x000000008a500000|  0%| F|  |TAMS 0x000000008a400000, 0x000000008a400000| Untracked 
| 125|0x000000008a500000, 0x000000008a500000, 0x000000008a600000|  0%| F|  |TAMS 0x000000008a500000, 0x000000008a500000| Untracked 
| 126|0x000000008a600000, 0x000000008a600000, 0x000000008a700000|  0%| F|  |TAMS 0x000000008a600000, 0x000000008a600000| Untracked 
| 127|0x000000008a700000, 0x000000008a700000, 0x000000008a800000|  0%| F|  |TAMS 0x000000008a700000, 0x000000008a700000| Untracked 
| 128|0x000000008a800000, 0x000000008a800000, 0x000000008a900000|  0%| F|  |TAMS 0x000000008a800000, 0x000000008a800000| Untracked 
| 129|0x000000008a900000, 0x000000008a900000, 0x000000008aa00000|  0%| F|  |TAMS 0x000000008a900000, 0x000000008a900000| Untracked 
| 130|0x000000008aa00000, 0x000000008aa00000, 0x000000008ab00000|  0%| F|  |TAMS 0x000000008aa00000, 0x000000008aa00000| Untracked 
| 131|0x000000008ab00000, 0x000000008ab00000, 0x000000008ac00000|  0%| F|  |TAMS 0x000000008ab00000, 0x000000008ab00000| Untracked 
| 132|0x000000008ac00000, 0x000000008ac80800, 0x000000008ad00000| 50%| E|  |TAMS 0x000000008ac00000, 0x000000008ac00000| Complete 
| 133|0x000000008ad00000, 0x000000008ae00000, 0x000000008ae00000|100%| E|CS|TAMS 0x000000008ad00000, 0x000000008ad00000| Complete 
| 134|0x000000008ae00000, 0x000000008af00000, 0x000000008af00000|100%| E|CS|TAMS 0x000000008ae00000, 0x000000008ae00000| Complete 
| 135|0x000000008af00000, 0x000000008b000000, 0x000000008b000000|100%| E|CS|TAMS 0x000000008af00000, 0x000000008af00000| Complete 
| 136|0x000000008b000000, 0x000000008b100000, 0x000000008b100000|100%| E|CS|TAMS 0x000000008b000000, 0x000000008b000000| Complete 
| 137|0x000000008b100000, 0x000000008b200000, 0x000000008b200000|100%| E|CS|TAMS 0x000000008b100000, 0x000000008b100000| Complete 
| 138|0x000000008b200000, 0x000000008b300000, 0x000000008b300000|100%| E|CS|TAMS 0x000000008b200000, 0x000000008b200000| Complete 
| 139|0x000000008b300000, 0x000000008b400000, 0x000000008b400000|100%| E|CS|TAMS 0x000000008b300000, 0x000000008b300000| Complete 
| 140|0x000000008b400000, 0x000000008b500000, 0x000000008b500000|100%| E|CS|TAMS 0x000000008b400000, 0x000000008b400000| Complete 
| 141|0x000000008b500000, 0x000000008b600000, 0x000000008b600000|100%| E|CS|TAMS 0x000000008b500000, 0x000000008b500000| Complete 
| 142|0x000000008b600000, 0x000000008b700000, 0x000000008b700000|100%| E|CS|TAMS 0x000000008b600000, 0x000000008b600000| Complete 
| 143|0x000000008b700000, 0x000000008b800000, 0x000000008b800000|100%| E|CS|TAMS 0x000000008b700000, 0x000000008b700000| Complete 
| 144|0x000000008b800000, 0x000000008b900000, 0x000000008b900000|100%| E|CS|TAMS 0x000000008b800000, 0x000000008b800000| Complete 
| 145|0x000000008b900000, 0x000000008ba00000, 0x000000008ba00000|100%| E|CS|TAMS 0x000000008b900000, 0x000000008b900000| Complete 
| 146|0x000000008ba00000, 0x000000008bb00000, 0x000000008bb00000|100%| E|CS|TAMS 0x000000008ba00000, 0x000000008ba00000| Complete 
| 147|0x000000008bb00000, 0x000000008bc00000, 0x000000008bc00000|100%| E|CS|TAMS 0x000000008bb00000, 0x000000008bb00000| Complete 
| 148|0x000000008bc00000, 0x000000008bd00000, 0x000000008bd00000|100%| E|CS|TAMS 0x000000008bc00000, 0x000000008bc00000| Complete 
| 149|0x000000008bd00000, 0x000000008be00000, 0x000000008be00000|100%| E|CS|TAMS 0x000000008bd00000, 0x000000008bd00000| Complete 
| 150|0x000000008be00000, 0x000000008bf00000, 0x000000008bf00000|100%| E|CS|TAMS 0x000000008be00000, 0x000000008be00000| Complete 
| 151|0x000000008bf00000, 0x000000008c000000, 0x000000008c000000|100%| E|CS|TAMS 0x000000008bf00000, 0x000000008bf00000| Complete 
| 152|0x000000008c000000, 0x000000008c100000, 0x000000008c100000|100%| E|CS|TAMS 0x000000008c000000, 0x000000008c000000| Complete 
| 153|0x000000008c100000, 0x000000008c200000, 0x000000008c200000|100%| E|CS|TAMS 0x000000008c100000, 0x000000008c100000| Complete 
| 154|0x000000008c200000, 0x000000008c300000, 0x000000008c300000|100%| E|CS|TAMS 0x000000008c200000, 0x000000008c200000| Complete 
| 155|0x000000008c300000, 0x000000008c400000, 0x000000008c400000|100%| E|CS|TAMS 0x000000008c300000, 0x000000008c300000| Complete 
| 156|0x000000008c400000, 0x000000008c500000, 0x000000008c500000|100%| E|CS|TAMS 0x000000008c400000, 0x000000008c400000| Complete 
| 157|0x000000008c500000, 0x000000008c600000, 0x000000008c600000|100%| E|CS|TAMS 0x000000008c500000, 0x000000008c500000| Complete 
| 158|0x000000008c600000, 0x000000008c700000, 0x000000008c700000|100%| E|CS|TAMS 0x000000008c600000, 0x000000008c600000| Complete 
| 159|0x000000008c700000, 0x000000008c800000, 0x000000008c800000|100%| E|CS|TAMS 0x000000008c700000, 0x000000008c700000| Complete 
| 160|0x000000008c800000, 0x000000008c900000, 0x000000008c900000|100%| E|CS|TAMS 0x000000008c800000, 0x000000008c800000| Complete 
| 161|0x000000008c900000, 0x000000008ca00000, 0x000000008ca00000|100%| E|CS|TAMS 0x000000008c900000, 0x000000008c900000| Complete 
| 162|0x000000008ca00000, 0x000000008cb00000, 0x000000008cb00000|100%| E|CS|TAMS 0x000000008ca00000, 0x000000008ca00000| Complete 
| 163|0x000000008cb00000, 0x000000008cc00000, 0x000000008cc00000|100%| E|CS|TAMS 0x000000008cb00000, 0x000000008cb00000| Complete 
| 164|0x000000008cc00000, 0x000000008cd00000, 0x000000008cd00000|100%| E|CS|TAMS 0x000000008cc00000, 0x000000008cc00000| Complete 
| 165|0x000000008cd00000, 0x000000008ce00000, 0x000000008ce00000|100%| E|CS|TAMS 0x000000008cd00000, 0x000000008cd00000| Complete 
| 166|0x000000008ce00000, 0x000000008cf00000, 0x000000008cf00000|100%| E|CS|TAMS 0x000000008ce00000, 0x000000008ce00000| Complete 
| 167|0x000000008cf00000, 0x000000008d000000, 0x000000008d000000|100%| E|CS|TAMS 0x000000008cf00000, 0x000000008cf00000| Complete 
| 168|0x000000008d000000, 0x000000008d100000, 0x000000008d100000|100%| E|CS|TAMS 0x000000008d000000, 0x000000008d000000| Complete 
| 169|0x000000008d100000, 0x000000008d200000, 0x000000008d200000|100%| S|CS|TAMS 0x000000008d100000, 0x000000008d100000| Complete 
| 170|0x000000008d200000, 0x000000008d300000, 0x000000008d300000|100%| S|CS|TAMS 0x000000008d200000, 0x000000008d200000| Complete 
| 171|0x000000008d300000, 0x000000008d400000, 0x000000008d400000|100%| E|CS|TAMS 0x000000008d300000, 0x000000008d300000| Complete 
| 172|0x000000008d400000, 0x000000008d500000, 0x000000008d500000|100%| E|CS|TAMS 0x000000008d400000, 0x000000008d400000| Complete 
| 173|0x000000008d500000, 0x000000008d600000, 0x000000008d600000|100%| E|CS|TAMS 0x000000008d500000, 0x000000008d500000| Complete 
| 174|0x000000008d600000, 0x000000008d700000, 0x000000008d700000|100%| E|CS|TAMS 0x000000008d600000, 0x000000008d600000| Complete 
| 175|0x000000008d700000, 0x000000008d800000, 0x000000008d800000|100%| E|CS|TAMS 0x000000008d700000, 0x000000008d700000| Complete 
| 176|0x000000008d800000, 0x000000008d900000, 0x000000008d900000|100%| E|CS|TAMS 0x000000008d800000, 0x000000008d800000| Complete 
| 177|0x000000008d900000, 0x000000008da00000, 0x000000008da00000|100%| E|CS|TAMS 0x000000008d900000, 0x000000008d900000| Complete 
| 178|0x000000008da00000, 0x000000008db00000, 0x000000008db00000|100%| E|CS|TAMS 0x000000008da00000, 0x000000008da00000| Complete 
| 179|0x000000008db00000, 0x000000008dc00000, 0x000000008dc00000|100%| E|CS|TAMS 0x000000008db00000, 0x000000008db00000| Complete 
| 180|0x000000008dc00000, 0x000000008dd00000, 0x000000008dd00000|100%| E|CS|TAMS 0x000000008dc00000, 0x000000008dc00000| Complete 
| 181|0x000000008dd00000, 0x000000008de00000, 0x000000008de00000|100%| E|CS|TAMS 0x000000008dd00000, 0x000000008dd00000| Complete 
| 182|0x000000008de00000, 0x000000008df00000, 0x000000008df00000|100%| E|CS|TAMS 0x000000008de00000, 0x000000008de00000| Complete 

Card table byte_map: [0x000001e1c70e0000,0x000001e1c74d0000] _byte_map_base: 0x000001e1c6ccc000

Marking Bits (Prev, Next): (CMBitMap*) 0x000001e1adbcb2b8, (CMBitMap*) 0x000001e1adbcb2f0
 Prev Bits: [0x000001e1c78c0000, 0x000001e1c9820000)
 Next Bits: [0x000001e1c9820000, 0x000001e1cb780000)

Polling page: 0x000001e1ad980000

Metaspace:

Usage:
  Non-class:     72.05 MB capacity,    71.57 MB (>99%) used,   347.39 KB ( <1%) free+waste,   136.38 KB ( <1%) overhead. 
      Class:      9.25 MB capacity,     8.88 MB ( 96%) used,   315.43 KB (  3%) free+waste,    57.56 KB ( <1%) overhead. 
       Both:     81.29 MB capacity,    80.46 MB ( 99%) used,   662.82 KB ( <1%) free+waste,   193.94 KB ( <1%) overhead. 

Virtual space:
  Non-class space:       74.00 MB reserved,      72.24 MB ( 98%) committed 
      Class space:        1.00 GB reserved,       9.25 MB ( <1%) committed 
             Both:        1.07 GB reserved,      81.49 MB (  7%) committed 

Chunk freelists:
   Non-Class:  8.50 KB
       Class:  384 bytes
        Both:  8.88 KB

CodeHeap 'non-profiled nmethods': size=120064Kb used=6468Kb max_used=6468Kb free=113595Kb
 bounds [0x000001e1bf190000, 0x000001e1bf7f0000, 0x000001e1c66d0000]
CodeHeap 'profiled nmethods': size=120000Kb used=39858Kb max_used=39858Kb free=80141Kb
 bounds [0x000001e1b7c60000, 0x000001e1ba350000, 0x000001e1bf190000]
CodeHeap 'non-nmethods': size=5696Kb used=1298Kb max_used=1346Kb free=4398Kb
 bounds [0x000001e1b76d0000, 0x000001e1b7940000, 0x000001e1b7c60000]
 total_blobs=15708 nmethods=12275 adapters=581
 compilation: enabled
              stopped_count=0, restarted_count=0
 full_count=0

Compilation events (10 events):
Event: 11.978 Thread 0x000001e1ce5ea800 nmethod 12255 0x000001e1bf7dd810 code [0x000001e1bf7dd9c0, 0x000001e1bf7ddad8]
Event: 11.978 Thread 0x000001e1ce5ea800 12258       1       org.jetbrains.kotlin.backend.jvm.JvmBackendContext::getCachedDeclarations (5 bytes)
Event: 11.978 Thread 0x000001e1ce5ea800 nmethod 12258 0x000001e1bf7ddb90 code [0x000001e1bf7ddd40, 0x000001e1bf7dde58]
Event: 11.978 Thread 0x000001e1ce5ea800 12259       1       org.jetbrains.kotlin.ir.util.IdSignature$CommonSignature::getDeclarationFqName (5 bytes)
Event: 11.978 Thread 0x000001e1ce5ea800 nmethod 12259 0x000001e1bf7ddf10 code [0x000001e1bf7de0c0, 0x000001e1bf7de1d8]
Event: 11.978 Thread 0x000001e1ce5ea800 12262       1       org.jetbrains.kotlin.backend.common.lower.SpecialBridgeMethods::getSpecialMethodNames (5 bytes)
Event: 11.978 Thread 0x000001e1ce5ea800 nmethod 12262 0x000001e1bf7de290 code [0x000001e1bf7de440, 0x000001e1bf7de558]
Event: 11.978 Thread 0x000001e1ce5ea800 12265       3       org.jetbrains.kotlin.ir.declarations.lazy.IrLazyFunction::getSymbol (8 bytes)
Event: 11.978 Thread 0x000001e1ce5ea800 nmethod 12265 0x000001e1ba324510 code [0x000001e1ba3246c0, 0x000001e1ba324938]
Event: 11.978 Thread 0x000001e1ce5ea800 12261       1       org.jetbrains.kotlin.ir.descriptors.IrBasedDeclarationDescriptor::getOwner (5 bytes)

GC Heap History (10 events):
Event: 5.551 GC heap before
{Heap before GC invocations=9 (full 0):
 garbage-first heap   total 155648K, used 92634K [0x0000000082800000, 0x0000000100000000)
  region size 1024K, 60 young (61440K), 4 survivors (4096K)
 Metaspace       used 59722K, capacity 60475K, committed 60752K, reserved 1103872K
  class space    used 7029K, capacity 7354K, committed 7424K, reserved 1048576K
}
Event: 5.566 GC heap after
{Heap after GC invocations=10 (full 0):
 garbage-first heap   total 155648K, used 43607K [0x0000000082800000, 0x0000000100000000)
  region size 1024K, 8 young (8192K), 8 survivors (8192K)
 Metaspace       used 59722K, capacity 60475K, committed 60752K, reserved 1103872K
  class space    used 7029K, capacity 7354K, committed 7424K, reserved 1048576K
}
Event: 6.718 GC heap before
{Heap before GC invocations=10 (full 0):
 garbage-first heap   total 155648K, used 101975K [0x0000000082800000, 0x0000000100000000)
  region size 1024K, 65 young (66560K), 8 survivors (8192K)
 Metaspace       used 62212K, capacity 62945K, committed 63056K, reserved 1105920K
  class space    used 7250K, capacity 7576K, committed 7680K, reserved 1048576K
}
Event: 6.739 GC heap after
{Heap after GC invocations=11 (full 0):
 garbage-first heap   total 155648K, used 52449K [0x0000000082800000, 0x0000000100000000)
  region size 1024K, 9 young (9216K), 9 survivors (9216K)
 Metaspace       used 62212K, capacity 62945K, committed 63056K, reserved 1105920K
  class space    used 7250K, capacity 7576K, committed 7680K, reserved 1048576K
}
Event: 9.209 GC heap before
{Heap before GC invocations=11 (full 0):
 garbage-first heap   total 155648K, used 107745K [0x0000000082800000, 0x0000000100000000)
  region size 1024K, 63 young (64512K), 9 survivors (9216K)
 Metaspace       used 66613K, capacity 67411K, committed 67664K, reserved 1110016K
  class space    used 7503K, capacity 7833K, committed 7936K, reserved 1048576K
}
Event: 9.230 GC heap after
{Heap after GC invocations=12 (full 0):
 garbage-first heap   total 187392K, used 58766K [0x0000000082800000, 0x0000000100000000)
  region size 1024K, 7 young (7168K), 7 survivors (7168K)
 Metaspace       used 66613K, capacity 67411K, committed 67664K, reserved 1110016K
  class space    used 7503K, capacity 7833K, committed 7936K, reserved 1048576K
}
Event: 10.843 GC heap before
{Heap before GC invocations=12 (full 0):
 garbage-first heap   total 187392K, used 123278K [0x0000000082800000, 0x0000000100000000)
  region size 1024K, 70 young (71680K), 7 survivors (7168K)
 Metaspace       used 74366K, capacity 75195K, committed 75344K, reserved 1116160K
  class space    used 8232K, capacity 8599K, committed 8704K, reserved 1048576K
}
Event: 10.881 GC heap after
{Heap after GC invocations=13 (full 0):
 garbage-first heap   total 187392K, used 64819K [0x0000000082800000, 0x0000000100000000)
  region size 1024K, 6 young (6144K), 6 survivors (6144K)
 Metaspace       used 74366K, capacity 75195K, committed 75344K, reserved 1116160K
  class space    used 8232K, capacity 8599K, committed 8704K, reserved 1048576K
}
Event: 11.044 GC heap before
{Heap before GC invocations=13 (full 0):
 garbage-first heap   total 187392K, used 76083K [0x0000000082800000, 0x0000000100000000)
  region size 1024K, 18 young (18432K), 6 survivors (6144K)
 Metaspace       used 75545K, capacity 76350K, committed 76496K, reserved 1118208K
  class space    used 8364K, capacity 8728K, committed 8832K, reserved 1048576K
}
Event: 11.063 GC heap after
{Heap after GC invocations=14 (full 0):
 garbage-first heap   total 187392K, used 66560K [0x0000000082800000, 0x0000000100000000)
  region size 1024K, 2 young (2048K), 2 survivors (2048K)
 Metaspace       used 75545K, capacity 76350K, committed 76496K, reserved 1118208K
  class space    used 8364K, capacity 8728K, committed 8832K, reserved 1048576K
}

Deoptimization events (10 events):
Event: 11.672 Thread 0x000001e1adb90000 Uncommon trap: reason=bimorphic_or_optimized_type_check action=maybe_recompile pc=0x000001e1bf7ad990 method=org.jetbrains.kotlin.ir.declarations.IrFunction.transformChildren(Lorg/jetbrains/kotlin/ir/visitors/IrElementTransformer;Ljava/lang/Object;)V @ 87 
Event: 11.673 Thread 0x000001e1adb90000 Uncommon trap: reason=bimorphic_or_optimized_type_check action=maybe_recompile pc=0x000001e1bf7ad990 method=org.jetbrains.kotlin.ir.declarations.IrFunction.transformChildren(Lorg/jetbrains/kotlin/ir/visitors/IrElementTransformer;Ljava/lang/Object;)V @ 87 
Event: 11.676 Thread 0x000001e1adb90000 Uncommon trap: reason=bimorphic_or_optimized_type_check action=maybe_recompile pc=0x000001e1bf7ad990 method=org.jetbrains.kotlin.ir.declarations.IrFunction.transformChildren(Lorg/jetbrains/kotlin/ir/visitors/IrElementTransformer;Ljava/lang/Object;)V @ 87 
Event: 11.689 Thread 0x000001e1adb90000 Uncommon trap: reason=bimorphic_or_optimized_type_check action=maybe_recompile pc=0x000001e1bf7b0b50 method=org.jetbrains.kotlin.ir.declarations.IrFunction.acceptChildren(Lorg/jetbrains/kotlin/ir/visitors/IrElementVisitor;Ljava/lang/Object;)V @ 7 c2
Event: 11.707 Thread 0x000001e1adb90000 Uncommon trap: reason=speculate_class_check action=maybe_recompile pc=0x000001e1bf645acc method=org.jetbrains.kotlin.load.kotlin.DescriptorBasedTypeSignatureMappingKt.mapType(Lorg/jetbrains/kotlin/types/KotlinType;Lorg/jetbrains/kotlin/load/kotlin/JvmType
Event: 11.740 Thread 0x000001e1adb90000 Uncommon trap: reason=bimorphic_or_optimized_type_check action=maybe_recompile pc=0x000001e1bf6c62fc method=kotlin.text.StringsKt__AppendableKt.appendElement(Ljava/lang/Appendable;Ljava/lang/Object;Lkotlin/jvm/functions/Function1;)V @ 15 c2
Event: 11.740 Thread 0x000001e1adb90000 Uncommon trap: reason=bimorphic_or_optimized_type_check action=maybe_recompile pc=0x000001e1bf6c62fc method=kotlin.text.StringsKt__AppendableKt.appendElement(Ljava/lang/Appendable;Ljava/lang/Object;Lkotlin/jvm/functions/Function1;)V @ 15 c2
Event: 11.924 Thread 0x000001e1adb90000 Uncommon trap: reason=speculate_class_check action=maybe_recompile pc=0x000001e1bf7cb2ac method=org.jetbrains.kotlin.backend.common.DeclarationTransformer$Visitor.visitFunction(Lorg/jetbrains/kotlin/ir/declarations/IrFunction;)V @ 18 c2
Event: 11.954 Thread 0x000001e1adb90000 Uncommon trap: reason=speculate_class_check action=maybe_recompile pc=0x000001e1bf7cb2ac method=org.jetbrains.kotlin.backend.common.DeclarationTransformer$Visitor.visitFunction(Lorg/jetbrains/kotlin/ir/declarations/IrFunction;)V @ 18 c2
Event: 11.966 Thread 0x000001e1adb90000 Uncommon trap: reason=speculate_class_check action=maybe_recompile pc=0x000001e1bf7cb2ac method=org.jetbrains.kotlin.backend.common.DeclarationTransformer$Visitor.visitFunction(Lorg/jetbrains/kotlin/ir/declarations/IrFunction;)V @ 18 c2

Classes redefined (0 events):
No events

Internal exceptions (10 events):
Event: 6.775 Thread 0x000001e1adb90000 Implicit null exception at 0x000001e1bf1abf77 to 0x000001e1bf1ac44a
Event: 6.792 Thread 0x000001e1adb90000 Implicit null exception at 0x000001e1bf1ad474 to 0x000001e1bf1ad95a
Event: 6.897 Thread 0x000001e1adb90000 Exception <a 'java/lang/NoSuchMethodError'{0x000000008b85d908}: java.lang.invoke.DirectMethodHandle$Holder.invokeInterface(Ljava/lang/Object;Ljava/lang/Object;Ljava/lang/Object;)Ljava/lang/Object;> (0x000000008b85d908) thrown at [t:/workspace/open/src/hot
Event: 6.897 Thread 0x000001e1adb90000 Exception <a 'java/lang/IncompatibleClassChangeError'{0x000000008b860b38}: Found class java.lang.Object, but interface was expected> (0x000000008b860b38) thrown at [t:/workspace/open/src/hotspot/share/interpreter/linkResolver.cpp, line 838]
Event: 6.904 Thread 0x000001e1adb90000 Exception <a 'java/lang/NoSuchMethodError'{0x000000008b89a7e8}: java.lang.invoke.Invokers$Holder.linkToTargetMethod(Ljava/lang/Object;Ljava/lang/Object;Ljava/lang/Object;Ljava/lang/Object;Ljava/lang/Object;Ljava/lang/Object;Ljava/lang/Object;)Ljava/lang/O
Event: 9.296 Thread 0x000001e1adb90000 Implicit null exception at 0x000001e1bf1ebe75 to 0x000001e1bf1ec042
Event: 9.520 Thread 0x000001e1adb90000 Implicit null exception at 0x000001e1bf44fffb to 0x000001e1bf4502c7
Event: 9.697 Thread 0x000001e1adb90000 Exception <a 'java/lang/NoSuchMethodError'{0x000000008d06f850}: java.lang.invoke.DirectMethodHandle$Holder.invokeStaticInit(Ljava/lang/Object;Ljava/lang/Object;Ljava/lang/Object;Ljava/lang/Object;)Ljava/lang/Object;> (0x000000008d06f850) thrown at [t:/wor
Event: 9.865 Thread 0x000001e1adb90000 Exception <a 'java/lang/NoSuchMethodError'{0x000000008c7c8ab0}: java.lang.invoke.DirectMethodHandle$Holder.invokeStaticInit(Ljava/lang/Object;Ljava/lang/Object;Ljava/lang/Object;Ljava/lang/Object;)I> (0x000000008c7c8ab0) thrown at [t:/workspace/open/src/h
Event: 10.039 Thread 0x000001e1adb90000 Implicit null exception at 0x000001e1bf1fa5f4 to 0x000001e1bf1fa816

Events (10 events):
Event: 11.924 Thread 0x000001e1adb90000 DEOPT PACKING pc=0x000001e1bf7cb2ac sp=0x00000088f0bfd940
Event: 11.924 Thread 0x000001e1adb90000 DEOPT UNPACKING pc=0x000001e1b76f8eaf sp=0x00000088f0bfd8e8 mode 2
Event: 11.952 Executing VM operation: ICBufferFull
Event: 11.952 Executing VM operation: ICBufferFull done
Event: 11.954 Thread 0x000001e1adb90000 Uncommon trap: trap_request=0xffffff6e fr.pc=0x000001e1bf7cb2ac relative=0x000000000000032c
Event: 11.954 Thread 0x000001e1adb90000 DEOPT PACKING pc=0x000001e1bf7cb2ac sp=0x00000088f0bfd940
Event: 11.954 Thread 0x000001e1adb90000 DEOPT UNPACKING pc=0x000001e1b76f8eaf sp=0x00000088f0bfd8e8 mode 2
Event: 11.966 Thread 0x000001e1adb90000 Uncommon trap: trap_request=0xffffff6e fr.pc=0x000001e1bf7cb2ac relative=0x000000000000032c
Event: 11.966 Thread 0x000001e1adb90000 DEOPT PACKING pc=0x000001e1bf7cb2ac sp=0x00000088f0bfd940
Event: 11.966 Thread 0x000001e1adb90000 DEOPT UNPACKING pc=0x000001e1b76f8eaf sp=0x00000088f0bfd8e8 mode 2


Dynamic libraries:
0x00007ff716bf0000 - 0x00007ff716c37000 	C:\Program Files\Java\jdk-11.0.2\bin\java.exe
0x00007ffa09810000 - 0x00007ffa09a08000 	C:\Windows\SYSTEM32\ntdll.dll
0x00007ffa093f0000 - 0x00007ffa094af000 	C:\Windows\System32\KERNEL32.DLL
0x00007ffa07150000 - 0x00007ffa07422000 	C:\Windows\System32\KERNELBASE.dll
0x00007ffa04660000 - 0x00007ffa046f0000 	C:\Windows\SYSTEM32\apphelp.dll
0x00007ffa092a0000 - 0x00007ffa0934e000 	C:\Windows\System32\ADVAPI32.dll
0x00007ffa07860000 - 0x00007ffa078fe000 	C:\Windows\System32\msvcrt.dll
0x00007ffa09350000 - 0x00007ffa093ec000 	C:\Windows\System32\sechost.dll
0x00007ffa07ea0000 - 0x00007ffa07fc4000 	C:\Windows\System32\RPCRT4.dll
0x00007ffa07ce0000 - 0x00007ffa07e81000 	C:\Windows\System32\USER32.dll
0x00007ffa07430000 - 0x00007ffa07452000 	C:\Windows\System32\win32u.dll
0x00007ffa07900000 - 0x00007ffa0792b000 	C:\Windows\System32\GDI32.dll
0x00007ffa07650000 - 0x00007ffa0775f000 	C:\Windows\System32\gdi32full.dll
0x00007ffa07580000 - 0x00007ffa0761d000 	C:\Windows\System32\msvcp_win.dll
0x00007ffa07760000 - 0x00007ffa07860000 	C:\Windows\System32\ucrtbase.dll
0x00007ff9f84a0000 - 0x00007ff9f873a000 	C:\Windows\WinSxS\amd64_microsoft.windows.common-controls_6595b64144ccf1df_6.0.19041.1110_none_60b5254171f9507e\COMCTL32.dll
0x00007ff9f9e20000 - 0x00007ff9f9e2a000 	C:\Windows\SYSTEM32\VERSION.dll
0x00007ffa080b0000 - 0x00007ffa080e0000 	C:\Windows\System32\IMM32.DLL
0x00007ffa02400000 - 0x00007ffa02416000 	C:\Program Files\Java\jdk-11.0.2\bin\vcruntime140.dll
0x00007ff9f8ee0000 - 0x00007ff9f8f8a000 	C:\Program Files\Java\jdk-11.0.2\bin\msvcp140.dll
0x00007ff9d48e0000 - 0x00007ff9d5407000 	C:\Program Files\Java\jdk-11.0.2\bin\server\jvm.dll
0x00007ffa07b60000 - 0x00007ffa07b68000 	C:\Windows\System32\PSAPI.DLL
0x00007ff9a8fc0000 - 0x00007ff9a8fc9000 	C:\Windows\SYSTEM32\WSOCK32.dll
0x00007ff9f0fb0000 - 0x00007ff9f0fd7000 	C:\Windows\SYSTEM32\WINMM.dll
0x00007ffa08c40000 - 0x00007ffa08cab000 	C:\Windows\System32\WS2_32.dll
0x00007ffa04df0000 - 0x00007ffa04e02000 	C:\Windows\SYSTEM32\kernel.appcore.dll
0x00007ff9fe120000 - 0x00007ff9fe131000 	C:\Program Files\Java\jdk-11.0.2\bin\verify.dll
0x00007ff9f7730000 - 0x00007ff9f7914000 	C:\Windows\SYSTEM32\DBGHELP.DLL
0x00007ff9f7640000 - 0x00007ff9f7675000 	C:\Windows\SYSTEM32\dbgcore.DLL
0x00007ffa06f10000 - 0x00007ffa06f92000 	C:\Windows\System32\bcryptPrimitives.dll
0x00007ff9fe0f0000 - 0x00007ff9fe119000 	C:\Program Files\Java\jdk-11.0.2\bin\java.dll
0x00007ff9fe0d0000 - 0x00007ff9fe0e6000 	C:\Program Files\Java\jdk-11.0.2\bin\zip.dll
0x00007ffa02a80000 - 0x00007ffa02a8a000 	C:\Program Files\Java\jdk-11.0.2\bin\jimage.dll
0x00007ffa08190000 - 0x00007ffa088d5000 	C:\Windows\System32\SHELL32.dll
0x00007ffa04ff0000 - 0x00007ffa05782000 	C:\Windows\SYSTEM32\windows.storage.dll
0x00007ffa088e0000 - 0x00007ffa08c35000 	C:\Windows\System32\combase.dll
0x00007ffa06890000 - 0x00007ffa068c0000 	C:\Windows\SYSTEM32\Wldp.dll
0x00007ffa080e0000 - 0x00007ffa0818d000 	C:\Windows\System32\SHCORE.dll
0x00007ffa07bd0000 - 0x00007ffa07c25000 	C:\Windows\System32\shlwapi.dll
0x00007ffa06e50000 - 0x00007ffa06e6f000 	C:\Windows\SYSTEM32\profapi.dll
0x00007ff9fe0b0000 - 0x00007ff9fe0c9000 	C:\Program Files\Java\jdk-11.0.2\bin\net.dll
0x00007ffa008c0000 - 0x00007ffa009ca000 	C:\Windows\SYSTEM32\WINHTTP.dll
0x00007ff9f93b0000 - 0x00007ff9f959c000 	C:\Windows\SYSTEM32\urlmon.dll
0x00007ff9fabb0000 - 0x00007ff9fae61000 	C:\Windows\SYSTEM32\iertutil.dll
0x00007ff9f9c30000 - 0x00007ff9f9c58000 	C:\Windows\SYSTEM32\srvcli.dll
0x00007ffa063f0000 - 0x00007ffa063fc000 	C:\Windows\SYSTEM32\netutils.dll
0x00007ffa065f0000 - 0x00007ffa0665a000 	C:\Windows\system32\mswsock.dll
0x00007ff9fc5d0000 - 0x00007ff9fc5e3000 	C:\Program Files\Java\jdk-11.0.2\bin\nio.dll

dbghelp: loaded successfully - version: 4.0.5 - missing functions: none
symbol engine: initialized successfully - sym options: 0x614 - pdb path: .;C:\Program Files\Java\jdk-11.0.2\bin;C:\Windows\SYSTEM32;C:\Windows\WinSxS\amd64_microsoft.windows.common-controls_6595b64144ccf1df_6.0.19041.1110_none_60b5254171f9507e;C:\Program Files\Java\jdk-11.0.2\bin\server

VM Arguments:
java_command: org.jetbrains.kotlin.cli.jvm.K2JVMCompiler @H:\React Native\EcommerceApp\ecomApp\node_modules\react-native-safe-area-context\android\build\20230411_14895966370643210014.compiler.options
java_class_path (initial): C:\Users\Desktop\.gradle\caches\modules-2\files-2.1\org.jetbrains.kotlin\kotlin-compiler-embeddable\1.6.20\18f66cca4301c12893ebe4ef47d65c3d9d2bff9b\kotlin-compiler-embeddable-1.6.20.jar;C:\Users\Desktop\.gradle\caches\modules-2\files-2.1\org.jetbrains.kotlin\kotlin-reflect\1.6.20\669965154723f1a712e8677af0cc5470dfdab81c\kotlin-reflect-1.6.20.jar;C:\Users\Desktop\.gradle\caches\modules-2\files-2.1\org.jetbrains.kotlin\kotlin-stdlib\1.6.20\6cedc143badbb4f1c6b7f5a340b04edff1743208\kotlin-stdlib-1.6.20.jar;C:\Users\Desktop\.gradle\caches\modules-2\files-2.1\org.jetbrains.kotlin\kotlin-script-runtime\1.6.20\a115c367e0fd9c8909293b208689afca0c88a6f1\kotlin-script-runtime-1.6.20.jar;C:\Users\Desktop\.gradle\caches\modules-2\files-2.1\org.jetbrains.kotlin\kotlin-daemon-embeddable\1.6.20\d4cac343029f48f106c57f457384771165d7deb5\kotlin-daemon-embeddable-1.6.20.jar;C:\Users\Desktop\.gradle\caches\modules-2\files-2.1\org.jetbrains.intellij.deps\trove4j\1.0.20200330\3afb14d5f9ceb459d724e907a21145e8ff394f02\trove4j-1.0.20200330.jar;C:\Users\Desktop\.gradle\caches\modules-2\files-2.1\net.java.dev.jna\jna\5.6.0\330f2244e9030119ab3030fc3fededc86713d9cc\jna-5.6.0.jar;C:\Users\Desktop\.gradle\caches\modules-2\files-2.1\org.jetbrains.kotlin\kotlin-stdlib-common\1.6.20\27b4562b6713d70f458c6d7ea39aadacb8e6a92b\kotlin-stdlib-common-1.6.20.jar;C:\Users\Desktop\.gradle\caches\modules-2\files-2.1\org.jetbrains\annotations\13.0\919f0dfe192fb4e063e7dacadee7f8bb9a2672a9\annotations-13.0.jar
Launcher Type: SUN_STANDARD

[Global flags]
     intx CICompilerCount                          = 3                                         {product} {ergonomic}
     uint ConcGCThreads                            = 1                                         {product} {ergonomic}
     uint G1ConcRefinementThreads                  = 4                                         {product} {ergonomic}
   size_t G1HeapRegionSize                         = 1048576                                   {product} {ergonomic}
    uintx GCDrainStackTargetSize                   = 64                                        {product} {ergonomic}
   size_t InitialHeapSize                          = 132120576                                 {product} {ergonomic}
   size_t MarkStackSize                            = 4194304                                   {product} {ergonomic}
   size_t MaxHeapSize                              = 2105540608                                {product} {ergonomic}
   size_t MaxNewSize                               = 1262485504                                {product} {ergonomic}
   size_t MinHeapDeltaBytes                        = 1048576                                   {product} {ergonomic}
    uintx NonNMethodCodeHeapSize                   = 5830092                                {pd product} {ergonomic}
    uintx NonProfiledCodeHeapSize                  = 122914074                              {pd product} {ergonomic}
    uintx ProfiledCodeHeapSize                     = 122914074                              {pd product} {ergonomic}
    uintx ReservedCodeCacheSize                    = 251658240                              {pd product} {ergonomic}
     bool SegmentedCodeCache                       = true                                      {product} {ergonomic}
     bool UseCompressedClassPointers               = true                                 {lp64_product} {ergonomic}
     bool UseCompressedOops                        = true                                 {lp64_product} {ergonomic}
     bool UseG1GC                                  = true                                      {product} {ergonomic}
     bool UseLargePagesIndividualAllocation        = false                                  {pd product} {ergonomic}

Logging:
Log output configuration:
 #0: stdout all=warning uptime,level,tags
 #1: stderr all=off uptime,level,tags

Environment Variables:
JAVA_HOME=C:\Program Files\Java\jdk-11.0.2
CLASSPATH=H:\React Native\EcommerceApp\ecomApp\android\\gradle\wrapper\gradle-wrapper.jar
PATH=H:\React Native\EcommerceApp\ecomApp\android\node_modules\.bin;H:\React Native\EcommerceApp\ecomApp\node_modules\.bin;H:\React Native\EcommerceApp\node_modules\.bin;H:\React Native\node_modules\.bin;H:\node_modules\.bin;C:\Program Files\nodejs;H:\React Native\EcommerceApp\ecomApp\node_modules\.bin;H:\React Native\EcommerceApp\node_modules\.bin;H:\React Native\node_modules\.bin;H:\node_modules\.bin;C:\Program Files\nodejs\node_modules\npm\node_modules\@npmcli\run-script\lib\node-gyp-bin;H:\React Native\EcommerceApp\ecomApp\node_modules\.bin;H:\React Native\EcommerceApp\ecomApp\node_modules\.bin;H:\React Native\EcommerceApp\node_modules\.bin;H:\React Native\node_modules\.bin;H:\node_modules\.bin;C:\Program Files\nodejs;H:\React Native\EcommerceApp\ecomApp\node_modules\react-native\scripts\node_modules\.bin;H:\React Native\EcommerceApp\ecomApp\node_modules\react-native\node_modules\.bin;H:\React Native\EcommerceApp\ecomApp\node_modules\node_modules\.bin;H:\React Native\EcommerceApp\ecomApp\node_modules\.bin;H:\React Native\EcommerceApp\node_modules\.bin;H:\React Native\node_modules\.bin;H:\node_modules\.bin;C:\Program Files\nodejs;H:\React Native\EcommerceApp\ecomApp\node_modules\.bin;H:\React Native\EcommerceApp\node_modules\.bin;H:\React Native\node_modules\.bin;H:\node_modules\.bin;C:\Program Files\nodejs\node_modules\npm\node_modules\@npmcli\run-script\lib\node-gyp-bin;H:\React Native\EcommerceApp\ecomApp\node_modules\.bin;C:\Users\Desktop\bin;C:\Program Files\Git\mingw64\bin;C:\Program Files\Git\usr\local\bin;C:\Program Files\Git\usr\bin;C:\Program Files\Git\usr\bin;C:\Program Files\Git\mingw64\bin;C:\Program Files\Git\usr\bin;C:\Users\Desktop\bin;C:\Windows\system32;C:\Windows;C:\Windows\System32\Wbem;C:\Windows\System32\WindowsPowerShell\v1.0;C:\Windows\System32\OpenSSH;C:\Users\Desktop\AppData\Roaming\npm;C:\Program Files\nodejs;C:\Program Files\Git\cmd;C:\Users\Desktop\AppData\Local\Android\Sdk\platform-tools;C:\Users\Desktop\AppData\Local\Microsoft\WindowsA
USERNAME=Desktop
SHELL=C:\Program Files\Git\usr\bin\bash.exe
DISPLAY=needs-to-be-defined
OS=Windows_NT
PROCESSOR_IDENTIFIER=Intel64 Family 6 Model 58 Stepping 9, GenuineIntel



---------------  S Y S T E M  ---------------

OS: Windows 10 , 64 bit Build 19041 (10.0.19041.2546)

CPU:total 4 (initial active 4) (4 cores per cpu, 1 threads per core) family 6 model 58 stepping 9, cmov, cx8, fxsr, mmx, sse, sse2, sse3, ssse3, sse4.1, sse4.2, popcnt, avx, aes, clmul, erms, tsc, tscinvbit, tscinv

Memory: 4k page, system-wide physical 8028M (400M free)
TotalPageFile size 10076M (AvailPageFile size 5M)
current process WorkingSet (physical memory assigned to process): 402M, peak: 402M
current process commit charge ("private bytes"): 441M, peak: 441M

vm_info: Java HotSpot(TM) 64-Bit Server VM (11.0.2+9-LTS) for windows-amd64 JRE (11.0.2+9-LTS), built on Jan 18 2019 05:24:10 by "mach5one" with MS VC++ 15.5 (VS2017)

END.
