#
# There is insufficient memory for the Java Runtime Environment to continue.
# Native memory allocation (malloc) failed to allocate 1301616 bytes for Chunk::new
# Possible reasons:
#   The system is out of physical RAM or swap space
#   The process is running with CompressedOops enabled, and the Java Heap may be blocking the growth of the native heap
# Possible solutions:
#   Reduce memory load on the system
#   Increase physical memory or swap space
#   Check if swap backing store is full
#   Decrease Java heap size (-Xmx/-Xms)
#   Decrease number of Java threads
#   Decrease Java thread stack sizes (-Xss)
#   Set larger code cache with -XX:ReservedCodeCacheSize=
#   JVM is running with Unscaled Compressed Oops mode in which the Java heap is
#     placed in the first 4GB address space. The Java Heap base address is the
#     maximum limit for the native heap growth. Please use -XX:HeapBaseMinAddress
#     to set the Java Heap base and to place the Java Heap above 4GB virtual address.
# This output file may be truncated or incomplete.
#
#  Out of Memory Error (t:/workspace/open/src/hotspot/share/memory/arena.cpp:197), pid=236, tid=6412
#
# JRE version: Java(TM) SE Runtime Environment (11.0.2+9) (build 11.0.2+9-LTS)
# Java VM: Java HotSpot(TM) 64-Bit Server VM (11.0.2+9-LTS, mixed mode, tiered, compressed oops, g1 gc, windows-amd64)
# No core dump will be written. Minidumps are not enabled by default on client versions of Windows
#

---------------  S U M M A R Y ------------

Command Line: -XX:MaxMetaspaceSize=512m --add-opens=java.base/java.util=ALL-UNNAMED --add-opens=java.base/java.lang=ALL-UNNAMED --add-opens=java.base/java.lang.invoke=ALL-UNNAMED --add-opens=java.base/java.util=ALL-UNNAMED --add-opens=java.prefs/java.util.prefs=ALL-UNNAMED --add-opens=java.prefs/java.util.prefs=ALL-UNNAMED --add-opens=java.base/java.nio.charset=ALL-UNNAMED --add-opens=java.base/java.net=ALL-UNNAMED --add-opens=java.base/java.util.concurrent.atomic=ALL-UNNAMED -Xmx2048m -Dfile.encoding=windows-1252 -Duser.country=IN -Duser.language=en -Duser.variant org.gradle.launcher.daemon.bootstrap.GradleDaemon 7.5.1

Host: Intel(R) Core(TM) i5-3330 CPU @ 3.00GHz, 4 cores, 7G,  Windows 10 , 64 bit Build 19041 (10.0.19041.2546)
Time: Tue Apr 11 22:28:46 2023 India Standard Time elapsed time: 170 seconds (0d 0h 2m 50s)

---------------  T H R E A D  ---------------

Current thread (0x0000024b4a3d5000):  JavaThread "C2 CompilerThread0" daemon [_thread_in_native, id=6412, stack(0x0000008802200000,0x0000008802300000)]


Current CompileTask:
C2: 170757 27580       4       org.objectweb.asm.ClassReader::accept (1412 bytes)

Stack: [0x0000008802200000,0x0000008802300000]
Native frames: (J=compiled Java code, j=interpreted, Vv=VM code, C=native code)
V  [jvm.dll+0x63574a]
V  [jvm.dll+0x77326f]
V  [jvm.dll+0x77491a]
V  [jvm.dll+0x774fd3]
V  [jvm.dll+0x25e418]
V  [jvm.dll+0xc2141]
V  [jvm.dll+0xc26dc]
V  [jvm.dll+0x36d772]
V  [jvm.dll+0x33a8b3]
V  [jvm.dll+0x339c8a]
V  [jvm.dll+0x218245]
V  [jvm.dll+0x2173ea]
V  [jvm.dll+0x194200]
V  [jvm.dll+0x2263af]
V  [jvm.dll+0x2249b8]
V  [jvm.dll+0x738a9d]
V  [jvm.dll+0x6347f2]
C  [ucrtbase.dll+0x21bb2]
C  [KERNEL32.DLL+0x17614]
C  [ntdll.dll+0x526a1]


---------------  P R O C E S S  ---------------

Threads class SMR info:
_java_thread_list=0x0000024b5238cce0, length=92, elements={
0x0000024b2bf83000, 0x0000024b4a36f000, 0x0000024b4a379000, 0x0000024b4a3cf000,
0x0000024b4a3d0000, 0x0000024b4a3d5000, 0x0000024b4a3d8000, 0x0000024b4ace8800,
0x0000024b4ae74800, 0x0000024b4ae9e800, 0x0000024b4cfbb800, 0x0000024b4d096800,
0x0000024b4c5fe800, 0x0000024b4c630800, 0x0000024b4c643800, 0x0000024b4c5d1800,
0x0000024b4c325000, 0x0000024b4ba5d800, 0x0000024b4c526000, 0x0000024b4cfba000,
0x0000024b4c51f000, 0x0000024b4c51d800, 0x0000024b4c51e000, 0x0000024b4c51b000,
0x0000024b4c519800, 0x0000024b4c520000, 0x0000024b4c51b800, 0x0000024b4c51c800,
0x0000024b4c51a000, 0x0000024b4e964000, 0x0000024b4e966800, 0x0000024b4e965800,
0x0000024b4e967800, 0x0000024b4e969000, 0x0000024b4e963000, 0x0000024b4e96a000,
0x0000024b4e96e000, 0x0000024b5322d800, 0x0000024b53232800, 0x0000024b53234000,
0x0000024b53233800, 0x0000024b53231800, 0x0000024b53231000, 0x0000024b5322e800,
0x0000024b5322f800, 0x0000024b53235000, 0x0000024b53236000, 0x0000024b53230000,
0x0000024b53236800, 0x0000024b53237800, 0x0000024b5323a000, 0x0000024b5323a800,
0x0000024b53238800, 0x0000024b5323b800, 0x0000024b53239000, 0x0000024b5323c800,
0x0000024b4b926800, 0x0000024b4b929000, 0x0000024b4b923000, 0x0000024b4b92a000,
0x0000024b4b924000, 0x0000024b4b927800, 0x0000024b4b92a800, 0x0000024b4b928000,
0x0000024b4b925000, 0x0000024b4b92b800, 0x0000024b4b925800, 0x0000024b4b92e000,
0x0000024b4b932000, 0x0000024b4b92e800, 0x0000024b4b92d000, 0x0000024b4b92f800,
0x0000024b4b930800, 0x0000024b4b931000, 0x0000024b4b92c000, 0x0000024b5117e000,
0x0000024b51180800, 0x0000024b51181000, 0x0000024b5117b800, 0x0000024b5117c000,
0x0000024b5117e800, 0x0000024b5117d000, 0x0000024b51182000, 0x0000024b51183000,
0x0000024b51183800, 0x0000024b51185000, 0x0000024b5117f800, 0x0000024b51189800,
0x0000024b51186000, 0x0000024b51187000, 0x0000024b51187800, 0x0000024b4e970800
}

Java Threads: ( => current thread )
  0x0000024b2bf83000 JavaThread "main" [_thread_blocked, id=8636, stack(0x0000008801700000,0x0000008801800000)]
  0x0000024b4a36f000 JavaThread "Reference Handler" daemon [_thread_blocked, id=10192, stack(0x0000008801e00000,0x0000008801f00000)]
  0x0000024b4a379000 JavaThread "Finalizer" daemon [_thread_blocked, id=1124, stack(0x0000008801f00000,0x0000008802000000)]
  0x0000024b4a3cf000 JavaThread "Signal Dispatcher" daemon [_thread_blocked, id=3116, stack(0x0000008802000000,0x0000008802100000)]
  0x0000024b4a3d0000 JavaThread "Attach Listener" daemon [_thread_blocked, id=7500, stack(0x0000008802100000,0x0000008802200000)]
=>0x0000024b4a3d5000 JavaThread "C2 CompilerThread0" daemon [_thread_in_native, id=6412, stack(0x0000008802200000,0x0000008802300000)]
  0x0000024b4a3d8000 JavaThread "C1 CompilerThread0" daemon [_thread_blocked, id=8932, stack(0x0000008802300000,0x0000008802400000)]
  0x0000024b4ace8800 JavaThread "Sweeper thread" daemon [_thread_blocked, id=6528, stack(0x0000008802400000,0x0000008802500000)]
  0x0000024b4ae74800 JavaThread "Common-Cleaner" daemon [_thread_blocked, id=11140, stack(0x0000008802500000,0x0000008802600000)]
  0x0000024b4ae9e800 JavaThread "Service Thread" daemon [_thread_blocked, id=7908, stack(0x0000008802600000,0x0000008802700000)]
  0x0000024b4cfbb800 JavaThread "Daemon health stats" [_thread_blocked, id=9644, stack(0x0000008802b00000,0x0000008802c00000)]
  0x0000024b4d096800 JavaThread "Incoming local TCP Connector on port 51159" [_thread_in_native, id=8996, stack(0x0000008802800000,0x0000008802900000)]
  0x0000024b4c5fe800 JavaThread "Daemon periodic checks" [_thread_blocked, id=3848, stack(0x0000008802d00000,0x0000008802e00000)]
  0x0000024b4c630800 JavaThread "Daemon" [_thread_blocked, id=9684, stack(0x0000008802e00000,0x0000008802f00000)]
  0x0000024b4c643800 JavaThread "Handler for socket connection from /127.0.0.1:51159 to /127.0.0.1:51160" [_thread_in_native, id=8148, stack(0x0000008802f00000,0x0000008803000000)]
  0x0000024b4c5d1800 JavaThread "Cancel handler" [_thread_blocked, id=6632, stack(0x0000008803000000,0x0000008803100000)]
  0x0000024b4c325000 JavaThread "Daemon worker" [_thread_blocked, id=464, stack(0x0000008803100000,0x0000008803200000)]
  0x0000024b4ba5d800 JavaThread "Asynchronous log dispatcher for DefaultDaemonConnection: socket connection from /127.0.0.1:51159 to /127.0.0.1:51160" [_thread_blocked, id=5072, stack(0x0000008803200000,0x0000008803300000)]
  0x0000024b4c526000 JavaThread "Stdin handler" [_thread_blocked, id=8352, stack(0x0000008803300000,0x0000008803400000)]
  0x0000024b4cfba000 JavaThread "Daemon client event forwarder" [_thread_blocked, id=4540, stack(0x0000008803400000,0x0000008803500000)]
  0x0000024b4c51f000 JavaThread "Cache worker for journal cache (C:\Users\Desktop\.gradle\caches\journal-1)" [_thread_blocked, id=1360, stack(0x0000008803500000,0x0000008803600000)]
  0x0000024b4c51d800 JavaThread "File lock request listener" [_thread_in_native, id=3124, stack(0x0000008803600000,0x0000008803700000)]
  0x0000024b4c51e000 JavaThread "Cache worker for file hash cache (C:\Users\Desktop\.gradle\caches\7.5.1\fileHashes)" [_thread_blocked, id=7856, stack(0x0000008803700000,0x0000008803800000)]
  0x0000024b4c51b000 JavaThread "File watcher server" daemon [_thread_in_native, id=3424, stack(0x0000008803900000,0x0000008803a00000)]
  0x0000024b4c519800 JavaThread "File watcher consumer" daemon [_thread_blocked, id=4872, stack(0x0000008803a00000,0x0000008803b00000)]
  0x0000024b4c520000 JavaThread "Cache worker for checksums cache (H:\React Native\EcommerceApp\ecomApp\android\.gradle\7.5.1\checksums)" [_thread_blocked, id=7796, stack(0x0000008803800000,0x0000008803900000)]
  0x0000024b4c51b800 JavaThread "Cache worker for cache directory md-rule (C:\Users\Desktop\.gradle\caches\7.5.1\md-rule)" [_thread_blocked, id=7420, stack(0x0000008803b00000,0x0000008803c00000)]
  0x0000024b4c51c800 JavaThread "Cache worker for file content cache (C:\Users\Desktop\.gradle\caches\7.5.1\fileContent)" [_thread_blocked, id=9052, stack(0x0000008803c00000,0x0000008803d00000)]
  0x0000024b4c51a000 JavaThread "Cache worker for file hash cache (H:\React Native\EcommerceApp\ecomApp\android\.gradle\7.5.1\fileHashes)" [_thread_blocked, id=11860, stack(0x0000008803d00000,0x0000008803e00000)]
  0x0000024b4e964000 JavaThread "Cache worker for cache directory md-supplier (C:\Users\Desktop\.gradle\caches\7.5.1\md-supplier)" [_thread_blocked, id=6040, stack(0x0000008803e00000,0x0000008803f00000)]
  0x0000024b4e966800 JavaThread "Cache worker for execution history cache (C:\Users\Desktop\.gradle\caches\7.5.1\executionHistory)" [_thread_blocked, id=7824, stack(0x0000008804000000,0x0000008804100000)]
  0x0000024b4e965800 JavaThread "jar transforms" [_thread_in_native, id=8924, stack(0x0000008804100000,0x0000008804200000)]
  0x0000024b4e967800 JavaThread "jar transforms Thread 2" [_thread_in_native, id=11152, stack(0x0000008804200000,0x0000008804300000)]
  0x0000024b4e969000 JavaThread "jar transforms Thread 3" [_thread_in_Java, id=5216, stack(0x0000008804300000,0x0000008804400000)]
  0x0000024b4e963000 JavaThread "jar transforms Thread 4" [_thread_in_Java, id=3448, stack(0x0000008804400000,0x0000008804500000)]
  0x0000024b4e96a000 JavaThread "Cache worker for kotlin-dsl (C:\Users\Desktop\.gradle\caches\7.5.1\kotlin-dsl)" [_thread_blocked, id=10704, stack(0x0000008804500000,0x0000008804600000)]
  0x0000024b4e96e000 JavaThread "Cache worker for dependencies-accessors (H:\React Native\EcommerceApp\ecomApp\android\.gradle\7.5.1\dependencies-accessors)" [_thread_blocked, id=4884, stack(0x0000008804800000,0x0000008804900000)]
  0x0000024b5322d800 JavaThread "Cache worker for Build Output Cleanup Cache (H:\React Native\EcommerceApp\ecomApp\node_modules\react-native-gradle-plugin\.gradle\buildOutputCleanup)" [_thread_blocked, id=9640, stack(0x0000008804900000,0x0000008804a00000)]
  0x0000024b53232800 JavaThread "Kotlin DSL Writer" [_thread_blocked, id=7724, stack(0x0000008804a00000,0x0000008804b00000)]
  0x0000024b53234000 JavaThread "Unconstrained build operations" [_thread_blocked, id=10612, stack(0x0000008803f00000,0x0000008804000000)]
  0x0000024b53233800 JavaThread "Unconstrained build operations Thread 2" [_thread_blocked, id=8272, stack(0x0000008804c00000,0x0000008804d00000)]
  0x0000024b53231800 JavaThread "Unconstrained build operations Thread 3" [_thread_blocked, id=9304, stack(0x0000008804d00000,0x0000008804e00000)]
  0x0000024b53231000 JavaThread "Unconstrained build operations Thread 4" [_thread_blocked, id=11076, stack(0x0000008804e00000,0x0000008804f00000)]
  0x0000024b5322e800 JavaThread "Unconstrained build operations Thread 5" [_thread_blocked, id=10724, stack(0x0000008804f00000,0x0000008805000000)]
  0x0000024b5322f800 JavaThread "Unconstrained build operations Thread 6" [_thread_blocked, id=12252, stack(0x0000008805000000,0x0000008805100000)]
  0x0000024b53235000 JavaThread "Unconstrained build operations Thread 7" [_thread_blocked, id=11104, stack(0x0000008805100000,0x0000008805200000)]
  0x0000024b53236000 JavaThread "Unconstrained build operations Thread 8" [_thread_blocked, id=7528, stack(0x0000008805200000,0x0000008805300000)]
  0x0000024b53230000 JavaThread "Unconstrained build operations Thread 9" [_thread_blocked, id=12248, stack(0x0000008805300000,0x0000008805400000)]
  0x0000024b53236800 JavaThread "Unconstrained build operations Thread 10" [_thread_blocked, id=12264, stack(0x0000008805400000,0x0000008805500000)]
  0x0000024b53237800 JavaThread "Unconstrained build operations Thread 11" [_thread_blocked, id=9836, stack(0x0000008805500000,0x0000008805600000)]
  0x0000024b5323a000 JavaThread "Unconstrained build operations Thread 12" [_thread_blocked, id=6792, stack(0x0000008805600000,0x0000008805700000)]
  0x0000024b5323a800 JavaThread "Unconstrained build operations Thread 13" [_thread_blocked, id=11120, stack(0x0000008805700000,0x0000008805800000)]
  0x0000024b53238800 JavaThread "Unconstrained build operations Thread 14" [_thread_blocked, id=3540, stack(0x0000008805800000,0x0000008805900000)]
  0x0000024b5323b800 JavaThread "Unconstrained build operations Thread 15" [_thread_blocked, id=9244, stack(0x0000008805900000,0x0000008805a00000)]
  0x0000024b53239000 JavaThread "Unconstrained build operations Thread 16" [_thread_blocked, id=8388, stack(0x0000008805a00000,0x0000008805b00000)]
  0x0000024b5323c800 JavaThread "Unconstrained build operations Thread 17" [_thread_blocked, id=6936, stack(0x0000008805c00000,0x0000008805d00000)]
  0x0000024b4b926800 JavaThread "Unconstrained build operations Thread 18" [_thread_blocked, id=10236, stack(0x0000008805d00000,0x0000008805e00000)]
  0x0000024b4b929000 JavaThread "Unconstrained build operations Thread 19" [_thread_blocked, id=12084, stack(0x0000008805e00000,0x0000008805f00000)]
  0x0000024b4b923000 JavaThread "Unconstrained build operations Thread 20" [_thread_blocked, id=2448, stack(0x0000008805f00000,0x0000008806000000)]
  0x0000024b4b92a000 JavaThread "Unconstrained build operations Thread 21" [_thread_blocked, id=2696, stack(0x0000008806000000,0x0000008806100000)]
  0x0000024b4b924000 JavaThread "Unconstrained build operations Thread 22" [_thread_blocked, id=1196, stack(0x0000008806100000,0x0000008806200000)]
  0x0000024b4b927800 JavaThread "Unconstrained build operations Thread 23" [_thread_blocked, id=6424, stack(0x0000008806200000,0x0000008806300000)]
  0x0000024b4b92a800 JavaThread "Unconstrained build operations Thread 24" [_thread_blocked, id=2736, stack(0x0000008806300000,0x0000008806400000)]
  0x0000024b4b928000 JavaThread "Unconstrained build operations Thread 25" [_thread_blocked, id=12284, stack(0x0000008806400000,0x0000008806500000)]
  0x0000024b4b925000 JavaThread "Unconstrained build operations Thread 26" [_thread_blocked, id=6552, stack(0x0000008806500000,0x0000008806600000)]
  0x0000024b4b92b800 JavaThread "Unconstrained build operations Thread 27" [_thread_blocked, id=468, stack(0x0000008806600000,0x0000008806700000)]
  0x0000024b4b925800 JavaThread "Unconstrained build operations Thread 28" [_thread_blocked, id=7084, stack(0x0000008806700000,0x0000008806800000)]
  0x0000024b4b92e000 JavaThread "Unconstrained build operations Thread 29" [_thread_blocked, id=7876, stack(0x0000008805b00000,0x0000008805c00000)]
  0x0000024b4b932000 JavaThread "Unconstrained build operations Thread 30" [_thread_blocked, id=6532, stack(0x0000008806800000,0x0000008806900000)]
  0x0000024b4b92e800 JavaThread "Unconstrained build operations Thread 31" [_thread_blocked, id=11200, stack(0x0000008806900000,0x0000008806a00000)]
  0x0000024b4b92d000 JavaThread "Unconstrained build operations Thread 32" [_thread_blocked, id=5864, stack(0x0000008806a00000,0x0000008806b00000)]
  0x0000024b4b92f800 JavaThread "Unconstrained build operations Thread 33" [_thread_blocked, id=9064, stack(0x0000008806b00000,0x0000008806c00000)]
  0x0000024b4b930800 JavaThread "Unconstrained build operations Thread 34" [_thread_blocked, id=6560, stack(0x0000008806c00000,0x0000008806d00000)]
  0x0000024b4b931000 JavaThread "Unconstrained build operations Thread 35" [_thread_blocked, id=3944, stack(0x0000008806d00000,0x0000008806e00000)]
  0x0000024b4b92c000 JavaThread "Unconstrained build operations Thread 36" [_thread_blocked, id=12068, stack(0x0000008806e00000,0x0000008806f00000)]
  0x0000024b5117e000 JavaThread "Unconstrained build operations Thread 37" [_thread_blocked, id=2212, stack(0x0000008806f00000,0x0000008807000000)]
  0x0000024b51180800 JavaThread "Unconstrained build operations Thread 38" [_thread_blocked, id=9664, stack(0x0000008807000000,0x0000008807100000)]
  0x0000024b51181000 JavaThread "Unconstrained build operations Thread 39" [_thread_blocked, id=7840, stack(0x0000008807100000,0x0000008807200000)]
  0x0000024b5117b800 JavaThread "Unconstrained build operations Thread 40" [_thread_blocked, id=7396, stack(0x0000008807200000,0x0000008807300000)]
  0x0000024b5117c000 JavaThread "build event listener" [_thread_blocked, id=3316, stack(0x0000008807300000,0x0000008807400000)]
  0x0000024b5117e800 JavaThread "Memory manager" [_thread_blocked, id=12280, stack(0x0000008807500000,0x0000008807600000)]
  0x0000024b5117d000 JavaThread "Cache worker for Build Output Cleanup Cache (H:\React Native\EcommerceApp\ecomApp\android\.gradle\buildOutputCleanup)" [_thread_blocked, id=2484, stack(0x0000008801400000,0x0000008801500000)]
  0x0000024b51182000 JavaThread "included builds" [_thread_blocked, id=9324, stack(0x0000008801600000,0x0000008801700000)]
  0x0000024b51183000 JavaThread "Execution worker" [_thread_blocked, id=10564, stack(0x0000008807400000,0x0000008807500000)]
  0x0000024b51183800 JavaThread "Execution worker Thread 2" [_thread_blocked, id=9864, stack(0x0000008807600000,0x0000008807700000)]
  0x0000024b51185000 JavaThread "Execution worker Thread 3" [_thread_blocked, id=8500, stack(0x0000008807700000,0x0000008807800000)]
  0x0000024b5117f800 JavaThread "Cache worker for execution history cache (H:\React Native\EcommerceApp\ecomApp\node_modules\react-native-gradle-plugin\.gradle\7.5.1\executionHistory)" [_thread_blocked, id=5744, stack(0x0000008807800000,0x0000008807900000)]
  0x0000024b51189800 JavaThread "RMI Scheduler(0)" daemon [_thread_blocked, id=1944, stack(0x0000008801500000,0x0000008801600000)]
  0x0000024b51186000 JavaThread "RMI GC Daemon" daemon [_thread_blocked, id=6404, stack(0x0000008807a00000,0x0000008807b00000)]
  0x0000024b51187000 JavaThread "RMI TCP Accept-0" daemon [_thread_in_native, id=8744, stack(0x0000008807b00000,0x0000008807c00000)]
  0x0000024b51187800 JavaThread "RMI Reaper" [_thread_blocked, id=1184, stack(0x0000008807c00000,0x0000008807d00000)]
  0x0000024b4e970800 JavaThread "RMI TCP Connection(2)-127.0.0.1" daemon [_thread_in_native, id=6820, stack(0x0000008807d00000,0x0000008807e00000)]

Other Threads:
  0x0000024b4a369000 VMThread "VM Thread" [stack: 0x0000008801d00000,0x0000008801e00000] [id=7004]
  0x0000024b4aea9000 WatcherThread [stack: 0x0000008802700000,0x0000008802800000] [id=8280]
  0x0000024b2bf98800 GCTaskThread "GC Thread#0" [stack: 0x0000008801800000,0x0000008801900000] [id=5236]
  0x0000024b4b203000 GCTaskThread "GC Thread#1" [stack: 0x0000008802900000,0x0000008802a00000] [id=9284]
  0x0000024b4b3f1800 GCTaskThread "GC Thread#2" [stack: 0x0000008802a00000,0x0000008802b00000] [id=2456]
  0x0000024b4c1bf800 GCTaskThread "GC Thread#3" [stack: 0x0000008802c00000,0x0000008802d00000] [id=9024]
  0x0000024b2bfc8800 ConcurrentGCThread "G1 Main Marker" [stack: 0x0000008801900000,0x0000008801a00000] [id=2928]
  0x0000024b2bfca000 ConcurrentGCThread "G1 Conc#0" [stack: 0x0000008801a00000,0x0000008801b00000] [id=6568]
  0x0000024b2c058000 ConcurrentGCThread "G1 Refine#0" [stack: 0x0000008801b00000,0x0000008801c00000] [id=4876]
  0x0000024b2c059000 ConcurrentGCThread "G1 Young RemSet Sampling" [stack: 0x0000008801c00000,0x0000008801d00000] [id=5360]

Threads with active compile tasks:
C2 CompilerThread027580       4       org.objectweb.asm.ClassReader::accept (1412 bytes)

VM state:not at safepoint (normal execution)

VM Mutex/Monitor currently owned by a thread: None

Heap address: 0x0000000080000000, size: 2048 MB, Compressed Oops mode: 32-bit
Narrow klass base: 0x0000000000000000, Narrow klass shift: 3
Compressed class space size: 528482304 Address: 0x0000000100000000

Heap:
 garbage-first heap   total 324608K, used 283314K [0x0000000080000000, 0x0000000100000000)
  region size 1024K, 151 young (154624K), 4 survivors (4096K)
 Metaspace       used 147187K, capacity 150411K, committed 150604K, reserved 649216K
  class space    used 17488K, capacity 18794K, committed 18816K, reserved 516096K
Heap Regions: E=young(eden), S=young(survivor), O=old, HS=humongous(starts), HC=humongous(continues), CS=collection set, F=free, A=archive, TAMS=top-at-mark-start (previous, next)
|   0|0x0000000080000000, 0x0000000080100000, 0x0000000080100000|100%|HS|  |TAMS 0x0000000080100000, 0x0000000080000000| Complete 
|   1|0x0000000080100000, 0x0000000080200000, 0x0000000080200000|100%|HC|  |TAMS 0x0000000080200000, 0x0000000080100000| Complete 
|   2|0x0000000080200000, 0x0000000080300000, 0x0000000080300000|100%|HC|  |TAMS 0x0000000080300000, 0x0000000080200000| Complete 
|   3|0x0000000080300000, 0x0000000080400000, 0x0000000080400000|100%| O|  |TAMS 0x0000000080400000, 0x0000000080300000| Untracked 
|   4|0x0000000080400000, 0x0000000080500000, 0x0000000080500000|100%| O|  |TAMS 0x0000000080500000, 0x0000000080400000| Untracked 
|   5|0x0000000080500000, 0x0000000080600000, 0x0000000080600000|100%| O|  |TAMS 0x0000000080600000, 0x0000000080500000| Untracked 
|   6|0x0000000080600000, 0x0000000080700000, 0x0000000080700000|100%| O|  |TAMS 0x0000000080700000, 0x0000000080600000| Untracked 
|   7|0x0000000080700000, 0x0000000080800000, 0x0000000080800000|100%| O|  |TAMS 0x0000000080800000, 0x0000000080700000| Untracked 
|   8|0x0000000080800000, 0x0000000080900000, 0x0000000080900000|100%| O|  |TAMS 0x0000000080900000, 0x0000000080800000| Untracked 
|   9|0x0000000080900000, 0x0000000080a00000, 0x0000000080a00000|100%| O|  |TAMS 0x0000000080a00000, 0x0000000080900000| Untracked 
|  10|0x0000000080a00000, 0x0000000080b00000, 0x0000000080b00000|100%| O|  |TAMS 0x0000000080b00000, 0x0000000080a00000| Untracked 
|  11|0x0000000080b00000, 0x0000000080c00000, 0x0000000080c00000|100%| O|  |TAMS 0x0000000080c00000, 0x0000000080b00000| Untracked 
|  12|0x0000000080c00000, 0x0000000080d00000, 0x0000000080d00000|100%| O|  |TAMS 0x0000000080d00000, 0x0000000080c00000| Untracked 
|  13|0x0000000080d00000, 0x0000000080e00000, 0x0000000080e00000|100%| O|  |TAMS 0x0000000080e00000, 0x0000000080d00000| Untracked 
|  14|0x0000000080e00000, 0x0000000080f00000, 0x0000000080f00000|100%| O|  |TAMS 0x0000000080f00000, 0x0000000080e00000| Untracked 
|  15|0x0000000080f00000, 0x0000000081000000, 0x0000000081000000|100%| O|  |TAMS 0x0000000081000000, 0x0000000080f00000| Untracked 
|  16|0x0000000081000000, 0x0000000081100000, 0x0000000081100000|100%| O|  |TAMS 0x0000000081100000, 0x0000000081000000| Untracked 
|  17|0x0000000081100000, 0x0000000081200000, 0x0000000081200000|100%| O|  |TAMS 0x0000000081200000, 0x0000000081100000| Untracked 
|  18|0x0000000081200000, 0x0000000081300000, 0x0000000081300000|100%| O|  |TAMS 0x0000000081300000, 0x0000000081200000| Untracked 
|  19|0x0000000081300000, 0x0000000081400000, 0x0000000081400000|100%| O|  |TAMS 0x0000000081400000, 0x0000000081300000| Untracked 
|  20|0x0000000081400000, 0x0000000081500000, 0x0000000081500000|100%| O|  |TAMS 0x0000000081500000, 0x0000000081400000| Untracked 
|  21|0x0000000081500000, 0x0000000081600000, 0x0000000081600000|100%| O|  |TAMS 0x0000000081600000, 0x0000000081500000| Untracked 
|  22|0x0000000081600000, 0x0000000081700000, 0x0000000081700000|100%| O|  |TAMS 0x0000000081700000, 0x0000000081600000| Untracked 
|  23|0x0000000081700000, 0x0000000081800000, 0x0000000081800000|100%| O|  |TAMS 0x0000000081800000, 0x0000000081700000| Untracked 
|  24|0x0000000081800000, 0x0000000081900000, 0x0000000081900000|100%| O|  |TAMS 0x0000000081900000, 0x0000000081800000| Untracked 
|  25|0x0000000081900000, 0x0000000081a00000, 0x0000000081a00000|100%| O|  |TAMS 0x0000000081a00000, 0x0000000081900000| Untracked 
|  26|0x0000000081a00000, 0x0000000081b00000, 0x0000000081b00000|100%| O|  |TAMS 0x0000000081b00000, 0x0000000081a00000| Untracked 
|  27|0x0000000081b00000, 0x0000000081c00000, 0x0000000081c00000|100%| O|  |TAMS 0x0000000081c00000, 0x0000000081b00000| Untracked 
|  28|0x0000000081c00000, 0x0000000081d00000, 0x0000000081d00000|100%| O|  |TAMS 0x0000000081d00000, 0x0000000081c00000| Untracked 
|  29|0x0000000081d00000, 0x0000000081e00000, 0x0000000081e00000|100%| O|  |TAMS 0x0000000081e00000, 0x0000000081d00000| Untracked 
|  30|0x0000000081e00000, 0x0000000081f00000, 0x0000000081f00000|100%| O|  |TAMS 0x0000000081f00000, 0x0000000081e00000| Untracked 
|  31|0x0000000081f00000, 0x0000000082000000, 0x0000000082000000|100%| O|  |TAMS 0x0000000082000000, 0x0000000081f00000| Untracked 
|  32|0x0000000082000000, 0x0000000082100000, 0x0000000082100000|100%| O|  |TAMS 0x0000000082100000, 0x0000000082000000| Untracked 
|  33|0x0000000082100000, 0x0000000082200000, 0x0000000082200000|100%| O|  |TAMS 0x0000000082200000, 0x0000000082100000| Untracked 
|  34|0x0000000082200000, 0x0000000082300000, 0x0000000082300000|100%| O|  |TAMS 0x0000000082300000, 0x0000000082200000| Untracked 
|  35|0x0000000082300000, 0x0000000082400000, 0x0000000082400000|100%| O|  |TAMS 0x0000000082400000, 0x0000000082300000| Untracked 
|  36|0x0000000082400000, 0x0000000082500000, 0x0000000082500000|100%| O|  |TAMS 0x0000000082500000, 0x0000000082400000| Untracked 
|  37|0x0000000082500000, 0x0000000082600000, 0x0000000082600000|100%| O|  |TAMS 0x0000000082600000, 0x0000000082500000| Untracked 
|  38|0x0000000082600000, 0x0000000082700000, 0x0000000082700000|100%| O|  |TAMS 0x0000000082700000, 0x0000000082600000| Untracked 
|  39|0x0000000082700000, 0x0000000082800000, 0x0000000082800000|100%| O|  |TAMS 0x0000000082800000, 0x0000000082700000| Untracked 
|  40|0x0000000082800000, 0x0000000082900000, 0x0000000082900000|100%| O|  |TAMS 0x0000000082900000, 0x0000000082800000| Untracked 
|  41|0x0000000082900000, 0x0000000082a00000, 0x0000000082a00000|100%| O|  |TAMS 0x0000000082900000, 0x0000000082900000| Untracked 
|  42|0x0000000082a00000, 0x0000000082b00000, 0x0000000082b00000|100%| O|  |TAMS 0x0000000082a00000, 0x0000000082a00000| Untracked 
|  43|0x0000000082b00000, 0x0000000082c00000, 0x0000000082c00000|100%| O|  |TAMS 0x0000000082b00000, 0x0000000082b00000| Untracked 
|  44|0x0000000082c00000, 0x0000000082d00000, 0x0000000082d00000|100%| O|  |TAMS 0x0000000082c00000, 0x0000000082c00000| Untracked 
|  45|0x0000000082d00000, 0x0000000082e00000, 0x0000000082e00000|100%| O|  |TAMS 0x0000000082e00000, 0x0000000082d00000| Untracked 
|  46|0x0000000082e00000, 0x0000000082f00000, 0x0000000082f00000|100%| O|  |TAMS 0x0000000082e00000, 0x0000000082e00000| Untracked 
|  47|0x0000000082f00000, 0x0000000083000000, 0x0000000083000000|100%| O|  |TAMS 0x0000000082f00000, 0x0000000082f00000| Untracked 
|  48|0x0000000083000000, 0x0000000083100000, 0x0000000083100000|100%| O|  |TAMS 0x0000000083000000, 0x0000000083000000| Untracked 
|  49|0x0000000083100000, 0x0000000083200000, 0x0000000083200000|100%| O|  |TAMS 0x0000000083100000, 0x0000000083100000| Untracked 
|  50|0x0000000083200000, 0x0000000083300000, 0x0000000083300000|100%| O|  |TAMS 0x0000000083200000, 0x0000000083200000| Untracked 
|  51|0x0000000083300000, 0x0000000083400000, 0x0000000083400000|100%| O|  |TAMS 0x0000000083300000, 0x0000000083300000| Untracked 
|  52|0x0000000083400000, 0x0000000083500000, 0x0000000083500000|100%| O|  |TAMS 0x0000000083400000, 0x0000000083400000| Untracked 
|  53|0x0000000083500000, 0x0000000083600000, 0x0000000083600000|100%| O|  |TAMS 0x0000000083500000, 0x0000000083500000| Untracked 
|  54|0x0000000083600000, 0x0000000083700000, 0x0000000083700000|100%| O|  |TAMS 0x0000000083600000, 0x0000000083600000| Untracked 
|  55|0x0000000083700000, 0x0000000083800000, 0x0000000083800000|100%| O|  |TAMS 0x0000000083700000, 0x0000000083700000| Untracked 
|  56|0x0000000083800000, 0x0000000083900000, 0x0000000083900000|100%| O|  |TAMS 0x0000000083900000, 0x0000000083800000| Untracked 
|  57|0x0000000083900000, 0x0000000083a00000, 0x0000000083a00000|100%| O|  |TAMS 0x0000000083900000, 0x0000000083900000| Untracked 
|  58|0x0000000083a00000, 0x0000000083b00000, 0x0000000083b00000|100%| O|  |TAMS 0x0000000083a00000, 0x0000000083a00000| Untracked 
|  59|0x0000000083b00000, 0x0000000083c00000, 0x0000000083c00000|100%| O|  |TAMS 0x0000000083b00000, 0x0000000083b00000| Untracked 
|  60|0x0000000083c00000, 0x0000000083d00000, 0x0000000083d00000|100%|HS|  |TAMS 0x0000000083d00000, 0x0000000083c00000| Complete 
|  61|0x0000000083d00000, 0x0000000083e00000, 0x0000000083e00000|100%|HC|  |TAMS 0x0000000083e00000, 0x0000000083d00000| Complete 
|  62|0x0000000083e00000, 0x0000000083f00000, 0x0000000083f00000|100%|HC|  |TAMS 0x0000000083f00000, 0x0000000083e00000| Complete 
|  63|0x0000000083f00000, 0x0000000084000000, 0x0000000084000000|100%| O|  |TAMS 0x0000000083f00000, 0x0000000083f00000| Untracked 
|  64|0x0000000084000000, 0x0000000084100000, 0x0000000084100000|100%| O|  |TAMS 0x0000000084100000, 0x0000000084000000| Untracked 
|  65|0x0000000084100000, 0x0000000084200000, 0x0000000084200000|100%| O|  |TAMS 0x0000000084200000, 0x0000000084100000| Untracked 
|  66|0x0000000084200000, 0x0000000084300000, 0x0000000084300000|100%| O|  |TAMS 0x0000000084200000, 0x0000000084200000| Untracked 
|  67|0x0000000084300000, 0x0000000084400000, 0x0000000084400000|100%| O|  |TAMS 0x0000000084300000, 0x0000000084300000| Untracked 
|  68|0x0000000084400000, 0x0000000084500000, 0x0000000084500000|100%| O|  |TAMS 0x0000000084500000, 0x0000000084400000| Untracked 
|  69|0x0000000084500000, 0x0000000084600000, 0x0000000084600000|100%| O|  |TAMS 0x0000000084600000, 0x0000000084500000| Untracked 
|  70|0x0000000084600000, 0x0000000084700000, 0x0000000084700000|100%| O|  |TAMS 0x0000000084700000, 0x0000000084600000| Untracked 
|  71|0x0000000084700000, 0x0000000084800000, 0x0000000084800000|100%| O|  |TAMS 0x0000000084800000, 0x0000000084700000| Untracked 
|  72|0x0000000084800000, 0x0000000084900000, 0x0000000084900000|100%| O|  |TAMS 0x0000000084900000, 0x0000000084800000| Untracked 
|  73|0x0000000084900000, 0x0000000084a00000, 0x0000000084a00000|100%| O|  |TAMS 0x0000000084a00000, 0x0000000084900000| Untracked 
|  74|0x0000000084a00000, 0x0000000084b00000, 0x0000000084b00000|100%| O|  |TAMS 0x0000000084b00000, 0x0000000084a00000| Untracked 
|  75|0x0000000084b00000, 0x0000000084c00000, 0x0000000084c00000|100%| O|  |TAMS 0x0000000084c00000, 0x0000000084b00000| Untracked 
|  76|0x0000000084c00000, 0x0000000084d00000, 0x0000000084d00000|100%| O|  |TAMS 0x0000000084d00000, 0x0000000084c00000| Untracked 
|  77|0x0000000084d00000, 0x0000000084e00000, 0x0000000084e00000|100%| O|  |TAMS 0x0000000084e00000, 0x0000000084d00000| Untracked 
|  78|0x0000000084e00000, 0x0000000084f00000, 0x0000000084f00000|100%| O|  |TAMS 0x0000000084f00000, 0x0000000084e00000| Untracked 
|  79|0x0000000084f00000, 0x0000000085000000, 0x0000000085000000|100%| O|  |TAMS 0x0000000085000000, 0x0000000084f00000| Untracked 
|  80|0x0000000085000000, 0x0000000085100000, 0x0000000085100000|100%| O|  |TAMS 0x0000000085100000, 0x0000000085000000| Untracked 
|  81|0x0000000085100000, 0x0000000085200000, 0x0000000085200000|100%| O|  |TAMS 0x0000000085200000, 0x0000000085100000| Untracked 
|  82|0x0000000085200000, 0x0000000085300000, 0x0000000085300000|100%| O|  |TAMS 0x0000000085300000, 0x0000000085200000| Untracked 
|  83|0x0000000085300000, 0x0000000085400000, 0x0000000085400000|100%| O|  |TAMS 0x0000000085400000, 0x0000000085300000| Untracked 
|  84|0x0000000085400000, 0x0000000085500000, 0x0000000085500000|100%| O|  |TAMS 0x0000000085500000, 0x0000000085400000| Untracked 
|  85|0x0000000085500000, 0x0000000085600000, 0x0000000085600000|100%| O|  |TAMS 0x0000000085600000, 0x0000000085500000| Untracked 
|  86|0x0000000085600000, 0x0000000085700000, 0x0000000085700000|100%| O|  |TAMS 0x0000000085700000, 0x0000000085600000| Untracked 
|  87|0x0000000085700000, 0x0000000085800000, 0x0000000085800000|100%|HS|  |TAMS 0x0000000085700000, 0x0000000085700000| Complete 
|  88|0x0000000085800000, 0x0000000085900000, 0x0000000085900000|100%| O|  |TAMS 0x0000000085900000, 0x0000000085800000| Untracked 
|  89|0x0000000085900000, 0x0000000085a00000, 0x0000000085a00000|100%| O|  |TAMS 0x0000000085a00000, 0x0000000085900000| Untracked 
|  90|0x0000000085a00000, 0x0000000085b00000, 0x0000000085b00000|100%| O|  |TAMS 0x0000000085b00000, 0x0000000085a00000| Untracked 
|  91|0x0000000085b00000, 0x0000000085c00000, 0x0000000085c00000|100%| O|  |TAMS 0x0000000085b00000, 0x0000000085b00000| Untracked 
|  92|0x0000000085c00000, 0x0000000085d00000, 0x0000000085d00000|100%| O|  |TAMS 0x0000000085d00000, 0x0000000085c00000| Untracked 
|  93|0x0000000085d00000, 0x0000000085e00000, 0x0000000085e00000|100%| O|  |TAMS 0x0000000085e00000, 0x0000000085d00000| Untracked 
|  94|0x0000000085e00000, 0x0000000085f00000, 0x0000000085f00000|100%| O|  |TAMS 0x0000000085f00000, 0x0000000085e00000| Untracked 
|  95|0x0000000085f00000, 0x0000000086000000, 0x0000000086000000|100%| O|  |TAMS 0x0000000086000000, 0x0000000085f00000| Untracked 
|  96|0x0000000086000000, 0x0000000086100000, 0x0000000086100000|100%| O|  |TAMS 0x0000000086100000, 0x0000000086000000| Untracked 
|  97|0x0000000086100000, 0x0000000086200000, 0x0000000086200000|100%| O|  |TAMS 0x0000000086200000, 0x0000000086100000| Untracked 
|  98|0x0000000086200000, 0x0000000086300000, 0x0000000086300000|100%| O|  |TAMS 0x0000000086200000, 0x0000000086200000| Untracked 
|  99|0x0000000086300000, 0x0000000086300000, 0x0000000086400000|  0%| F|  |TAMS 0x0000000086300000, 0x0000000086300000| Untracked 
| 100|0x0000000086400000, 0x0000000086400000, 0x0000000086500000|  0%| F|  |TAMS 0x0000000086400000, 0x0000000086400000| Untracked 
| 101|0x0000000086500000, 0x00000000865eec00, 0x0000000086600000| 93%| O|  |TAMS 0x0000000086500000, 0x0000000086500000| Untracked 
| 102|0x0000000086600000, 0x0000000086600000, 0x0000000086700000|  0%| F|  |TAMS 0x0000000086600000, 0x0000000086600000| Untracked 
| 103|0x0000000086700000, 0x0000000086800000, 0x0000000086800000|100%| O|  |TAMS 0x0000000086800000, 0x0000000086700000| Untracked 
| 104|0x0000000086800000, 0x0000000086900000, 0x0000000086900000|100%| O|  |TAMS 0x0000000086800000, 0x0000000086800000| Untracked 
| 105|0x0000000086900000, 0x0000000086a00000, 0x0000000086a00000|100%| O|  |TAMS 0x0000000086900000, 0x0000000086900000| Untracked 
| 106|0x0000000086a00000, 0x0000000086b00000, 0x0000000086b00000|100%| O|  |TAMS 0x0000000086a00000, 0x0000000086a00000| Untracked 
| 107|0x0000000086b00000, 0x0000000086c00000, 0x0000000086c00000|100%|HS|  |TAMS 0x0000000086b00000, 0x0000000086b00000| Complete 
| 108|0x0000000086c00000, 0x0000000086d00000, 0x0000000086d00000|100%|HC|  |TAMS 0x0000000086c00000, 0x0000000086c00000| Complete 
| 109|0x0000000086d00000, 0x0000000086e00000, 0x0000000086e00000|100%|HC|  |TAMS 0x0000000086d00000, 0x0000000086d00000| Complete 
| 110|0x0000000086e00000, 0x0000000086f00000, 0x0000000086f00000|100%| O|  |TAMS 0x0000000086e00000, 0x0000000086e00000| Untracked 
| 111|0x0000000086f00000, 0x0000000087000000, 0x0000000087000000|100%| O|  |TAMS 0x0000000087000000, 0x0000000086f00000| Untracked 
| 112|0x0000000087000000, 0x0000000087100000, 0x0000000087100000|100%| O|  |TAMS 0x0000000087100000, 0x0000000087000000| Untracked 
| 113|0x0000000087100000, 0x0000000087200000, 0x0000000087200000|100%| O|  |TAMS 0x0000000087100000, 0x0000000087100000| Untracked 
| 114|0x0000000087200000, 0x0000000087300000, 0x0000000087300000|100%| O|  |TAMS 0x0000000087300000, 0x0000000087200000| Untracked 
| 115|0x0000000087300000, 0x0000000087400000, 0x0000000087400000|100%| O|  |TAMS 0x0000000087300000, 0x0000000087300000| Untracked 
| 116|0x0000000087400000, 0x0000000087500000, 0x0000000087500000|100%| O|  |TAMS 0x0000000087400000, 0x0000000087400000| Untracked 
| 117|0x0000000087500000, 0x0000000087600000, 0x0000000087600000|100%| O|  |TAMS 0x0000000087500000, 0x0000000087500000| Untracked 
| 118|0x0000000087600000, 0x0000000087700000, 0x0000000087700000|100%| O|  |TAMS 0x0000000087600000, 0x0000000087600000| Untracked 
| 119|0x0000000087700000, 0x0000000087800000, 0x0000000087800000|100%| O|  |TAMS 0x0000000087800000, 0x0000000087700000| Untracked 
| 120|0x0000000087800000, 0x0000000087900000, 0x0000000087900000|100%| O|  |TAMS 0x0000000087900000, 0x0000000087800000| Untracked 
| 121|0x0000000087900000, 0x0000000087a00000, 0x0000000087a00000|100%| O|  |TAMS 0x0000000087900000, 0x0000000087900000| Untracked 
| 122|0x0000000087a00000, 0x0000000087b00000, 0x0000000087b00000|100%| O|  |TAMS 0x0000000087a00000, 0x0000000087a00000| Untracked 
| 123|0x0000000087b00000, 0x0000000087c00000, 0x0000000087c00000|100%| O|  |TAMS 0x0000000087b00000, 0x0000000087b00000| Untracked 
| 124|0x0000000087c00000, 0x0000000087d00000, 0x0000000087d00000|100%| O|  |TAMS 0x0000000087c00000, 0x0000000087c00000| Untracked 
| 125|0x0000000087d00000, 0x0000000087e00000, 0x0000000087e00000|100%| O|  |TAMS 0x0000000087d00000, 0x0000000087d00000| Untracked 
| 126|0x0000000087e00000, 0x0000000087f00000, 0x0000000087f00000|100%| O|  |TAMS 0x0000000087e00000, 0x0000000087e00000| Untracked 
| 127|0x0000000087f00000, 0x0000000088000000, 0x0000000088000000|100%| O|  |TAMS 0x0000000087f00000, 0x0000000087f00000| Untracked 
| 128|0x0000000088000000, 0x0000000088100000, 0x0000000088100000|100%| O|  |TAMS 0x0000000088000000, 0x0000000088000000| Untracked 
| 129|0x0000000088100000, 0x0000000088200000, 0x0000000088200000|100%| O|  |TAMS 0x0000000088100000, 0x0000000088100000| Untracked 
| 130|0x0000000088200000, 0x0000000088200000, 0x0000000088300000|  0%| F|  |TAMS 0x0000000088200000, 0x0000000088200000| Untracked 
| 131|0x0000000088300000, 0x0000000088300000, 0x0000000088400000|  0%| F|  |TAMS 0x0000000088300000, 0x0000000088300000| Untracked 
| 132|0x0000000088400000, 0x0000000088400000, 0x0000000088500000|  0%| F|  |TAMS 0x0000000088400000, 0x0000000088400000| Untracked 
| 133|0x0000000088500000, 0x0000000088500000, 0x0000000088600000|  0%| F|  |TAMS 0x0000000088500000, 0x0000000088500000| Untracked 
| 134|0x0000000088600000, 0x0000000088600000, 0x0000000088700000|  0%| F|  |TAMS 0x0000000088600000, 0x0000000088600000| Untracked 
| 135|0x0000000088700000, 0x0000000088700000, 0x0000000088800000|  0%| F|  |TAMS 0x0000000088700000, 0x0000000088700000| Untracked 
| 136|0x0000000088800000, 0x0000000088800000, 0x0000000088900000|  0%| F|  |TAMS 0x0000000088800000, 0x0000000088800000| Untracked 
| 137|0x0000000088900000, 0x0000000088900000, 0x0000000088a00000|  0%| F|  |TAMS 0x0000000088900000, 0x0000000088900000| Untracked 
| 138|0x0000000088a00000, 0x0000000088a00000, 0x0000000088b00000|  0%| F|  |TAMS 0x0000000088a00000, 0x0000000088a00000| Untracked 
| 139|0x0000000088b00000, 0x0000000088b00000, 0x0000000088c00000|  0%| F|  |TAMS 0x0000000088b00000, 0x0000000088b00000| Untracked 
| 140|0x0000000088c00000, 0x0000000088c00000, 0x0000000088d00000|  0%| F|  |TAMS 0x0000000088c00000, 0x0000000088c00000| Untracked 
| 141|0x0000000088d00000, 0x0000000088d00000, 0x0000000088e00000|  0%| F|  |TAMS 0x0000000088d00000, 0x0000000088d00000| Untracked 
| 142|0x0000000088e00000, 0x0000000088e00000, 0x0000000088f00000|  0%| F|  |TAMS 0x0000000088e00000, 0x0000000088e00000| Untracked 
| 143|0x0000000088f00000, 0x0000000088f00000, 0x0000000089000000|  0%| F|  |TAMS 0x0000000088f00000, 0x0000000088f00000| Untracked 
| 144|0x0000000089000000, 0x0000000089000000, 0x0000000089100000|  0%| F|  |TAMS 0x0000000089000000, 0x0000000089000000| Untracked 
| 145|0x0000000089100000, 0x0000000089100000, 0x0000000089200000|  0%| F|  |TAMS 0x0000000089100000, 0x0000000089100000| Untracked 
| 146|0x0000000089200000, 0x0000000089200000, 0x0000000089300000|  0%| F|  |TAMS 0x0000000089200000, 0x0000000089200000| Untracked 
| 147|0x0000000089300000, 0x0000000089300000, 0x0000000089400000|  0%| F|  |TAMS 0x0000000089300000, 0x0000000089300000| Untracked 
| 148|0x0000000089400000, 0x0000000089400000, 0x0000000089500000|  0%| F|  |TAMS 0x0000000089400000, 0x0000000089400000| Untracked 
| 149|0x0000000089500000, 0x0000000089500000, 0x0000000089600000|  0%| F|  |TAMS 0x0000000089500000, 0x0000000089500000| Untracked 
| 150|0x0000000089600000, 0x0000000089600000, 0x0000000089700000|  0%| F|  |TAMS 0x0000000089600000, 0x0000000089600000| Untracked 
| 151|0x0000000089700000, 0x0000000089700000, 0x0000000089800000|  0%| F|  |TAMS 0x0000000089700000, 0x0000000089700000| Untracked 
| 152|0x0000000089800000, 0x0000000089800000, 0x0000000089900000|  0%| F|  |TAMS 0x0000000089800000, 0x0000000089800000| Untracked 
| 153|0x0000000089900000, 0x0000000089900000, 0x0000000089a00000|  0%| F|  |TAMS 0x0000000089900000, 0x0000000089900000| Untracked 
| 154|0x0000000089a00000, 0x0000000089a00000, 0x0000000089b00000|  0%| F|  |TAMS 0x0000000089a00000, 0x0000000089a00000| Untracked 
| 155|0x0000000089b00000, 0x0000000089b00000, 0x0000000089c00000|  0%| F|  |TAMS 0x0000000089b00000, 0x0000000089b00000| Untracked 
| 156|0x0000000089c00000, 0x0000000089c00000, 0x0000000089d00000|  0%| F|  |TAMS 0x0000000089c00000, 0x0000000089c00000| Untracked 
| 157|0x0000000089d00000, 0x0000000089d00000, 0x0000000089e00000|  0%| F|  |TAMS 0x0000000089d00000, 0x0000000089d00000| Untracked 
| 158|0x0000000089e00000, 0x0000000089e00000, 0x0000000089f00000|  0%| F|  |TAMS 0x0000000089e00000, 0x0000000089e00000| Untracked 
| 159|0x0000000089f00000, 0x0000000089f00000, 0x000000008a000000|  0%| F|  |TAMS 0x0000000089f00000, 0x0000000089f00000| Untracked 
| 160|0x000000008a000000, 0x000000008a000000, 0x000000008a100000|  0%| F|  |TAMS 0x000000008a000000, 0x000000008a000000| Untracked 
| 161|0x000000008a100000, 0x000000008a100000, 0x000000008a200000|  0%| F|  |TAMS 0x000000008a100000, 0x000000008a100000| Untracked 
| 162|0x000000008a200000, 0x000000008a2bdec0, 0x000000008a300000| 74%| E|CS|TAMS 0x000000008a200000, 0x000000008a200000| Complete 
| 163|0x000000008a300000, 0x000000008a400000, 0x000000008a400000|100%| E|CS|TAMS 0x000000008a300000, 0x000000008a300000| Complete 
| 164|0x000000008a400000, 0x000000008a500000, 0x000000008a500000|100%| E|CS|TAMS 0x000000008a400000, 0x000000008a400000| Complete 
| 165|0x000000008a500000, 0x000000008a600000, 0x000000008a600000|100%| E|CS|TAMS 0x000000008a500000, 0x000000008a500000| Complete 
| 166|0x000000008a600000, 0x000000008a6a6e28, 0x000000008a700000| 65%| S|  |TAMS 0x000000008a600000, 0x000000008a600000| Complete 
| 167|0x000000008a700000, 0x000000008a800000, 0x000000008a800000|100%| S|  |TAMS 0x000000008a700000, 0x000000008a700000| Complete 
| 168|0x000000008a800000, 0x000000008a900000, 0x000000008a900000|100%| S|  |TAMS 0x000000008a800000, 0x000000008a800000| Complete 
| 169|0x000000008a900000, 0x000000008aa00000, 0x000000008aa00000|100%| E|CS|TAMS 0x000000008a900000, 0x000000008a900000| Complete 
| 170|0x000000008aa00000, 0x000000008ab00000, 0x000000008ab00000|100%| E|CS|TAMS 0x000000008aa00000, 0x000000008aa00000| Complete 
| 171|0x000000008ab00000, 0x000000008ac00000, 0x000000008ac00000|100%| E|CS|TAMS 0x000000008ab00000, 0x000000008ab00000| Complete 
| 172|0x000000008ac00000, 0x000000008ad00000, 0x000000008ad00000|100%| E|CS|TAMS 0x000000008ac00000, 0x000000008ac00000| Complete 
| 173|0x000000008ad00000, 0x000000008ae00000, 0x000000008ae00000|100%| E|CS|TAMS 0x000000008ad00000, 0x000000008ad00000| Complete 
| 174|0x000000008ae00000, 0x000000008af00000, 0x000000008af00000|100%| E|CS|TAMS 0x000000008ae00000, 0x000000008ae00000| Complete 
| 175|0x000000008af00000, 0x000000008b000000, 0x000000008b000000|100%| E|CS|TAMS 0x000000008af00000, 0x000000008af00000| Complete 
| 176|0x000000008b000000, 0x000000008b100000, 0x000000008b100000|100%| E|CS|TAMS 0x000000008b000000, 0x000000008b000000| Complete 
| 177|0x000000008b100000, 0x000000008b200000, 0x000000008b200000|100%| E|CS|TAMS 0x000000008b100000, 0x000000008b100000| Complete 
| 178|0x000000008b200000, 0x000000008b300000, 0x000000008b300000|100%| E|CS|TAMS 0x000000008b200000, 0x000000008b200000| Complete 
| 179|0x000000008b300000, 0x000000008b400000, 0x000000008b400000|100%| E|CS|TAMS 0x000000008b300000, 0x000000008b300000| Complete 
| 180|0x000000008b400000, 0x000000008b500000, 0x000000008b500000|100%| E|CS|TAMS 0x000000008b400000, 0x000000008b400000| Complete 
| 181|0x000000008b500000, 0x000000008b600000, 0x000000008b600000|100%| E|CS|TAMS 0x000000008b500000, 0x000000008b500000| Complete 
| 182|0x000000008b600000, 0x000000008b700000, 0x000000008b700000|100%| E|CS|TAMS 0x000000008b600000, 0x000000008b600000| Complete 
| 183|0x000000008b700000, 0x000000008b800000, 0x000000008b800000|100%| E|CS|TAMS 0x000000008b700000, 0x000000008b700000| Complete 
| 184|0x000000008b800000, 0x000000008b900000, 0x000000008b900000|100%| E|CS|TAMS 0x000000008b800000, 0x000000008b800000| Complete 
| 185|0x000000008b900000, 0x000000008ba00000, 0x000000008ba00000|100%| E|CS|TAMS 0x000000008b900000, 0x000000008b900000| Complete 
| 186|0x000000008ba00000, 0x000000008bb00000, 0x000000008bb00000|100%| E|CS|TAMS 0x000000008ba00000, 0x000000008ba00000| Complete 
| 187|0x000000008bb00000, 0x000000008bc00000, 0x000000008bc00000|100%| E|CS|TAMS 0x000000008bb00000, 0x000000008bb00000| Complete 
| 188|0x000000008bc00000, 0x000000008bd00000, 0x000000008bd00000|100%| E|CS|TAMS 0x000000008bc00000, 0x000000008bc00000| Complete 
| 189|0x000000008bd00000, 0x000000008be00000, 0x000000008be00000|100%| E|CS|TAMS 0x000000008bd00000, 0x000000008bd00000| Complete 
| 190|0x000000008be00000, 0x000000008bf00000, 0x000000008bf00000|100%| E|CS|TAMS 0x000000008be00000, 0x000000008be00000| Complete 
| 191|0x000000008bf00000, 0x000000008c000000, 0x000000008c000000|100%| E|CS|TAMS 0x000000008bf00000, 0x000000008bf00000| Complete 
| 192|0x000000008c000000, 0x000000008c100000, 0x000000008c100000|100%| E|CS|TAMS 0x000000008c000000, 0x000000008c000000| Complete 
| 193|0x000000008c100000, 0x000000008c200000, 0x000000008c200000|100%| E|CS|TAMS 0x000000008c100000, 0x000000008c100000| Complete 
| 194|0x000000008c200000, 0x000000008c300000, 0x000000008c300000|100%| E|CS|TAMS 0x000000008c200000, 0x000000008c200000| Complete 
| 195|0x000000008c300000, 0x000000008c400000, 0x000000008c400000|100%| E|CS|TAMS 0x000000008c300000, 0x000000008c300000| Complete 
| 196|0x000000008c400000, 0x000000008c500000, 0x000000008c500000|100%| E|CS|TAMS 0x000000008c400000, 0x000000008c400000| Complete 
| 197|0x000000008c500000, 0x000000008c600000, 0x000000008c600000|100%| E|CS|TAMS 0x000000008c500000, 0x000000008c500000| Complete 
| 198|0x000000008c600000, 0x000000008c700000, 0x000000008c700000|100%| E|CS|TAMS 0x000000008c600000, 0x000000008c600000| Complete 
| 199|0x000000008c700000, 0x000000008c800000, 0x000000008c800000|100%| E|CS|TAMS 0x000000008c700000, 0x000000008c700000| Complete 
| 200|0x000000008c800000, 0x000000008c900000, 0x000000008c900000|100%| E|CS|TAMS 0x000000008c800000, 0x000000008c800000| Complete 
| 201|0x000000008c900000, 0x000000008ca00000, 0x000000008ca00000|100%| E|CS|TAMS 0x000000008c900000, 0x000000008c900000| Complete 
| 202|0x000000008ca00000, 0x000000008cb00000, 0x000000008cb00000|100%| E|CS|TAMS 0x000000008ca00000, 0x000000008ca00000| Complete 
| 203|0x000000008cb00000, 0x000000008cc00000, 0x000000008cc00000|100%| E|CS|TAMS 0x000000008cb00000, 0x000000008cb00000| Complete 
| 204|0x000000008cc00000, 0x000000008cd00000, 0x000000008cd00000|100%| E|CS|TAMS 0x000000008cc00000, 0x000000008cc00000| Complete 
| 205|0x000000008cd00000, 0x000000008ce00000, 0x000000008ce00000|100%| E|CS|TAMS 0x000000008cd00000, 0x000000008cd00000| Complete 
| 206|0x000000008ce00000, 0x000000008cf00000, 0x000000008cf00000|100%| E|CS|TAMS 0x000000008ce00000, 0x000000008ce00000| Complete 
| 207|0x000000008cf00000, 0x000000008d000000, 0x000000008d000000|100%| E|CS|TAMS 0x000000008cf00000, 0x000000008cf00000| Complete 
| 208|0x000000008d000000, 0x000000008d100000, 0x000000008d100000|100%| E|CS|TAMS 0x000000008d000000, 0x000000008d000000| Complete 
| 209|0x000000008d100000, 0x000000008d200000, 0x000000008d200000|100%| E|CS|TAMS 0x000000008d100000, 0x000000008d100000| Complete 
| 210|0x000000008d200000, 0x000000008d300000, 0x000000008d300000|100%| E|CS|TAMS 0x000000008d200000, 0x000000008d200000| Complete 
| 211|0x000000008d300000, 0x000000008d400000, 0x000000008d400000|100%| E|CS|TAMS 0x000000008d300000, 0x000000008d300000| Complete 
| 212|0x000000008d400000, 0x000000008d500000, 0x000000008d500000|100%| E|CS|TAMS 0x000000008d400000, 0x000000008d400000| Complete 
| 213|0x000000008d500000, 0x000000008d600000, 0x000000008d600000|100%| E|CS|TAMS 0x000000008d500000, 0x000000008d500000| Complete 
| 214|0x000000008d600000, 0x000000008d700000, 0x000000008d700000|100%| E|CS|TAMS 0x000000008d600000, 0x000000008d600000| Complete 
| 215|0x000000008d700000, 0x000000008d800000, 0x000000008d800000|100%| E|CS|TAMS 0x000000008d700000, 0x000000008d700000| Complete 
| 216|0x000000008d800000, 0x000000008d900000, 0x000000008d900000|100%| E|CS|TAMS 0x000000008d800000, 0x000000008d800000| Complete 
| 217|0x000000008d900000, 0x000000008da00000, 0x000000008da00000|100%| E|CS|TAMS 0x000000008d900000, 0x000000008d900000| Complete 
| 218|0x000000008da00000, 0x000000008db00000, 0x000000008db00000|100%| E|CS|TAMS 0x000000008da00000, 0x000000008da00000| Complete 
| 219|0x000000008db00000, 0x000000008dc00000, 0x000000008dc00000|100%| E|CS|TAMS 0x000000008db00000, 0x000000008db00000| Complete 
| 220|0x000000008dc00000, 0x000000008dd00000, 0x000000008dd00000|100%| E|CS|TAMS 0x000000008dc00000, 0x000000008dc00000| Complete 
| 221|0x000000008dd00000, 0x000000008de00000, 0x000000008de00000|100%| E|CS|TAMS 0x000000008dd00000, 0x000000008dd00000| Complete 
| 222|0x000000008de00000, 0x000000008df00000, 0x000000008df00000|100%| E|CS|TAMS 0x000000008de00000, 0x000000008de00000| Complete 
| 223|0x000000008df00000, 0x000000008e000000, 0x000000008e000000|100%| E|CS|TAMS 0x000000008df00000, 0x000000008df00000| Complete 
| 224|0x000000008e000000, 0x000000008e100000, 0x000000008e100000|100%| E|CS|TAMS 0x000000008e000000, 0x000000008e000000| Complete 
| 225|0x000000008e100000, 0x000000008e200000, 0x000000008e200000|100%| E|CS|TAMS 0x000000008e100000, 0x000000008e100000| Complete 
| 226|0x000000008e200000, 0x000000008e300000, 0x000000008e300000|100%| E|CS|TAMS 0x000000008e200000, 0x000000008e200000| Complete 
| 227|0x000000008e300000, 0x000000008e400000, 0x000000008e400000|100%| E|CS|TAMS 0x000000008e300000, 0x000000008e300000| Complete 
| 228|0x000000008e400000, 0x000000008e400000, 0x000000008e500000|  0%| F|  |TAMS 0x000000008e400000, 0x000000008e400000| Complete 
| 229|0x000000008e500000, 0x000000008e500000, 0x000000008e600000|  0%| F|  |TAMS 0x000000008e500000, 0x000000008e500000| Untracked 
| 230|0x000000008e600000, 0x000000008e600000, 0x000000008e700000|  0%| F|  |TAMS 0x000000008e600000, 0x000000008e600000| Untracked 
| 231|0x000000008e700000, 0x000000008e700000, 0x000000008e800000|  0%| F|  |TAMS 0x000000008e700000, 0x000000008e700000| Untracked 
| 232|0x000000008e800000, 0x000000008e800000, 0x000000008e900000|  0%| F|  |TAMS 0x000000008e800000, 0x000000008e800000| Untracked 
| 233|0x000000008e900000, 0x000000008e900000, 0x000000008ea00000|  0%| F|  |TAMS 0x000000008e900000, 0x000000008e900000| Untracked 
| 234|0x000000008ea00000, 0x000000008ea00000, 0x000000008eb00000|  0%| F|  |TAMS 0x000000008ea00000, 0x000000008ea00000| Untracked 
| 235|0x000000008eb00000, 0x000000008eb00000, 0x000000008ec00000|  0%| F|  |TAMS 0x000000008eb00000, 0x000000008eb00000| Untracked 
| 236|0x000000008ec00000, 0x000000008ec00000, 0x000000008ed00000|  0%| F|  |TAMS 0x000000008ec00000, 0x000000008ec00000| Untracked 
| 237|0x000000008ed00000, 0x000000008ed00000, 0x000000008ee00000|  0%| F|  |TAMS 0x000000008ed00000, 0x000000008ed00000| Untracked 
| 238|0x000000008ee00000, 0x000000008ee00000, 0x000000008ef00000|  0%| F|  |TAMS 0x000000008ee00000, 0x000000008ee00000| Untracked 
| 239|0x000000008ef00000, 0x000000008ef00000, 0x000000008f000000|  0%| F|  |TAMS 0x000000008ef00000, 0x000000008ef00000| Untracked 
| 240|0x000000008f000000, 0x000000008f000000, 0x000000008f100000|  0%| F|  |TAMS 0x000000008f000000, 0x000000008f000000| Untracked 
| 241|0x000000008f100000, 0x000000008f100000, 0x000000008f200000|  0%| F|  |TAMS 0x000000008f100000, 0x000000008f100000| Untracked 
| 242|0x000000008f200000, 0x000000008f200000, 0x000000008f300000|  0%| F|  |TAMS 0x000000008f200000, 0x000000008f200000| Untracked 
| 243|0x000000008f300000, 0x000000008f300000, 0x000000008f400000|  0%| F|  |TAMS 0x000000008f300000, 0x000000008f300000| Untracked 
| 244|0x000000008f400000, 0x000000008f400000, 0x000000008f500000|  0%| F|  |TAMS 0x000000008f400000, 0x000000008f400000| Untracked 
| 245|0x000000008f500000, 0x000000008f500000, 0x000000008f600000|  0%| F|  |TAMS 0x000000008f500000, 0x000000008f500000| Untracked 
| 246|0x000000008f600000, 0x000000008f600000, 0x000000008f700000|  0%| F|  |TAMS 0x000000008f600000, 0x000000008f600000| Untracked 
| 247|0x000000008f700000, 0x000000008f700000, 0x000000008f800000|  0%| F|  |TAMS 0x000000008f700000, 0x000000008f700000| Untracked 
| 248|0x000000008f800000, 0x000000008f800000, 0x000000008f900000|  0%| F|  |TAMS 0x000000008f800000, 0x000000008f800000| Untracked 
| 249|0x000000008f900000, 0x000000008f900000, 0x000000008fa00000|  0%| F|  |TAMS 0x000000008f900000, 0x000000008f900000| Untracked 
| 250|0x000000008fa00000, 0x000000008fa00000, 0x000000008fb00000|  0%| F|  |TAMS 0x000000008fa00000, 0x000000008fa00000| Untracked 
| 251|0x000000008fb00000, 0x000000008fb00000, 0x000000008fc00000|  0%| F|  |TAMS 0x000000008fb00000, 0x000000008fb00000| Untracked 
| 252|0x000000008fc00000, 0x000000008fc00000, 0x000000008fd00000|  0%| F|  |TAMS 0x000000008fc00000, 0x000000008fc00000| Untracked 
| 253|0x000000008fd00000, 0x000000008fd00000, 0x000000008fe00000|  0%| F|  |TAMS 0x000000008fd00000, 0x000000008fd00000| Untracked 
| 254|0x000000008fe00000, 0x000000008fe00000, 0x000000008ff00000|  0%| F|  |TAMS 0x000000008fe00000, 0x000000008fe00000| Untracked 
| 255|0x000000008ff00000, 0x000000008ff00000, 0x0000000090000000|  0%| F|  |TAMS 0x000000008ff00000, 0x000000008ff00000| Untracked 
| 256|0x0000000090000000, 0x0000000090000000, 0x0000000090100000|  0%| F|  |TAMS 0x0000000090000000, 0x0000000090000000| Untracked 
| 257|0x0000000090100000, 0x0000000090100000, 0x0000000090200000|  0%| F|  |TAMS 0x0000000090100000, 0x0000000090100000| Untracked 
| 258|0x0000000090200000, 0x0000000090200000, 0x0000000090300000|  0%| F|  |TAMS 0x0000000090200000, 0x0000000090200000| Untracked 
| 259|0x0000000090300000, 0x0000000090300000, 0x0000000090400000|  0%| F|  |TAMS 0x0000000090300000, 0x0000000090300000| Untracked 
| 260|0x0000000090400000, 0x0000000090400000, 0x0000000090500000|  0%| F|  |TAMS 0x0000000090400000, 0x0000000090400000| Untracked 
| 261|0x0000000090500000, 0x0000000090500000, 0x0000000090600000|  0%| F|  |TAMS 0x0000000090500000, 0x0000000090500000| Untracked 
| 262|0x0000000090600000, 0x0000000090600000, 0x0000000090700000|  0%| F|  |TAMS 0x0000000090600000, 0x0000000090600000| Untracked 
| 263|0x0000000090700000, 0x0000000090700000, 0x0000000090800000|  0%| F|  |TAMS 0x0000000090700000, 0x0000000090700000| Untracked 
| 264|0x0000000090800000, 0x0000000090800000, 0x0000000090900000|  0%| F|  |TAMS 0x0000000090800000, 0x0000000090800000| Untracked 
| 265|0x0000000090900000, 0x0000000090900000, 0x0000000090a00000|  0%| F|  |TAMS 0x0000000090900000, 0x0000000090900000| Untracked 
| 266|0x0000000090a00000, 0x0000000090a00000, 0x0000000090b00000|  0%| F|  |TAMS 0x0000000090a00000, 0x0000000090a00000| Untracked 
| 267|0x0000000090b00000, 0x0000000090b00000, 0x0000000090c00000|  0%| F|  |TAMS 0x0000000090b00000, 0x0000000090b00000| Untracked 
| 268|0x0000000090c00000, 0x0000000090c00000, 0x0000000090d00000|  0%| F|  |TAMS 0x0000000090c00000, 0x0000000090c00000| Untracked 
| 269|0x0000000090d00000, 0x0000000090d00000, 0x0000000090e00000|  0%| F|  |TAMS 0x0000000090d00000, 0x0000000090d00000| Untracked 
| 270|0x0000000090e00000, 0x0000000090e00000, 0x0000000090f00000|  0%| F|  |TAMS 0x0000000090e00000, 0x0000000090e00000| Untracked 
| 271|0x0000000090f00000, 0x0000000090f00000, 0x0000000091000000|  0%| F|  |TAMS 0x0000000090f00000, 0x0000000090f00000| Untracked 
| 272|0x0000000091000000, 0x0000000091000000, 0x0000000091100000|  0%| F|  |TAMS 0x0000000091000000, 0x0000000091000000| Untracked 
| 273|0x0000000091100000, 0x0000000091100000, 0x0000000091200000|  0%| F|  |TAMS 0x0000000091100000, 0x0000000091100000| Untracked 
| 274|0x0000000091200000, 0x0000000091200000, 0x0000000091300000|  0%| F|  |TAMS 0x0000000091200000, 0x0000000091200000| Untracked 
| 275|0x0000000091300000, 0x0000000091300000, 0x0000000091400000|  0%| F|  |TAMS 0x0000000091300000, 0x0000000091300000| Untracked 
| 276|0x0000000091400000, 0x0000000091400000, 0x0000000091500000|  0%| F|  |TAMS 0x0000000091400000, 0x0000000091400000| Untracked 
| 277|0x0000000091500000, 0x0000000091500000, 0x0000000091600000|  0%| F|  |TAMS 0x0000000091500000, 0x0000000091500000| Untracked 
| 278|0x0000000091600000, 0x0000000091600000, 0x0000000091700000|  0%| F|  |TAMS 0x0000000091600000, 0x0000000091600000| Untracked 
| 279|0x0000000091700000, 0x0000000091700000, 0x0000000091800000|  0%| F|  |TAMS 0x0000000091700000, 0x0000000091700000| Untracked 
| 280|0x0000000091800000, 0x0000000091800000, 0x0000000091900000|  0%| F|  |TAMS 0x0000000091800000, 0x0000000091800000| Untracked 
| 281|0x0000000091900000, 0x0000000091900000, 0x0000000091a00000|  0%| F|  |TAMS 0x0000000091900000, 0x0000000091900000| Untracked 
| 282|0x0000000091a00000, 0x0000000091a00000, 0x0000000091b00000|  0%| F|  |TAMS 0x0000000091a00000, 0x0000000091a00000| Untracked 
| 283|0x0000000091b00000, 0x0000000091b00000, 0x0000000091c00000|  0%| F|  |TAMS 0x0000000091b00000, 0x0000000091b00000| Untracked 
| 284|0x0000000091c00000, 0x0000000091c00000, 0x0000000091d00000|  0%| F|  |TAMS 0x0000000091c00000, 0x0000000091c00000| Untracked 
| 285|0x0000000091d00000, 0x0000000091d00000, 0x0000000091e00000|  0%| F|  |TAMS 0x0000000091d00000, 0x0000000091d00000| Untracked 
| 286|0x0000000091e00000, 0x0000000091e00000, 0x0000000091f00000|  0%| F|  |TAMS 0x0000000091e00000, 0x0000000091e00000| Untracked 
| 287|0x0000000091f00000, 0x0000000091f00000, 0x0000000092000000|  0%| F|  |TAMS 0x0000000091f00000, 0x0000000091f00000| Untracked 
| 288|0x0000000092000000, 0x0000000092000000, 0x0000000092100000|  0%| F|  |TAMS 0x0000000092000000, 0x0000000092000000| Untracked 
| 289|0x0000000092100000, 0x0000000092100000, 0x0000000092200000|  0%| F|  |TAMS 0x0000000092100000, 0x0000000092100000| Untracked 
| 290|0x0000000092200000, 0x0000000092200000, 0x0000000092300000|  0%| F|  |TAMS 0x0000000092200000, 0x0000000092200000| Untracked 
| 291|0x0000000092300000, 0x0000000092300000, 0x0000000092400000|  0%| F|  |TAMS 0x0000000092300000, 0x0000000092300000| Untracked 
| 292|0x0000000092400000, 0x0000000092400000, 0x0000000092500000|  0%| F|  |TAMS 0x0000000092400000, 0x0000000092400000| Untracked 
| 293|0x0000000092500000, 0x0000000092500000, 0x0000000092600000|  0%| F|  |TAMS 0x0000000092500000, 0x0000000092500000| Untracked 
| 294|0x0000000092600000, 0x0000000092600000, 0x0000000092700000|  0%| F|  |TAMS 0x0000000092600000, 0x0000000092600000| Untracked 
| 295|0x0000000092700000, 0x0000000092700000, 0x0000000092800000|  0%| F|  |TAMS 0x0000000092700000, 0x0000000092700000| Untracked 
| 296|0x0000000092800000, 0x0000000092800000, 0x0000000092900000|  0%| F|  |TAMS 0x0000000092800000, 0x0000000092800000| Untracked 
| 297|0x0000000092900000, 0x0000000092900000, 0x0000000092a00000|  0%| F|  |TAMS 0x0000000092900000, 0x0000000092900000| Untracked 
| 298|0x0000000092a00000, 0x0000000092a00000, 0x0000000092b00000|  0%| F|  |TAMS 0x0000000092a00000, 0x0000000092a00000| Untracked 
| 299|0x0000000092b00000, 0x0000000092b00000, 0x0000000092c00000|  0%| F|  |TAMS 0x0000000092b00000, 0x0000000092b00000| Untracked 
| 300|0x0000000092c00000, 0x0000000092c00000, 0x0000000092d00000|  0%| F|  |TAMS 0x0000000092c00000, 0x0000000092c00000| Untracked 
| 301|0x0000000092d00000, 0x0000000092d00000, 0x0000000092e00000|  0%| F|  |TAMS 0x0000000092d00000, 0x0000000092d00000| Untracked 
| 302|0x0000000092e00000, 0x0000000092e00000, 0x0000000092f00000|  0%| F|  |TAMS 0x0000000092e00000, 0x0000000092e00000| Untracked 
| 303|0x0000000092f00000, 0x0000000092f00000, 0x0000000093000000|  0%| F|  |TAMS 0x0000000092f00000, 0x0000000092f00000| Untracked 
| 304|0x0000000093000000, 0x0000000093000000, 0x0000000093100000|  0%| F|  |TAMS 0x0000000093000000, 0x0000000093000000| Untracked 
| 305|0x0000000093100000, 0x0000000093100000, 0x0000000093200000|  0%| F|  |TAMS 0x0000000093100000, 0x0000000093100000| Untracked 
| 306|0x0000000093200000, 0x0000000093200000, 0x0000000093300000|  0%| F|  |TAMS 0x0000000093200000, 0x0000000093200000| Untracked 
| 307|0x0000000093300000, 0x0000000093300000, 0x0000000093400000|  0%| F|  |TAMS 0x0000000093300000, 0x0000000093300000| Untracked 
| 308|0x0000000093400000, 0x0000000093400000, 0x0000000093500000|  0%| F|  |TAMS 0x0000000093400000, 0x0000000093400000| Untracked 
| 309|0x0000000093500000, 0x0000000093500000, 0x0000000093600000|  0%| F|  |TAMS 0x0000000093500000, 0x0000000093500000| Untracked 
| 310|0x0000000093600000, 0x0000000093600000, 0x0000000093700000|  0%| F|  |TAMS 0x0000000093600000, 0x0000000093600000| Untracked 
| 311|0x0000000093700000, 0x0000000093700000, 0x0000000093800000|  0%| F|  |TAMS 0x0000000093700000, 0x0000000093700000| Untracked 
| 312|0x0000000093800000, 0x0000000093800000, 0x0000000093900000|  0%| F|  |TAMS 0x0000000093800000, 0x0000000093800000| Untracked 
| 313|0x0000000093900000, 0x0000000093900000, 0x0000000093a00000|  0%| F|  |TAMS 0x0000000093900000, 0x0000000093900000| Untracked 
| 314|0x0000000093a00000, 0x0000000093a00000, 0x0000000093b00000|  0%| F|  |TAMS 0x0000000093a00000, 0x0000000093a00000| Untracked 
| 315|0x0000000093b00000, 0x0000000093c00000, 0x0000000093c00000|100%| E|  |TAMS 0x0000000093b00000, 0x0000000093b00000| Complete 
| 316|0x0000000093c00000, 0x0000000093d00000, 0x0000000093d00000|100%| E|CS|TAMS 0x0000000093c00000, 0x0000000093c00000| Complete 

Card table byte_map: [0x0000024b436b0000,0x0000024b43ab0000] _byte_map_base: 0x0000024b432b0000

Marking Bits (Prev, Next): (CMBitMap*) 0x0000024b2bfbfde0, (CMBitMap*) 0x0000024b2bfbfda8
 Prev Bits: [0x0000024b45eb0000, 0x0000024b47eb0000)
 Next Bits: [0x0000024b43eb0000, 0x0000024b45eb0000)

Polling page: 0x0000024b29f40000

Metaspace:

Usage:
  Non-class:    128.53 MB capacity,   126.66 MB ( 99%) used,     1.49 MB (  1%) free+waste,   388.06 KB ( <1%) overhead. 
      Class:     18.35 MB capacity,    17.08 MB ( 93%) used,     1.11 MB (  6%) free+waste,   174.00 KB ( <1%) overhead. 
       Both:    146.89 MB capacity,   143.74 MB ( 98%) used,     2.60 MB (  2%) free+waste,   562.06 KB ( <1%) overhead. 

Virtual space:
  Non-class space:      130.00 MB reserved,     128.70 MB ( 99%) committed 
      Class space:      504.00 MB reserved,      18.38 MB (  4%) committed 
             Both:      634.00 MB reserved,     147.07 MB ( 23%) committed 

Chunk freelists:
   Non-Class:  5.38 KB
       Class:  0 bytes
        Both:  5.38 KB

CodeHeap 'non-profiled nmethods': size=120064Kb used=15965Kb max_used=16747Kb free=104098Kb
 bounds [0x0000024b3bd70000, 0x0000024b3cdd0000, 0x0000024b432b0000]
CodeHeap 'profiled nmethods': size=120000Kb used=59460Kb max_used=59460Kb free=60539Kb
 bounds [0x0000024b34840000, 0x0000024b382a0000, 0x0000024b3bd70000]
CodeHeap 'non-nmethods': size=5696Kb used=2411Kb max_used=2449Kb free=3284Kb
 bounds [0x0000024b342b0000, 0x0000024b34530000, 0x0000024b34840000]
 total_blobs=36010 nmethods=22600 adapters=970
 compilation: enabled
              stopped_count=0, restarted_count=0
 full_count=0

Compilation events (10 events):
Event: 168.958 Thread 0x0000024b4a3d8000 nmethod 27574 0x0000024b3ca47490 code [0x0000024b3ca47640, 0x0000024b3ca47758]
Event: 169.098 Thread 0x0000024b4a3d5000 27576       4       org.gradle.cache.internal.btree.FreeListBlockStore$FreeListBlock::write (84 bytes)
Event: 169.117 Thread 0x0000024b4a3d5000 nmethod 27576 0x0000024b3cb04190 code [0x0000024b3cb043a0, 0x0000024b3cb04b18]
Event: 169.422 Thread 0x0000024b4a3d5000 27577       4       sun.nio.fs.WindowsFileAttributes::lastModifiedTime (8 bytes)
Event: 169.425 Thread 0x0000024b4a3d5000 nmethod 27577 0x0000024b3ca47010 code [0x0000024b3ca471c0, 0x0000024b3ca47378]
Event: 170.569 Thread 0x0000024b4a3d8000 27578 %     2       org.objectweb.asm.ClassReader::accept @ 1385 (1412 bytes)
Event: 170.583 Thread 0x0000024b4a3d8000 nmethod 27578% 0x0000024b3827e010 code [0x0000024b3827e7c0, 0x0000024b38282ec0]
Event: 170.668 Thread 0x0000024b4a3d8000 27579 %     2       org.objectweb.asm.ClassReader::accept @ 194 (1412 bytes)
Event: 170.676 Thread 0x0000024b4a3d8000 nmethod 27579% 0x0000024b38286c90 code [0x0000024b38287440, 0x0000024b3828c100]
Event: 170.681 Thread 0x0000024b4a3d5000 27580       4       org.objectweb.asm.ClassReader::accept (1412 bytes)

GC Heap History (10 events):
Event: 168.296 GC heap before
{Heap before GC invocations=140 (full 0):
 garbage-first heap   total 324608K, used 284508K [0x0000000080000000, 0x0000000100000000)
  region size 1024K, 149 young (152576K), 7 survivors (7168K)
 Metaspace       used 147178K, capacity 150411K, committed 150604K, reserved 649216K
  class space    used 17488K, capacity 18794K, committed 18816K, reserved 516096K
}
Event: 168.300 GC heap after
{Heap after GC invocations=141 (full 0):
 garbage-first heap   total 324608K, used 137969K [0x0000000080000000, 0x0000000100000000)
  region size 1024K, 6 young (6144K), 6 survivors (6144K)
 Metaspace       used 147178K, capacity 150411K, committed 150604K, reserved 649216K
  class space    used 17488K, capacity 18794K, committed 18816K, reserved 516096K
}
Event: 168.614 GC heap before
{Heap before GC invocations=141 (full 0):
 garbage-first heap   total 324608K, used 286449K [0x0000000080000000, 0x0000000100000000)
  region size 1024K, 150 young (153600K), 6 survivors (6144K)
 Metaspace       used 147178K, capacity 150411K, committed 150604K, reserved 649216K
  class space    used 17488K, capacity 18794K, committed 18816K, reserved 516096K
}
Event: 168.618 GC heap after
{Heap after GC invocations=142 (full 0):
 garbage-first heap   total 324608K, used 135856K [0x0000000080000000, 0x0000000100000000)
  region size 1024K, 5 young (5120K), 5 survivors (5120K)
 Metaspace       used 147178K, capacity 150411K, committed 150604K, reserved 649216K
  class space    used 17488K, capacity 18794K, committed 18816K, reserved 516096K
}
Event: 168.800 GC heap before
{Heap before GC invocations=142 (full 0):
 garbage-first heap   total 324608K, used 284336K [0x0000000080000000, 0x0000000100000000)
  region size 1024K, 151 young (154624K), 5 survivors (5120K)
 Metaspace       used 147178K, capacity 150411K, committed 150604K, reserved 649216K
  class space    used 17488K, capacity 18794K, committed 18816K, reserved 516096K
}
Event: 168.804 GC heap after
{Heap after GC invocations=143 (full 0):
 garbage-first heap   total 324608K, used 136524K [0x0000000080000000, 0x0000000100000000)
  region size 1024K, 6 young (6144K), 6 survivors (6144K)
 Metaspace       used 147178K, capacity 150411K, committed 150604K, reserved 649216K
  class space    used 17488K, capacity 18794K, committed 18816K, reserved 516096K
}
Event: 168.919 GC heap before
{Heap before GC invocations=143 (full 0):
 garbage-first heap   total 324608K, used 285004K [0x0000000080000000, 0x0000000100000000)
  region size 1024K, 151 young (154624K), 6 survivors (6144K)
 Metaspace       used 147185K, capacity 150411K, committed 150604K, reserved 649216K
  class space    used 17488K, capacity 18794K, committed 18816K, reserved 516096K
}
Event: 168.922 GC heap after
{Heap after GC invocations=144 (full 0):
 garbage-first heap   total 324608K, used 133276K [0x0000000080000000, 0x0000000100000000)
  region size 1024K, 4 young (4096K), 4 survivors (4096K)
 Metaspace       used 147185K, capacity 150411K, committed 150604K, reserved 649216K
  class space    used 17488K, capacity 18794K, committed 18816K, reserved 516096K
}
Event: 170.744 GC heap before
{Heap before GC invocations=144 (full 0):
 garbage-first heap   total 324608K, used 283804K [0x0000000080000000, 0x0000000100000000)
  region size 1024K, 151 young (154624K), 4 survivors (4096K)
 Metaspace       used 147186K, capacity 150411K, committed 150604K, reserved 649216K
  class space    used 17488K, capacity 18794K, committed 18816K, reserved 516096K
}
Event: 170.748 GC heap after
{Heap after GC invocations=145 (full 0):
 garbage-first heap   total 324608K, used 133810K [0x0000000080000000, 0x0000000100000000)
  region size 1024K, 4 young (4096K), 4 survivors (4096K)
 Metaspace       used 147186K, capacity 150411K, committed 150604K, reserved 649216K
  class space    used 17488K, capacity 18794K, committed 18816K, reserved 516096K
}

Deoptimization events (10 events):
Event: 167.389 Thread 0x0000024b4e965800 Uncommon trap: reason=unstable_if action=reinterpret pc=0x0000024b3c1ef150 method=org.objectweb.asm.Label.put(Lorg/objectweb/asm/ByteVector;IZ)V @ 54 c2
Event: 167.502 Thread 0x0000024b4e965800 Uncommon trap: reason=unstable_if action=reinterpret pc=0x0000024b3c218c48 method=org.objectweb.asm.SymbolTable.addConstantNameAndType(Ljava/lang/String;Ljava/lang/String;)I @ 54 c2
Event: 167.643 Thread 0x0000024b4e965800 Uncommon trap: reason=unstable_if action=reinterpret pc=0x0000024b3c12707c method=org.objectweb.asm.MethodWriter.visitFrame(II[Ljava/lang/Object;I[Ljava/lang/Object;)V @ 771 c2
Event: 168.027 Thread 0x0000024b4e965800 Uncommon trap: reason=unstable_if action=reinterpret pc=0x0000024b3cb0e878 method=org.objectweb.asm.SymbolTable.addConstantNameAndType(Ljava/lang/String;Ljava/lang/String;)I @ 66 c2
Event: 168.236 Thread 0x0000024b4e965800 Uncommon trap: reason=unstable_if action=reinterpret pc=0x0000024b3bf23610 method=java.util.HashMap$TreeNode.find(ILjava/lang/Object;Ljava/lang/Class;)Ljava/util/HashMap$TreeNode; @ 58 c2
Event: 168.293 Thread 0x0000024b4e967800 Uncommon trap: reason=unstable_if action=reinterpret pc=0x0000024b3c9f8328 method=org.objectweb.asm.SymbolTable.addConstantMemberReference(ILjava/lang/String;Ljava/lang/String;Ljava/lang/String;)Lorg/objectweb/asm/SymbolTable$Entry; @ 63 c2
Event: 169.505 Thread 0x0000024b4e963000 Uncommon trap: reason=profile_predicate action=maybe_recompile pc=0x0000024b3cca7f24 method=org.objectweb.asm.ClassReader.accept(Lorg/objectweb/asm/ClassVisitor;[Lorg/objectweb/asm/Attribute;I)V @ 970 c2
Event: 170.178 Thread 0x0000024b4e963000 Uncommon trap: reason=profile_predicate action=maybe_recompile pc=0x0000024b3cca7f24 method=org.objectweb.asm.ClassReader.accept(Lorg/objectweb/asm/ClassVisitor;[Lorg/objectweb/asm/Attribute;I)V @ 970 c2
Event: 170.178 Thread 0x0000024b4e963000 Uncommon trap: reason=profile_predicate action=maybe_recompile pc=0x0000024b3cca7f24 method=org.objectweb.asm.ClassReader.accept(Lorg/objectweb/asm/ClassVisitor;[Lorg/objectweb/asm/Attribute;I)V @ 970 c2
Event: 170.565 Thread 0x0000024b4e963000 Uncommon trap: reason=profile_predicate action=maybe_recompile pc=0x0000024b3cca7f24 method=org.objectweb.asm.ClassReader.accept(Lorg/objectweb/asm/ClassVisitor;[Lorg/objectweb/asm/Attribute;I)V @ 970 c2

Classes redefined (0 events):
No events

Internal exceptions (10 events):
Event: 169.424 Thread 0x0000024b4e967800 Exception <a 'sun/nio/fs/WindowsException'{0x000000008dddb8e0}> (0x000000008dddb8e0) thrown at [t:/workspace/open/src/hotspot/share/prims/jni.cpp, line 615]
Event: 169.426 Thread 0x0000024b4e963000 Exception <a 'sun/nio/fs/WindowsException'{0x000000008d7cf900}> (0x000000008d7cf900) thrown at [t:/workspace/open/src/hotspot/share/prims/jni.cpp, line 615]
Event: 169.504 Thread 0x0000024b4e967800 Exception <a 'sun/nio/fs/WindowsException'{0x000000008dde3330}> (0x000000008dde3330) thrown at [t:/workspace/open/src/hotspot/share/prims/jni.cpp, line 615]
Event: 169.508 Thread 0x0000024b4e969000 Exception <a 'sun/nio/fs/WindowsException'{0x000000008cfd4100}> (0x000000008cfd4100) thrown at [t:/workspace/open/src/hotspot/share/prims/jni.cpp, line 615]
Event: 169.509 Thread 0x0000024b4e969000 Exception <a 'sun/nio/fs/WindowsException'{0x000000008cfd4298}> (0x000000008cfd4298) thrown at [t:/workspace/open/src/hotspot/share/prims/jni.cpp, line 615]
Event: 169.595 Thread 0x0000024b4e967800 Exception <a 'sun/nio/fs/WindowsException'{0x000000008cbe0f78}> (0x000000008cbe0f78) thrown at [t:/workspace/open/src/hotspot/share/prims/jni.cpp, line 615]
Event: 169.595 Thread 0x0000024b4e967800 Exception <a 'sun/nio/fs/WindowsException'{0x000000008cbe1108}> (0x000000008cbe1108) thrown at [t:/workspace/open/src/hotspot/share/prims/jni.cpp, line 615]
Event: 170.667 Thread 0x0000024b4e967800 Exception <a 'sun/nio/fs/WindowsException'{0x000000008c367688}> (0x000000008c367688) thrown at [t:/workspace/open/src/hotspot/share/prims/jni.cpp, line 615]
Event: 170.682 Thread 0x0000024b4e969000 Exception <a 'sun/nio/fs/WindowsException'{0x000000008cff0950}> (0x000000008cff0950) thrown at [t:/workspace/open/src/hotspot/share/prims/jni.cpp, line 615]
Event: 170.740 Thread 0x0000024b4e969000 Exception <a 'sun/nio/fs/WindowsException'{0x000000008adb6c08}> (0x000000008adb6c08) thrown at [t:/workspace/open/src/hotspot/share/prims/jni.cpp, line 615]

Events (10 events):
Event: 170.178 Thread 0x0000024b4e963000 DEOPT PACKING pc=0x0000024b3cca7f24 sp=0x00000088044fe520
Event: 170.178 Thread 0x0000024b4e963000 DEOPT UNPACKING pc=0x0000024b342d8eaf sp=0x00000088044fe4c8 mode 2
Event: 170.178 Thread 0x0000024b4e963000 Uncommon trap: trap_request=0xffffffbe fr.pc=0x0000024b3cca7f24 relative=0x0000000000004a84
Event: 170.178 Thread 0x0000024b4e963000 DEOPT PACKING pc=0x0000024b3cca7f24 sp=0x00000088044fe520
Event: 170.178 Thread 0x0000024b4e963000 DEOPT UNPACKING pc=0x0000024b342d8eaf sp=0x00000088044fe4c8 mode 2
Event: 170.565 Thread 0x0000024b4e963000 Uncommon trap: trap_request=0xffffffbe fr.pc=0x0000024b3cca7f24 relative=0x0000000000004a84
Event: 170.565 Thread 0x0000024b4e963000 DEOPT PACKING pc=0x0000024b3cca7f24 sp=0x00000088044fe520
Event: 170.565 Thread 0x0000024b4e963000 DEOPT UNPACKING pc=0x0000024b342d8eaf sp=0x00000088044fe4c8 mode 2
Event: 170.744 Executing VM operation: G1CollectForAllocation
Event: 170.748 Executing VM operation: G1CollectForAllocation done


Dynamic libraries:
0x00007ff6f3430000 - 0x00007ff6f3477000 	C:\Program Files\Java\jdk-11.0.2\bin\java.exe
0x00007ffb0cc30000 - 0x00007ffb0ce28000 	C:\Windows\SYSTEM32\ntdll.dll
0x00007ffb0c950000 - 0x00007ffb0ca0f000 	C:\Windows\System32\KERNEL32.DLL
0x00007ffb0a670000 - 0x00007ffb0a942000 	C:\Windows\System32\KERNELBASE.dll
0x00007ffb0ace0000 - 0x00007ffb0ad8e000 	C:\Windows\System32\ADVAPI32.dll
0x00007ffb0c620000 - 0x00007ffb0c6be000 	C:\Windows\System32\msvcrt.dll
0x00007ffb0bb30000 - 0x00007ffb0bbcc000 	C:\Windows\System32\sechost.dll
0x00007ffb0adc0000 - 0x00007ffb0aee4000 	C:\Windows\System32\RPCRT4.dll
0x00007ffb0b920000 - 0x00007ffb0bac1000 	C:\Windows\System32\USER32.dll
0x00007ffb0a980000 - 0x00007ffb0a9a2000 	C:\Windows\System32\win32u.dll
0x00007ffb0b8f0000 - 0x00007ffb0b91b000 	C:\Windows\System32\GDI32.dll
0x00007ffb0a560000 - 0x00007ffb0a66f000 	C:\Windows\System32\gdi32full.dll
0x00007ffb0a380000 - 0x00007ffb0a41d000 	C:\Windows\System32\msvcp_win.dll
0x00007ffb0aa20000 - 0x00007ffb0ab20000 	C:\Windows\System32\ucrtbase.dll
0x00007ffafba80000 - 0x00007ffafbd1a000 	C:\Windows\WinSxS\amd64_microsoft.windows.common-controls_6595b64144ccf1df_6.0.19041.1110_none_60b5254171f9507e\COMCTL32.dll
0x00007ffafd360000 - 0x00007ffafd36a000 	C:\Windows\SYSTEM32\VERSION.dll
0x00007ffb0ad90000 - 0x00007ffb0adc0000 	C:\Windows\System32\IMM32.DLL
0x00007ffaf6880000 - 0x00007ffaf6896000 	C:\Program Files\Java\jdk-11.0.2\bin\vcruntime140.dll
0x00007ffae57f0000 - 0x00007ffae589a000 	C:\Program Files\Java\jdk-11.0.2\bin\msvcp140.dll
0x00007ffad9cc0000 - 0x00007ffada7e7000 	C:\Program Files\Java\jdk-11.0.2\bin\server\jvm.dll
0x00007ffb0bcc0000 - 0x00007ffb0bcc8000 	C:\Windows\System32\PSAPI.DLL
0x00007ffaf4370000 - 0x00007ffaf4397000 	C:\Windows\SYSTEM32\WINMM.dll
0x00007ffaaa010000 - 0x00007ffaaa019000 	C:\Windows\SYSTEM32\WSOCK32.dll
0x00007ffb0b050000 - 0x00007ffb0b0bb000 	C:\Windows\System32\WS2_32.dll
0x00007ffb08210000 - 0x00007ffb08222000 	C:\Windows\SYSTEM32\kernel.appcore.dll
0x00007ffaf6730000 - 0x00007ffaf6741000 	C:\Program Files\Java\jdk-11.0.2\bin\verify.dll
0x00007ffafa7b0000 - 0x00007ffafa994000 	C:\Windows\SYSTEM32\DBGHELP.DLL
0x00007ffafa600000 - 0x00007ffafa635000 	C:\Windows\SYSTEM32\dbgcore.DLL
0x00007ffb0a4d0000 - 0x00007ffb0a552000 	C:\Windows\System32\bcryptPrimitives.dll
0x00007ffaf56c0000 - 0x00007ffaf56e9000 	C:\Program Files\Java\jdk-11.0.2\bin\java.dll
0x00007ffaf6710000 - 0x00007ffaf6726000 	C:\Program Files\Java\jdk-11.0.2\bin\zip.dll
0x00007ffb05fd0000 - 0x00007ffb05fda000 	C:\Program Files\Java\jdk-11.0.2\bin\jimage.dll
0x00007ffb0bed0000 - 0x00007ffb0c615000 	C:\Windows\System32\SHELL32.dll
0x00007ffb08410000 - 0x00007ffb08ba2000 	C:\Windows\SYSTEM32\windows.storage.dll
0x00007ffb0b530000 - 0x00007ffb0b885000 	C:\Windows\System32\combase.dll
0x00007ffb09cb0000 - 0x00007ffb09ce0000 	C:\Windows\SYSTEM32\Wldp.dll
0x00007ffb0afa0000 - 0x00007ffb0b04d000 	C:\Windows\System32\SHCORE.dll
0x00007ffb0ac80000 - 0x00007ffb0acd5000 	C:\Windows\System32\shlwapi.dll
0x00007ffb0a270000 - 0x00007ffb0a28f000 	C:\Windows\SYSTEM32\profapi.dll
0x00007ffaf66a0000 - 0x00007ffaf66b9000 	C:\Program Files\Java\jdk-11.0.2\bin\net.dll
0x00007ffb03ce0000 - 0x00007ffb03dea000 	C:\Windows\SYSTEM32\WINHTTP.dll
0x00007ffafd040000 - 0x00007ffafd22c000 	C:\Windows\SYSTEM32\urlmon.dll
0x00007ffafe100000 - 0x00007ffafe3b1000 	C:\Windows\SYSTEM32\iertutil.dll
0x00007ffafcd30000 - 0x00007ffafcd58000 	C:\Windows\SYSTEM32\srvcli.dll
0x00007ffb09810000 - 0x00007ffb0981c000 	C:\Windows\SYSTEM32\netutils.dll
0x00007ffb09a10000 - 0x00007ffb09a7a000 	C:\Windows\system32\mswsock.dll
0x00007ffaf56a0000 - 0x00007ffaf56b3000 	C:\Program Files\Java\jdk-11.0.2\bin\nio.dll
0x00007ffaee830000 - 0x00007ffaee857000 	C:\Users\Desktop\.gradle\native\e1d6ef7f7dcc3fd88c89a11ec53ec762bb8ba0a96d01ffa2cd45eb1d1d8dd5c5\windows-amd64\native-platform.dll
0x00007ffae0bb0000 - 0x00007ffae0cf4000 	C:\Users\Desktop\.gradle\native\0d407fdbe67a94daf76414ababcb853783967236a71b16ec16e742cd7a986fd3\windows-amd64\native-platform-file-events.dll
0x00007ffb05ad0000 - 0x00007ffb05ad9000 	C:\Program Files\Java\jdk-11.0.2\bin\management.dll
0x00007ffb05810000 - 0x00007ffb0581c000 	C:\Program Files\Java\jdk-11.0.2\bin\management_ext.dll
0x00007ffb09c00000 - 0x00007ffb09c18000 	C:\Windows\SYSTEM32\CRYPTSP.dll
0x00007ffb09330000 - 0x00007ffb09364000 	C:\Windows\system32\rsaenh.dll
0x00007ffb0a950000 - 0x00007ffb0a977000 	C:\Windows\System32\bcrypt.dll
0x00007ffb0a230000 - 0x00007ffb0a25e000 	C:\Windows\SYSTEM32\USERENV.dll
0x00007ffb09c20000 - 0x00007ffb09c2c000 	C:\Windows\SYSTEM32\CRYPTBASE.dll
0x00007ffb09700000 - 0x00007ffb0973b000 	C:\Windows\SYSTEM32\IPHLPAPI.DLL
0x00007ffb0ca30000 - 0x00007ffb0ca38000 	C:\Windows\System32\NSI.dll
0x00007ffb041c0000 - 0x00007ffb041d7000 	C:\Windows\SYSTEM32\dhcpcsvc6.DLL
0x00007ffb04710000 - 0x00007ffb0472d000 	C:\Windows\SYSTEM32\dhcpcsvc.DLL
0x00007ffb09740000 - 0x00007ffb0980b000 	C:\Windows\SYSTEM32\DNSAPI.dll
0x00007ffb05f30000 - 0x00007ffb05f3d000 	C:\Program Files\Java\jdk-11.0.2\bin\sunmscapi.dll
0x00007ffb0ab20000 - 0x00007ffb0ac76000 	C:\Windows\System32\CRYPT32.dll
0x00007ffb09d20000 - 0x00007ffb09d47000 	C:\Windows\SYSTEM32\ncrypt.dll
0x00007ffb09ce0000 - 0x00007ffb09d1b000 	C:\Windows\SYSTEM32\NTASN1.dll
0x00007ffaf1230000 - 0x00007ffaf1257000 	C:\Program Files\Java\jdk-11.0.2\bin\sunec.dll
0x00007ffb02300000 - 0x00007ffb0230a000 	C:\Windows\System32\rasadhlp.dll
0x00007ffb033e0000 - 0x00007ffb03460000 	C:\Windows\System32\fwpuclnt.dll
0x00007ffafc480000 - 0x00007ffafc49e000 	C:\Users\Desktop\AppData\Local\Temp\native-platform17533850206193058458dir\native-platform.dll
0x00007ffb05f40000 - 0x00007ffb05f47000 	C:\Program Files\Java\jdk-11.0.2\bin\rmi.dll
0x00007ffb09450000 - 0x00007ffb09483000 	C:\Windows\SYSTEM32\ntmarta.dll

dbghelp: loaded successfully - version: 4.0.5 - missing functions: none
symbol engine: initialized successfully - sym options: 0x614 - pdb path: .;C:\Program Files\Java\jdk-11.0.2\bin;C:\Windows\SYSTEM32;C:\Windows\WinSxS\amd64_microsoft.windows.common-controls_6595b64144ccf1df_6.0.19041.1110_none_60b5254171f9507e;C:\Program Files\Java\jdk-11.0.2\bin\server;C:\Users\Desktop\.gradle\native\e1d6ef7f7dcc3fd88c89a11ec53ec762bb8ba0a96d01ffa2cd45eb1d1d8dd5c5\windows-amd64;C:\Users\Desktop\.gradle\native\0d407fdbe67a94daf76414ababcb853783967236a71b16ec16e742cd7a986fd3\windows-amd64;C:\Users\Desktop\AppData\Local\Temp\native-platform17533850206193058458dir

VM Arguments:
jvm_args: -XX:MaxMetaspaceSize=512m --add-opens=java.base/java.util=ALL-UNNAMED --add-opens=java.base/java.lang=ALL-UNNAMED --add-opens=java.base/java.lang.invoke=ALL-UNNAMED --add-opens=java.base/java.util=ALL-UNNAMED --add-opens=java.prefs/java.util.prefs=ALL-UNNAMED --add-opens=java.prefs/java.util.prefs=ALL-UNNAMED --add-opens=java.base/java.nio.charset=ALL-UNNAMED --add-opens=java.base/java.net=ALL-UNNAMED --add-opens=java.base/java.util.concurrent.atomic=ALL-UNNAMED -Xmx2048m -Dfile.encoding=windows-1252 -Duser.country=IN -Duser.language=en -Duser.variant 
java_command: org.gradle.launcher.daemon.bootstrap.GradleDaemon 7.5.1
java_class_path (initial): C:\Users\Desktop\.gradle\wrapper\dists\gradle-7.5.1-all\1ehga6e77gqps5uk2kc5kf1vc\gradle-7.5.1\lib\gradle-launcher-7.5.1.jar
Launcher Type: SUN_STANDARD

[Global flags]
     intx CICompilerCount                          = 3                                         {product} {ergonomic}
   size_t CompressedClassSpaceSize                 = 528482304                                 {product} {ergonomic}
     uint ConcGCThreads                            = 1                                         {product} {ergonomic}
     uint G1ConcRefinementThreads                  = 4                                         {product} {ergonomic}
   size_t G1HeapRegionSize                         = 1048576                                   {product} {ergonomic}
    uintx GCDrainStackTargetSize                   = 64                                        {product} {ergonomic}
   size_t InitialHeapSize                          = 132120576                                 {product} {ergonomic}
   size_t MarkStackSize                            = 4194304                                   {product} {ergonomic}
   size_t MaxHeapSize                              = 2147483648                                {product} {command line}
   size_t MaxMetaspaceSize                         = 536870912                                 {product} {command line}
   size_t MaxNewSize                               = 1287651328                                {product} {ergonomic}
   size_t MinHeapDeltaBytes                        = 1048576                                   {product} {ergonomic}
    uintx NonNMethodCodeHeapSize                   = 5830092                                {pd product} {ergonomic}
    uintx NonProfiledCodeHeapSize                  = 122914074                              {pd product} {ergonomic}
    uintx ProfiledCodeHeapSize                     = 122914074                              {pd product} {ergonomic}
    uintx ReservedCodeCacheSize                    = 251658240                              {pd product} {ergonomic}
     bool SegmentedCodeCache                       = true                                      {product} {ergonomic}
     bool UseCompressedClassPointers               = true                                 {lp64_product} {ergonomic}
     bool UseCompressedOops                        = true                                 {lp64_product} {ergonomic}
     bool UseG1GC                                  = true                                      {product} {ergonomic}
     bool UseLargePagesIndividualAllocation        = false                                  {pd product} {ergonomic}

Logging:
Log output configuration:
 #0: stdout all=warning uptime,level,tags
 #1: stderr all=off uptime,level,tags

Environment Variables:
JAVA_HOME=C:\Program Files\Java\jdk-11.0.2
CLASSPATH=H:\React Native\EcommerceApp\ecomApp\android\\gradle\wrapper\gradle-wrapper.jar
PATH=H:\React Native\EcommerceApp\ecomApp\android\node_modules\.bin;H:\React Native\EcommerceApp\ecomApp\node_modules\.bin;H:\React Native\EcommerceApp\node_modules\.bin;H:\React Native\node_modules\.bin;H:\node_modules\.bin;C:\Program Files\nodejs;H:\React Native\EcommerceApp\ecomApp\node_modules\.bin;H:\React Native\EcommerceApp\node_modules\.bin;H:\React Native\node_modules\.bin;H:\node_modules\.bin;C:\Program Files\nodejs\node_modules\npm\node_modules\@npmcli\run-script\lib\node-gyp-bin;H:\React Native\EcommerceApp\ecomApp\node_modules\.bin;H:\React Native\EcommerceApp\ecomApp\node_modules\.bin;H:\React Native\EcommerceApp\node_modules\.bin;H:\React Native\node_modules\.bin;H:\node_modules\.bin;C:\Program Files\nodejs;H:\React Native\EcommerceApp\ecomApp\node_modules\.bin;H:\React Native\EcommerceApp\node_modules\.bin;H:\React Native\node_modules\.bin;H:\node_modules\.bin;C:\Program Files\nodejs\node_modules\npm\node_modules\@npmcli\run-script\lib\node-gyp-bin;C:\Users\Desktop\bin;C:\Program Files\Git\mingw64\bin;C:\Program Files\Git\usr\local\bin;C:\Program Files\Git\usr\bin;C:\Program Files\Git\usr\bin;C:\Program Files\Git\mingw64\bin;C:\Program Files\Git\usr\bin;C:\Users\Desktop\bin;C:\Windows\system32;C:\Windows;C:\Windows\System32\Wbem;C:\Windows\System32\WindowsPowerShell\v1.0;C:\Windows\System32\OpenSSH;C:\Windows\system32\config\systemprofile\AppData\Roaming\npm;C:\Program Files\nodejs;C:\Program Files\Git\cmd;C:\Users\Desktop\AppData\Local\Microsoft\WindowsApps;C:\Users\Desktop\AppData\Local\Programs\Microsoft VS Code\bin;C:\Program Files\JetBrains\PyCharm Community Edition 2021.1.3\bin;C:\Users\Desktop\AppData\Roaming\npm;C:\Users\Desktop\AppData\Local\Android\Sdk\platform-tools;C:\Program Files\Git\usr\bin\vendor_perl;C:\Program Files\Git\usr\bin\core_perl
USERNAME=Desktop
SHELL=C:\Program Files\Git\usr\bin\bash.exe
DISPLAY=needs-to-be-defined
OS=Windows_NT
PROCESSOR_IDENTIFIER=Intel64 Family 6 Model 58 Stepping 9, GenuineIntel



---------------  S Y S T E M  ---------------

OS: Windows 10 , 64 bit Build 19041 (10.0.19041.2546)

CPU:total 4 (initial active 4) (4 cores per cpu, 1 threads per core) family 6 model 58 stepping 9, cmov, cx8, fxsr, mmx, sse, sse2, sse3, ssse3, sse4.1, sse4.2, popcnt, avx, aes, clmul, erms, tsc, tscinvbit, tscinv

Memory: 4k page, system-wide physical 8028M (231M free)
TotalPageFile size 10076M (AvailPageFile size 0M)
current process WorkingSet (physical memory assigned to process): 684M, peak: 696M
current process commit charge ("private bytes"): 749M, peak: 751M

vm_info: Java HotSpot(TM) 64-Bit Server VM (11.0.2+9-LTS) for windows-amd64 JRE (11.0.2+9-LTS), built on Jan 18 2019 05:24:10 by "mach5one" with MS VC++ 15.5 (VS2017)

END.
