#
# There is insufficient memory for the Java Runtime Environment to continue.
# Native memory allocation (malloc) failed to allocate 1048576 bytes for AllocateHeap
# Possible reasons:
#   The system is out of physical RAM or swap space
#   The process is running with CompressedOops enabled, and the Java Heap may be blocking the growth of the native heap
# Possible solutions:
#   Reduce memory load on the system
#   Increase physical memory or swap space
#   Check if swap backing store is full
#   Decrease Java heap size (-Xmx/-Xms)
#   Decrease number of Java threads
#   Decrease Java thread stack sizes (-Xss)
#   Set larger code cache with -XX:ReservedCodeCacheSize=
# This output file may be truncated or incomplete.
#
#  Out of Memory Error (t:/workspace/open/src/hotspot/share/memory/allocation.cpp:46), pid=10540, tid=3820
#
# JRE version:  (11.0.2+9) (build )
# Java VM: Java HotSpot(TM) 64-Bit Server VM (11.0.2+9-LTS, mixed mode, aot, sharing, tiered, compressed oops, g1 gc, windows-amd64)
# No core dump will be written. Minidumps are not enabled by default on client versions of Windows
#

---------------  S U M M A R Y ------------

Command Line: org.jetbrains.kotlin.cli.jvm.K2JVMCompiler @H:\React Native\EcommerceApp\ecomApp\node_modules\react-native-screens\android\build\20230411_7857013936919950720.compiler.options

Host: Intel(R) Core(TM) i5-3330 CPU @ 3.00GHz, 4 cores, 7G,  Windows 10 , 64 bit Build 19041 (10.0.19041.2546)
Time: Tue Apr 11 23:56:13 2023 India Standard Time elapsed time: 0 seconds (0d 0h 0m 0s)

---------------  T H R E A D  ---------------

Current thread (0x0000020b72050000):  JavaThread "Unknown thread" [_thread_in_vm, id=3820, stack(0x0000007ac0000000,0x0000007ac0100000)]

Stack: [0x0000007ac0000000,0x0000007ac0100000]
Native frames: (J=compiled Java code, j=interpreted, Vv=VM code, C=native code)
V  [jvm.dll+0x63574a]
V  [jvm.dll+0x77326f]
V  [jvm.dll+0x77491a]
V  [jvm.dll+0x774fd3]
V  [jvm.dll+0x25e418]
V  [jvm.dll+0xb9ba4]
V  [jvm.dll+0x2f87ed]
V  [jvm.dll+0x2f2b19]
V  [jvm.dll+0x74c817]
V  [jvm.dll+0x74df5f]
V  [jvm.dll+0x373179]
V  [jvm.dll+0x732eb9]
V  [jvm.dll+0x3e295d]
V  [jvm.dll+0x3e4c61]
C  [java.exe+0x3607]
C  [java.exe+0x178dc]
C  [KERNEL32.DLL+0x17614]
C  [ntdll.dll+0x526a1]


---------------  P R O C E S S  ---------------

Threads class SMR info:
_java_thread_list=0x0000020b6ff4ecf0, length=0, elements={
}

Java Threads: ( => current thread )

Other Threads:
  0x0000020b72065000 GCTaskThread "GC Thread#0" [stack: 0x0000007ac0100000,0x0000007ac0200000] [id=7224]

[error occurred during error reporting (printing all threads), id 0xc0000005, EXCEPTION_ACCESS_VIOLATION (0xc0000005) at pc=0x00007ff9d4bdd330]

VM state:not at safepoint (not fully initialized)

VM Mutex/Monitor currently owned by a thread:  ([mutex/lock_event])
[0x0000020b7204a760] Heap_lock - owner thread: 0x0000020b72050000

Heap address: 0x0000000082800000, size: 2008 MB, Compressed Oops mode: Non-zero based: 0x0000000082800000
Narrow klass base: 0x0000000000000000, Narrow klass shift: 0

GC Heap History (0 events):
No events

Deoptimization events (0 events):
No events

Classes redefined (0 events):
No events

Internal exceptions (0 events):
No events

Events (0 events):
No events


Dynamic libraries:
0x00007ff716bf0000 - 0x00007ff716c37000 	C:\Program Files\Java\jdk-11.0.2\bin\java.exe
0x00007ffa09810000 - 0x00007ffa09a08000 	C:\Windows\SYSTEM32\ntdll.dll
0x00007ffa093f0000 - 0x00007ffa094af000 	C:\Windows\System32\KERNEL32.DLL
0x00007ffa07150000 - 0x00007ffa07422000 	C:\Windows\System32\KERNELBASE.dll
0x00007ffa04660000 - 0x00007ffa046f0000 	C:\Windows\SYSTEM32\apphelp.dll
0x00007ffa092a0000 - 0x00007ffa0934e000 	C:\Windows\System32\ADVAPI32.dll
0x00007ffa07860000 - 0x00007ffa078fe000 	C:\Windows\System32\msvcrt.dll
0x00007ffa09350000 - 0x00007ffa093ec000 	C:\Windows\System32\sechost.dll
0x00007ffa07ea0000 - 0x00007ffa07fc4000 	C:\Windows\System32\RPCRT4.dll
0x00007ffa07ce0000 - 0x00007ffa07e81000 	C:\Windows\System32\USER32.dll
0x00007ffa07430000 - 0x00007ffa07452000 	C:\Windows\System32\win32u.dll
0x00007ffa07900000 - 0x00007ffa0792b000 	C:\Windows\System32\GDI32.dll
0x00007ffa07650000 - 0x00007ffa0775f000 	C:\Windows\System32\gdi32full.dll
0x00007ffa07580000 - 0x00007ffa0761d000 	C:\Windows\System32\msvcp_win.dll
0x00007ffa07760000 - 0x00007ffa07860000 	C:\Windows\System32\ucrtbase.dll
0x00007ff9f84a0000 - 0x00007ff9f873a000 	C:\Windows\WinSxS\amd64_microsoft.windows.common-controls_6595b64144ccf1df_6.0.19041.1110_none_60b5254171f9507e\COMCTL32.dll
0x00007ff9f9e20000 - 0x00007ff9f9e2a000 	C:\Windows\SYSTEM32\VERSION.dll
0x00007ffa080b0000 - 0x00007ffa080e0000 	C:\Windows\System32\IMM32.DLL
0x00007ffa02400000 - 0x00007ffa02416000 	C:\Program Files\Java\jdk-11.0.2\bin\vcruntime140.dll
0x00007ff9f8ee0000 - 0x00007ff9f8f8a000 	C:\Program Files\Java\jdk-11.0.2\bin\msvcp140.dll
0x00007ff9d48e0000 - 0x00007ff9d5407000 	C:\Program Files\Java\jdk-11.0.2\bin\server\jvm.dll
0x00007ffa07b60000 - 0x00007ffa07b68000 	C:\Windows\System32\PSAPI.DLL
0x00007ff9a8fc0000 - 0x00007ff9a8fc9000 	C:\Windows\SYSTEM32\WSOCK32.dll
0x00007ffa08c40000 - 0x00007ffa08cab000 	C:\Windows\System32\WS2_32.dll
0x00007ff9f0fb0000 - 0x00007ff9f0fd7000 	C:\Windows\SYSTEM32\WINMM.dll
0x00007ffa04df0000 - 0x00007ffa04e02000 	C:\Windows\SYSTEM32\kernel.appcore.dll
0x00007ff9fe120000 - 0x00007ff9fe131000 	C:\Program Files\Java\jdk-11.0.2\bin\verify.dll
0x00007ff9f7730000 - 0x00007ff9f7914000 	C:\Windows\SYSTEM32\DBGHELP.DLL
0x00007ff9f7640000 - 0x00007ff9f7675000 	C:\Windows\SYSTEM32\dbgcore.DLL
0x00007ffa06f10000 - 0x00007ffa06f92000 	C:\Windows\System32\bcryptPrimitives.dll
0x00007ff9fe0f0000 - 0x00007ff9fe119000 	C:\Program Files\Java\jdk-11.0.2\bin\java.dll
0x00007ff9fe0d0000 - 0x00007ff9fe0e6000 	C:\Program Files\Java\jdk-11.0.2\bin\zip.dll
0x00007ffa02a80000 - 0x00007ffa02a8a000 	C:\Program Files\Java\jdk-11.0.2\bin\jimage.dll

dbghelp: loaded successfully - version: 4.0.5 - missing functions: none
symbol engine: initialized successfully - sym options: 0x614 - pdb path: .;C:\Program Files\Java\jdk-11.0.2\bin;C:\Windows\SYSTEM32;C:\Windows\WinSxS\amd64_microsoft.windows.common-controls_6595b64144ccf1df_6.0.19041.1110_none_60b5254171f9507e;C:\Program Files\Java\jdk-11.0.2\bin\server

VM Arguments:
java_command: org.jetbrains.kotlin.cli.jvm.K2JVMCompiler @H:\React Native\EcommerceApp\ecomApp\node_modules\react-native-screens\android\build\20230411_7857013936919950720.compiler.options
java_class_path (initial): C:\Users\Desktop\.gradle\caches\modules-2\files-2.1\org.jetbrains.kotlin\kotlin-compiler-embeddable\1.6.21\97bdd5a752ce73b58ef16c17bc7f0ea2faff7a2e\kotlin-compiler-embeddable-1.6.21.jar;C:\Users\Desktop\.gradle\caches\modules-2\files-2.1\org.jetbrains.kotlin\kotlin-reflect\1.6.21\5dc3574d9b7bebfcb4ec6b10ada4aaa9e140bd0b\kotlin-reflect-1.6.21.jar;C:\Users\Desktop\.gradle\caches\modules-2\files-2.1\org.jetbrains.kotlin\kotlin-stdlib\1.6.21\11ef67f1900634fd951bad28c53ec957fabbe5b8\kotlin-stdlib-1.6.21.jar;C:\Users\Desktop\.gradle\caches\modules-2\files-2.1\org.jetbrains.kotlin\kotlin-script-runtime\1.6.21\99c6675100da5d6d5b1c5a1032f27f28008d101b\kotlin-script-runtime-1.6.21.jar;C:\Users\Desktop\.gradle\caches\modules-2\files-2.1\org.jetbrains.kotlin\kotlin-daemon-embeddable\1.6.21\46b78cf392e1c4f10854c3cadba44abb7b82250f\kotlin-daemon-embeddable-1.6.21.jar;C:\Users\Desktop\.gradle\caches\modules-2\files-2.1\org.jetbrains.intellij.deps\trove4j\1.0.20200330\3afb14d5f9ceb459d724e907a21145e8ff394f02\trove4j-1.0.20200330.jar;C:\Users\Desktop\.gradle\caches\modules-2\files-2.1\net.java.dev.jna\jna\5.6.0\330f2244e9030119ab3030fc3fededc86713d9cc\jna-5.6.0.jar;C:\Users\Desktop\.gradle\caches\modules-2\files-2.1\org.jetbrains.kotlin\kotlin-stdlib-common\1.6.21\5e5b55c26dbc80372a920aef60eb774b714559b8\kotlin-stdlib-common-1.6.21.jar;C:\Users\Desktop\.gradle\caches\modules-2\files-2.1\org.jetbrains\annotations\13.0\919f0dfe192fb4e063e7dacadee7f8bb9a2672a9\annotations-13.0.jar
Launcher Type: SUN_STANDARD

[Global flags]
     intx CICompilerCount                          = 3                                         {product} {ergonomic}
     uint ConcGCThreads                            = 1                                         {product} {ergonomic}
     uint G1ConcRefinementThreads                  = 4                                         {product} {ergonomic}
   size_t G1HeapRegionSize                         = 1048576                                   {product} {ergonomic}
    uintx GCDrainStackTargetSize                   = 64                                        {product} {ergonomic}
   size_t InitialHeapSize                          = 132120576                                 {product} {ergonomic}
   size_t MarkStackSize                            = 4194304                                   {product} {ergonomic}
   size_t MaxHeapSize                              = 2105540608                                {product} {ergonomic}
   size_t MinHeapDeltaBytes                        = 1048576                                   {product} {ergonomic}
    uintx NonNMethodCodeHeapSize                   = 5830092                                {pd product} {ergonomic}
    uintx NonProfiledCodeHeapSize                  = 122914074                              {pd product} {ergonomic}
    uintx ProfiledCodeHeapSize                     = 122914074                              {pd product} {ergonomic}
    uintx ReservedCodeCacheSize                    = 251658240                              {pd product} {ergonomic}
     bool SegmentedCodeCache                       = true                                      {product} {ergonomic}
     bool UseCompressedClassPointers               = true                                 {lp64_product} {ergonomic}
     bool UseCompressedOops                        = true                                 {lp64_product} {ergonomic}
     bool UseG1GC                                  = true                                      {product} {ergonomic}
     bool UseLargePagesIndividualAllocation        = false                                  {pd product} {ergonomic}

Logging:
Log output configuration:
 #0: stdout all=warning uptime,level,tags
 #1: stderr all=off uptime,level,tags

Environment Variables:
JAVA_HOME=C:\Program Files\Java\jdk-11.0.2
CLASSPATH=H:\React Native\EcommerceApp\ecomApp\android\\gradle\wrapper\gradle-wrapper.jar
PATH=H:\React Native\EcommerceApp\ecomApp\android\node_modules\.bin;H:\React Native\EcommerceApp\ecomApp\node_modules\.bin;H:\React Native\EcommerceApp\node_modules\.bin;H:\React Native\node_modules\.bin;H:\node_modules\.bin;C:\Program Files\nodejs;H:\React Native\EcommerceApp\ecomApp\node_modules\.bin;H:\React Native\EcommerceApp\node_modules\.bin;H:\React Native\node_modules\.bin;H:\node_modules\.bin;C:\Program Files\nodejs\node_modules\npm\node_modules\@npmcli\run-script\lib\node-gyp-bin;H:\React Native\EcommerceApp\ecomApp\node_modules\.bin;H:\React Native\EcommerceApp\ecomApp\node_modules\.bin;H:\React Native\EcommerceApp\node_modules\.bin;H:\React Native\node_modules\.bin;H:\node_modules\.bin;C:\Program Files\nodejs;H:\React Native\EcommerceApp\ecomApp\node_modules\react-native\scripts\node_modules\.bin;H:\React Native\EcommerceApp\ecomApp\node_modules\react-native\node_modules\.bin;H:\React Native\EcommerceApp\ecomApp\node_modules\node_modules\.bin;H:\React Native\EcommerceApp\ecomApp\node_modules\.bin;H:\React Native\EcommerceApp\node_modules\.bin;H:\React Native\node_modules\.bin;H:\node_modules\.bin;C:\Program Files\nodejs;H:\React Native\EcommerceApp\ecomApp\node_modules\.bin;H:\React Native\EcommerceApp\node_modules\.bin;H:\React Native\node_modules\.bin;H:\node_modules\.bin;C:\Program Files\nodejs\node_modules\npm\node_modules\@npmcli\run-script\lib\node-gyp-bin;H:\React Native\EcommerceApp\ecomApp\node_modules\.bin;C:\Users\Desktop\bin;C:\Program Files\Git\mingw64\bin;C:\Program Files\Git\usr\local\bin;C:\Program Files\Git\usr\bin;C:\Program Files\Git\usr\bin;C:\Program Files\Git\mingw64\bin;C:\Program Files\Git\usr\bin;C:\Users\Desktop\bin;C:\Windows\system32;C:\Windows;C:\Windows\System32\Wbem;C:\Windows\System32\WindowsPowerShell\v1.0;C:\Windows\System32\OpenSSH;C:\Users\Desktop\AppData\Roaming\npm;C:\Program Files\nodejs;C:\Program Files\Git\cmd;C:\Users\Desktop\AppData\Local\Android\Sdk\platform-tools;C:\Users\Desktop\AppData\Local\Microsoft\WindowsA
USERNAME=Desktop
SHELL=C:\Program Files\Git\usr\bin\bash.exe
DISPLAY=needs-to-be-defined
OS=Windows_NT
PROCESSOR_IDENTIFIER=Intel64 Family 6 Model 58 Stepping 9, GenuineIntel



---------------  S Y S T E M  ---------------

OS: Windows 10 , 64 bit Build 19041 (10.0.19041.2546)

CPU:total 4 (initial active 4) (4 cores per cpu, 1 threads per core) family 6 model 58 stepping 9, cmov, cx8, fxsr, mmx, sse, sse2, sse3, ssse3, sse4.1, sse4.2, popcnt, avx, aes, clmul, erms, tsc, tscinvbit, tscinv

Memory: 4k page, system-wide physical 8028M (387M free)
TotalPageFile size 10076M (AvailPageFile size 5M)
current process WorkingSet (physical memory assigned to process): 10M, peak: 10M
current process commit charge ("private bytes"): 50M, peak: 51M

vm_info: Java HotSpot(TM) 64-Bit Server VM (11.0.2+9-LTS) for windows-amd64 JRE (11.0.2+9-LTS), built on Jan 18 2019 05:24:10 by "mach5one" with MS VC++ 15.5 (VS2017)

END.
